------------------------------------------------------------------------------------------------------------------------

[2015-07-21 13:35:52 #1 store] 
Database 'C:\Users\hello\Documents\NetBeansProjects\PurchaseSystem\build\web\WEB-INF\db\points.odb' is opened by 4380@Omar-Hashem

[2015-07-21 13:35:52 #2 type.registry] 
New type entity.Order

[2015-07-21 13:35:52 #3 type] 
Type entity.Order is not enhanced.

[2015-07-21 13:35:52 #4 type.registry] 
New type entity.ItemEntity

[2015-07-21 13:35:52 #5 type] 
Type entity.ItemEntity is not enhanced.

[2015-07-21 13:35:53 #6 type.registry] 
New type java.util.ArrayList<java.lang.Object>

[2015-07-21 13:35:53 #7 type.registry] 
New type java.util.ArrayList<entity.ItemEntity>

[2015-07-21 13:35:53 #8 store] 
Database 'C:\Users\hello\Documents\NetBeansProjects\PurchaseSystem\build\web\WEB-INF\db\points.odb' is closed by 4380@Omar-Hashem

[2015-07-21 13:35:55 #9 store] 
Database 'C:\Users\hello\Documents\NetBeansProjects\PurchaseSystem\build\web\WEB-INF\db\points.odb' is opened by 4380@Omar-Hashem

[2015-07-21 13:35:55 #10 type.registry] 
New type com.objectdb.o.LMT

[2015-07-21 13:35:55 #11 type.registry] 
New type com.objectdb.o.VAL

[2015-07-21 13:35:55 #12 type.registry] 
New type com.objectdb.o.RFV

[2015-07-21 13:35:55 #13 store] 
Database 'C:\Users\hello\Documents\NetBeansProjects\PurchaseSystem\build\web\WEB-INF\db\points.odb' is closed by 4380@Omar-Hashem

------------------------------------------------------------------------------------------------------------------------

[2015-07-21 14:05:11 #1 store] 
Database 'C:\Users\hello\Documents\NetBeansProjects\PurchaseSystem\build\web\WEB-INF\db\points.odb' is opened by 4380@Omar-Hashem

[2015-07-21 14:05:12 #2 type] 
Type entity.Order is not enhanced.

[2015-07-21 14:05:12 #3 type.registry] 
New type entity.Users

[2015-07-21 14:05:12 #4 type] 
Type entity.ItemEntity is not enhanced.

[2015-07-21 14:05:12 #5 type] 
Type entity.Users is not enhanced.

[2015-07-21 14:05:12 #6 store] 
Database 'C:\Users\hello\Documents\NetBeansProjects\PurchaseSystem\build\web\WEB-INF\db\points.odb' is closed by 4380@Omar-Hashem

[2015-07-21 14:05:14 #7 store] 
Database 'C:\Users\hello\Documents\NetBeansProjects\PurchaseSystem\build\web\WEB-INF\db\points.odb' is opened by 4380@Omar-Hashem

[2015-07-21 14:05:14 #8 store] 
Database 'C:\Users\hello\Documents\NetBeansProjects\PurchaseSystem\build\web\WEB-INF\db\points.odb' is closed by 4380@Omar-Hashem

[2015-07-21 14:06:30 #9 store] 
Database 'C:\Users\hello\Documents\NetBeansProjects\PurchaseSystem\build\web\WEB-INF\db\points.odb' is opened by 4380@Omar-Hashem

[2015-07-21 14:06:30 #10 store] 
Database 'C:\Users\hello\Documents\NetBeansProjects\PurchaseSystem\build\web\WEB-INF\db\points.odb' is closed by 4380@Omar-Hashem

[2015-07-21 14:06:32 #11 store] 
Database 'C:\Users\hello\Documents\NetBeansProjects\PurchaseSystem\build\web\WEB-INF\db\points.odb' is opened by 4380@Omar-Hashem

[2015-07-21 14:06:32 #12 store] 
Database 'C:\Users\hello\Documents\NetBeansProjects\PurchaseSystem\build\web\WEB-INF\db\points.odb' is closed by 4380@Omar-Hashem

[2015-07-21 14:16:13 #13 store] 
Database 'C:\Users\hello\Documents\NetBeansProjects\PurchaseSystem\build\web\WEB-INF\db\points.odb' is opened by 4380@Omar-Hashem

[2015-07-21 14:16:13 #14 store] 
Database 'C:\Users\hello\Documents\NetBeansProjects\PurchaseSystem\build\web\WEB-INF\db\points.odb' is closed by 4380@Omar-Hashem

[2015-07-21 14:18:34 #15 store] 
Database 'C:\Users\hello\Documents\NetBeansProjects\PurchaseSystem\build\web\WEB-INF\db\points.odb' is opened by 4380@Omar-Hashem

[2015-07-21 14:18:34 #16 store] 
Database 'C:\Users\hello\Documents\NetBeansProjects\PurchaseSystem\build\web\WEB-INF\db\points.odb' is closed by 4380@Omar-Hashem

[2015-07-21 14:18:36 #17 store] 
Database 'C:\Users\hello\Documents\NetBeansProjects\PurchaseSystem\build\web\WEB-INF\db\points.odb' is opened by 4380@Omar-Hashem

[2015-07-21 14:18:36 #18 store] 
Database 'C:\Users\hello\Documents\NetBeansProjects\PurchaseSystem\build\web\WEB-INF\db\points.odb' is closed by 4380@Omar-Hashem

[2015-07-21 14:19:39 #19 store] 
Database 'C:\Users\hello\Documents\NetBeansProjects\PurchaseSystem\build\web\WEB-INF\db\points.odb' is opened by 4380@Omar-Hashem

[2015-07-21 14:19:39 #20 store] 
Database 'C:\Users\hello\Documents\NetBeansProjects\PurchaseSystem\build\web\WEB-INF\db\points.odb' is closed by 4380@Omar-Hashem

[2015-07-21 14:19:40 #21 store] 
Database 'C:\Users\hello\Documents\NetBeansProjects\PurchaseSystem\build\web\WEB-INF\db\points.odb' is opened by 4380@Omar-Hashem

[2015-07-21 14:19:40 #22 store] 
Database 'C:\Users\hello\Documents\NetBeansProjects\PurchaseSystem\build\web\WEB-INF\db\points.odb' is closed by 4380@Omar-Hashem

[2015-07-21 14:20:09 #23 store] 
Database 'C:\Users\hello\Documents\NetBeansProjects\PurchaseSystem\build\web\WEB-INF\db\points.odb' is opened by 4380@Omar-Hashem

[2015-07-21 14:20:09 #24 store] 
Database 'C:\Users\hello\Documents\NetBeansProjects\PurchaseSystem\build\web\WEB-INF\db\points.odb' is closed by 4380@Omar-Hashem

[2015-07-21 14:20:10 #25 store] 
Database 'C:\Users\hello\Documents\NetBeansProjects\PurchaseSystem\build\web\WEB-INF\db\points.odb' is opened by 4380@Omar-Hashem

[2015-07-21 14:20:10 #26 store] 
Database 'C:\Users\hello\Documents\NetBeansProjects\PurchaseSystem\build\web\WEB-INF\db\points.odb' is closed by 4380@Omar-Hashem

[2015-07-21 14:23:35 #27 store] 
Database 'C:\Users\hello\Documents\NetBeansProjects\PurchaseSystem\build\web\WEB-INF\db\points.odb' is opened by 4380@Omar-Hashem

[2015-07-21 14:23:35 #28 store] 
Database 'C:\Users\hello\Documents\NetBeansProjects\PurchaseSystem\build\web\WEB-INF\db\points.odb' is closed by 4380@Omar-Hashem

[2015-07-21 14:23:36 #29 store] 
Database 'C:\Users\hello\Documents\NetBeansProjects\PurchaseSystem\build\web\WEB-INF\db\points.odb' is opened by 4380@Omar-Hashem

[2015-07-21 14:23:36 #30 store] 
Database 'C:\Users\hello\Documents\NetBeansProjects\PurchaseSystem\build\web\WEB-INF\db\points.odb' is closed by 4380@Omar-Hashem

------------------------------------------------------------------------------------------------------------------------

[2015-07-21 14:32:09 #1 store] 
Database 'C:\Users\hello\Documents\NetBeansProjects\PurchaseSystem\build\web\WEB-INF\db\points.odb' is opened by 3660@Omar-Hashem

[2015-07-21 14:32:10 #2 type.registry] 
New type entity.Order

[2015-07-21 14:32:10 #3 type] 
Type entity.Order is not enhanced.

[2015-07-21 14:32:10 #4 type.registry] 
New type entity.ItemEntity

[2015-07-21 14:32:10 #5 type.registry] 
New type entity.Users

[2015-07-21 14:32:10 #6 type] 
Type entity.ItemEntity is not enhanced.

[2015-07-21 14:32:10 #7 type] 
Type entity.Users is not enhanced.

[2015-07-21 14:32:10 #8 type.registry] 
New type java.util.ArrayList<java.lang.Object>

[2015-07-21 14:32:10 #9 type.registry] 
New type java.util.ArrayList<entity.ItemEntity>

[2015-07-21 14:32:10 #10 type.registry] 
New type com.objectdb.o.LMT

[2015-07-21 14:32:10 #11 type.registry] 
New type com.objectdb.o.VAL

[2015-07-21 14:32:10 #12 type.registry] 
New type com.objectdb.o.RFV

[2015-07-21 14:32:10 #13 store] 
Database 'C:\Users\hello\Documents\NetBeansProjects\PurchaseSystem\build\web\WEB-INF\db\points.odb' is closed by 3660@Omar-Hashem

------------------------------------------------------------------------------------------------------------------------

[2015-07-21 14:32:42 #1 store] 
Database 'C:\Users\hello\Documents\NetBeansProjects\PurchaseSystem\build\web\WEB-INF\db\points.odb' is opened by 3660@Omar-Hashem

[2015-07-21 14:32:42 #2 type.registry] 
New type entity.Order

[2015-07-21 14:32:42 #3 type] 
Type entity.Order is not enhanced.

[2015-07-21 14:32:42 #4 type.registry] 
New type entity.ItemEntity

[2015-07-21 14:32:42 #5 type.registry] 
New type entity.Users

[2015-07-21 14:32:42 #6 type] 
Type entity.ItemEntity is not enhanced.

[2015-07-21 14:32:42 #7 type] 
Type entity.Users is not enhanced.

[2015-07-21 14:32:42 #8 type.registry] 
New type java.util.ArrayList<java.lang.Object>

[2015-07-21 14:32:42 #9 type.registry] 
New type java.util.ArrayList<entity.ItemEntity>

[2015-07-21 14:32:42 #10 store] 
Database 'C:\Users\hello\Documents\NetBeansProjects\PurchaseSystem\build\web\WEB-INF\db\points.odb' is closed by 3660@Omar-Hashem

[2015-07-21 14:32:44 #11 store] 
Database 'C:\Users\hello\Documents\NetBeansProjects\PurchaseSystem\build\web\WEB-INF\db\points.odb' is opened by 3660@Omar-Hashem

[2015-07-21 14:32:44 #12 type.registry] 
New type com.objectdb.o.LMT

[2015-07-21 14:32:44 #13 type.registry] 
New type com.objectdb.o.VAL

[2015-07-21 14:32:44 #14 type.registry] 
New type com.objectdb.o.RFV

[2015-07-21 14:32:44 #15 store] 
Database 'C:\Users\hello\Documents\NetBeansProjects\PurchaseSystem\build\web\WEB-INF\db\points.odb' is closed by 3660@Omar-Hashem

[2015-07-21 14:33:03 #16 store] 
Database 'C:\Users\hello\Documents\NetBeansProjects\PurchaseSystem\build\web\WEB-INF\db\points.odb' is opened by 3660@Omar-Hashem

[2015-07-21 14:33:03 #17 store] 
Database 'C:\Users\hello\Documents\NetBeansProjects\PurchaseSystem\build\web\WEB-INF\db\points.odb' is closed by 3660@Omar-Hashem

[2015-07-21 14:33:04 #18 store] 
Database 'C:\Users\hello\Documents\NetBeansProjects\PurchaseSystem\build\web\WEB-INF\db\points.odb' is opened by 3660@Omar-Hashem

[2015-07-21 14:33:04 #19 store] 
Database 'C:\Users\hello\Documents\NetBeansProjects\PurchaseSystem\build\web\WEB-INF\db\points.odb' is closed by 3660@Omar-Hashem

------------------------------------------------------------------------------------------------------------------------

[2015-07-21 14:33:43 #1 store] 
Database 'C:\Users\hello\Documents\NetBeansProjects\PurchaseSystem\build\web\WEB-INF\db\points.odb' is opened by 3660@Omar-Hashem

[2015-07-21 14:33:43 #2 type.registry] 
New type entity.Order

[2015-07-21 14:33:43 #3 type] 
Type entity.Order is not enhanced.

[2015-07-21 14:33:43 #4 type.registry] 
New type entity.ItemEntity

[2015-07-21 14:33:43 #5 type.registry] 
New type entity.Users

[2015-07-21 14:33:43 #6 type] 
Type entity.ItemEntity is not enhanced.

[2015-07-21 14:33:43 #7 type] 
Type entity.Users is not enhanced.

[2015-07-21 14:33:43 #8 type.registry] 
New type java.util.ArrayList<java.lang.Object>

[2015-07-21 14:33:43 #9 type.registry] 
New type java.util.ArrayList<entity.ItemEntity>

[2015-07-21 14:33:43 #10 store] 
Database 'C:\Users\hello\Documents\NetBeansProjects\PurchaseSystem\build\web\WEB-INF\db\points.odb' is closed by 3660@Omar-Hashem

[2015-07-21 14:33:46 #11 store] 
Database 'C:\Users\hello\Documents\NetBeansProjects\PurchaseSystem\build\web\WEB-INF\db\points.odb' is opened by 3660@Omar-Hashem

[2015-07-21 14:33:46 #12 type.registry] 
New type com.objectdb.o.LMT

[2015-07-21 14:33:46 #13 type.registry] 
New type com.objectdb.o.VAL

[2015-07-21 14:33:46 #14 type.registry] 
New type com.objectdb.o.RFV

[2015-07-21 14:33:46 #15 store] 
Database 'C:\Users\hello\Documents\NetBeansProjects\PurchaseSystem\build\web\WEB-INF\db\points.odb' is closed by 3660@Omar-Hashem

[2015-07-21 14:38:32 #16 store] 
Database 'C:\Users\hello\Documents\NetBeansProjects\PurchaseSystem\build\web\WEB-INF\db\points.odb' is opened by 3660@Omar-Hashem

[2015-07-21 14:38:32 #17 store] 
Database 'C:\Users\hello\Documents\NetBeansProjects\PurchaseSystem\build\web\WEB-INF\db\points.odb' is closed by 3660@Omar-Hashem

------------------------------------------------------------------------------------------------------------------------

[2015-07-21 14:40:14 #1 store] 
Database 'C:\Users\hello\Documents\NetBeansProjects\PurchaseSystem\build\web\WEB-INF\db\points.odb' is opened by 3660@Omar-Hashem

[2015-07-21 14:40:15 #2 type.registry] 
New type entity.Order

[2015-07-21 14:40:15 #3 type] 
Type entity.Order is not enhanced.

[2015-07-21 14:40:15 #4 type.registry] 
New type entity.ItemEntity

[2015-07-21 14:40:15 #5 type.registry] 
New type entity.Users

[2015-07-21 14:40:15 #6 type] 
Type entity.ItemEntity is not enhanced.

[2015-07-21 14:40:15 #7 type] 
Type entity.Users is not enhanced.

[2015-07-21 14:40:15 #8 type.registry] 
New type java.util.ArrayList<java.lang.Object>

[2015-07-21 14:40:15 #9 type.registry] 
New type java.util.ArrayList<entity.ItemEntity>

[2015-07-21 14:40:15 #10 store] 
Database 'C:\Users\hello\Documents\NetBeansProjects\PurchaseSystem\build\web\WEB-INF\db\points.odb' is closed by 3660@Omar-Hashem

[2015-07-21 14:40:16 #11 store] 
Database 'C:\Users\hello\Documents\NetBeansProjects\PurchaseSystem\build\web\WEB-INF\db\points.odb' is opened by 3660@Omar-Hashem

[2015-07-21 14:40:17 #12 type.registry] 
New type com.objectdb.o.LMT

[2015-07-21 14:40:17 #13 type.registry] 
New type com.objectdb.o.VAL

[2015-07-21 14:40:17 #14 type.registry] 
New type com.objectdb.o.RFV

[2015-07-21 14:40:17 #15 store] 
Database 'C:\Users\hello\Documents\NetBeansProjects\PurchaseSystem\build\web\WEB-INF\db\points.odb' is closed by 3660@Omar-Hashem

[2015-07-21 14:42:30 #16 store] 
Database 'C:\Users\hello\Documents\NetBeansProjects\PurchaseSystem\build\web\WEB-INF\db\points.odb' is opened by 3660@Omar-Hashem

[2015-07-21 14:42:30 #17 store] 
Database 'C:\Users\hello\Documents\NetBeansProjects\PurchaseSystem\build\web\WEB-INF\db\points.odb' is closed by 3660@Omar-Hashem

[2015-07-21 14:42:31 #18 store] 
Database 'C:\Users\hello\Documents\NetBeansProjects\PurchaseSystem\build\web\WEB-INF\db\points.odb' is opened by 3660@Omar-Hashem

[2015-07-21 14:42:31 #19 store] 
Database 'C:\Users\hello\Documents\NetBeansProjects\PurchaseSystem\build\web\WEB-INF\db\points.odb' is closed by 3660@Omar-Hashem

[2015-07-21 14:43:01 #20 store] 
Database 'C:\Users\hello\Documents\NetBeansProjects\PurchaseSystem\build\web\WEB-INF\db\points.odb' is opened by 3660@Omar-Hashem

[2015-07-21 14:43:01 #21 store] 
Database 'C:\Users\hello\Documents\NetBeansProjects\PurchaseSystem\build\web\WEB-INF\db\points.odb' is closed by 3660@Omar-Hashem

[2015-07-21 14:43:02 #22 store] 
Database 'C:\Users\hello\Documents\NetBeansProjects\PurchaseSystem\build\web\WEB-INF\db\points.odb' is opened by 3660@Omar-Hashem

[2015-07-21 14:43:02 #23 store] 
Database 'C:\Users\hello\Documents\NetBeansProjects\PurchaseSystem\build\web\WEB-INF\db\points.odb' is closed by 3660@Omar-Hashem

[2015-07-21 14:45:09 #24 store] 
Database 'C:\Users\hello\Documents\NetBeansProjects\PurchaseSystem\build\web\WEB-INF\db\points.odb' is opened by 3660@Omar-Hashem

[2015-07-21 14:45:09 #25 store] 
Database 'C:\Users\hello\Documents\NetBeansProjects\PurchaseSystem\build\web\WEB-INF\db\points.odb' is closed by 3660@Omar-Hashem

[2015-07-21 14:45:11 #26 store] 
Database 'C:\Users\hello\Documents\NetBeansProjects\PurchaseSystem\build\web\WEB-INF\db\points.odb' is opened by 3660@Omar-Hashem

[2015-07-21 14:45:11 #27 store] 
Database 'C:\Users\hello\Documents\NetBeansProjects\PurchaseSystem\build\web\WEB-INF\db\points.odb' is closed by 3660@Omar-Hashem

[2015-07-21 14:47:54 #28 store] 
Database 'C:\Users\hello\Documents\NetBeansProjects\PurchaseSystem\build\web\WEB-INF\db\points.odb' is opened by 3660@Omar-Hashem

[2015-07-21 14:47:54 #29 store] 
Database 'C:\Users\hello\Documents\NetBeansProjects\PurchaseSystem\build\web\WEB-INF\db\points.odb' is closed by 3660@Omar-Hashem

[2015-07-21 14:47:55 #30 store] 
Database 'C:\Users\hello\Documents\NetBeansProjects\PurchaseSystem\build\web\WEB-INF\db\points.odb' is opened by 3660@Omar-Hashem

[2015-07-21 14:47:55 #31 store] 
Database 'C:\Users\hello\Documents\NetBeansProjects\PurchaseSystem\build\web\WEB-INF\db\points.odb' is closed by 3660@Omar-Hashem

------------------------------------------------------------------------------------------------------------------------

[2015-07-21 14:58:39 #1 store] 
Database 'C:\Users\hello\Documents\NetBeansProjects\PurchaseSystem\build\web\WEB-INF\db\points.odb' is opened by 3660@Omar-Hashem

[2015-07-21 14:58:39 #2 type] 
Type entity.Order is not enhanced.

[2015-07-21 14:58:39 #3 type] 
Type entity.ItemEntity is not enhanced.

[2015-07-21 14:58:39 #4 type] 
Type entity.Users is not enhanced.

[2015-07-21 14:58:39 #5 store] 
Database 'C:\Users\hello\Documents\NetBeansProjects\PurchaseSystem\build\web\WEB-INF\db\points.odb' is closed by 3660@Omar-Hashem

[2015-07-21 14:58:41 #6 store] 
Database 'C:\Users\hello\Documents\NetBeansProjects\PurchaseSystem\build\web\WEB-INF\db\points.odb' is opened by 3660@Omar-Hashem

[2015-07-21 14:58:41 #7 store] 
Database 'C:\Users\hello\Documents\NetBeansProjects\PurchaseSystem\build\web\WEB-INF\db\points.odb' is closed by 3660@Omar-Hashem

------------------------------------------------------------------------------------------------------------------------

[2015-07-21 15:00:16 #1 store] 
Database 'C:\Users\hello\Documents\NetBeansProjects\PurchaseSystem\build\web\WEB-INF\db\points.odb' is opened by 3660@Omar-Hashem

[2015-07-21 15:00:17 #2 type] 
Type entity.Order is not enhanced.

[2015-07-21 15:00:17 #3 type] 
Type entity.ItemEntity is not enhanced.

[2015-07-21 15:00:17 #4 type] 
Type entity.Users is not enhanced.

[2015-07-21 15:00:17 #5 store] 
Database 'C:\Users\hello\Documents\NetBeansProjects\PurchaseSystem\build\web\WEB-INF\db\points.odb' is closed by 3660@Omar-Hashem

[2015-07-21 15:00:18 #6 store] 
Database 'C:\Users\hello\Documents\NetBeansProjects\PurchaseSystem\build\web\WEB-INF\db\points.odb' is opened by 3660@Omar-Hashem

[2015-07-21 15:00:18 #7 store] 
Database 'C:\Users\hello\Documents\NetBeansProjects\PurchaseSystem\build\web\WEB-INF\db\points.odb' is closed by 3660@Omar-Hashem

------------------------------------------------------------------------------------------------------------------------

[2015-07-21 15:02:19 #1 store] 
Database 'C:\Users\hello\Documents\NetBeansProjects\PurchaseSystem\build\web\WEB-INF\db\points.odb' is opened by 3660@Omar-Hashem

[2015-07-21 15:02:20 #2 type] 
Type entity.Order is not enhanced.

[2015-07-21 15:02:20 #3 type] 
Type entity.ItemEntity is not enhanced.

[2015-07-21 15:02:20 #4 type] 
Type entity.Users is not enhanced.

[2015-07-21 15:02:20 #5 store] 
Database 'C:\Users\hello\Documents\NetBeansProjects\PurchaseSystem\build\web\WEB-INF\db\points.odb' is closed by 3660@Omar-Hashem

[2015-07-21 15:02:46 #6 store] 
Database 'C:\Users\hello\Documents\NetBeansProjects\PurchaseSystem\build\web\WEB-INF\db\points.odb' is opened by 3660@Omar-Hashem

[2015-07-21 15:02:46 #7 store] 
Database 'C:\Users\hello\Documents\NetBeansProjects\PurchaseSystem\build\web\WEB-INF\db\points.odb' is closed by 3660@Omar-Hashem

[2015-07-21 15:02:47 #8 store] 
Database 'C:\Users\hello\Documents\NetBeansProjects\PurchaseSystem\build\web\WEB-INF\db\points.odb' is opened by 3660@Omar-Hashem

[2015-07-21 15:02:47 #9 store] 
Database 'C:\Users\hello\Documents\NetBeansProjects\PurchaseSystem\build\web\WEB-INF\db\points.odb' is closed by 3660@Omar-Hashem

[2015-07-21 15:04:28 #10 store] 
Database 'C:\Users\hello\Documents\NetBeansProjects\PurchaseSystem\build\web\WEB-INF\db\points.odb' is opened by 3660@Omar-Hashem

[2015-07-21 15:04:28 #11 store] 
Database 'C:\Users\hello\Documents\NetBeansProjects\PurchaseSystem\build\web\WEB-INF\db\points.odb' is closed by 3660@Omar-Hashem

[2015-07-21 15:04:29 #12 store] 
Database 'C:\Users\hello\Documents\NetBeansProjects\PurchaseSystem\build\web\WEB-INF\db\points.odb' is opened by 3660@Omar-Hashem

[2015-07-21 15:04:29 #13 store] 
Database 'C:\Users\hello\Documents\NetBeansProjects\PurchaseSystem\build\web\WEB-INF\db\points.odb' is closed by 3660@Omar-Hashem

------------------------------------------------------------------------------------------------------------------------

[2015-07-21 15:53:57 #1 store] 
Database 'C:\Users\hello\Documents\NetBeansProjects\PurchaseSystem\build\web\WEB-INF\db\points.odb' is opened by 5100@Omar-Hashem

[2015-07-21 15:53:57 #2 type] 
Type entity.Order is not enhanced.

[2015-07-21 15:53:57 #3 type] 
Type entity.ItemEntity is not enhanced.

[2015-07-21 15:53:57 #4 type] 
Type entity.Users is not enhanced.

[2015-07-21 15:53:58 #5 store] 
Database 'C:\Users\hello\Documents\NetBeansProjects\PurchaseSystem\build\web\WEB-INF\db\points.odb' is closed by 5100@Omar-Hashem

[2015-07-21 15:53:59 #6 store] 
Database 'C:\Users\hello\Documents\NetBeansProjects\PurchaseSystem\build\web\WEB-INF\db\points.odb' is opened by 5100@Omar-Hashem

[2015-07-21 15:53:59 #7 store] 
Database 'C:\Users\hello\Documents\NetBeansProjects\PurchaseSystem\build\web\WEB-INF\db\points.odb' is closed by 5100@Omar-Hashem

------------------------------------------------------------------------------------------------------------------------

[2015-07-21 15:59:12 #1 store] 
Database 'C:\Users\hello\Documents\NetBeansProjects\PurchaseSystem\build\web\WEB-INF\db\points.odb' is opened by 5100@Omar-Hashem

[2015-07-21 15:59:12 #2 type.registry] 
New type entity.Order

[2015-07-21 15:59:12 #3 type] 
Type entity.Order is not enhanced.

[2015-07-21 15:59:12 #4 type.registry] 
New type entity.ItemEntity

[2015-07-21 15:59:12 #5 type.registry] 
New type entity.Users

[2015-07-21 15:59:12 #6 type] 
Type entity.ItemEntity is not enhanced.

[2015-07-21 15:59:12 #7 type] 
Type entity.Users is not enhanced.

[2015-07-21 15:59:12 #8 type.registry] 
New type java.util.ArrayList<java.lang.Object>

[2015-07-21 15:59:12 #9 type.registry] 
New type java.util.ArrayList<entity.ItemEntity>

[2015-07-21 15:59:12 #10 store] 
Database 'C:\Users\hello\Documents\NetBeansProjects\PurchaseSystem\build\web\WEB-INF\db\points.odb' is closed by 5100@Omar-Hashem

[2015-07-21 15:59:15 #11 store] 
Database 'C:\Users\hello\Documents\NetBeansProjects\PurchaseSystem\build\web\WEB-INF\db\points.odb' is opened by 5100@Omar-Hashem

[2015-07-21 15:59:15 #12 type.registry] 
New type com.objectdb.o.LMT

[2015-07-21 15:59:15 #13 type.registry] 
New type com.objectdb.o.VAL

[2015-07-21 15:59:15 #14 type.registry] 
New type com.objectdb.o.RFV

[2015-07-21 15:59:15 #15 store] 
Database 'C:\Users\hello\Documents\NetBeansProjects\PurchaseSystem\build\web\WEB-INF\db\points.odb' is closed by 5100@Omar-Hashem

[2015-07-21 15:59:45 #16 store] 
Database 'C:\Users\hello\Documents\NetBeansProjects\PurchaseSystem\build\web\WEB-INF\db\points.odb' is opened by 5100@Omar-Hashem

[2015-07-21 15:59:45 #17 store] 
Database 'C:\Users\hello\Documents\NetBeansProjects\PurchaseSystem\build\web\WEB-INF\db\points.odb' is closed by 5100@Omar-Hashem

[2015-07-21 15:59:46 #18 store] 
Database 'C:\Users\hello\Documents\NetBeansProjects\PurchaseSystem\build\web\WEB-INF\db\points.odb' is opened by 5100@Omar-Hashem

[2015-07-21 15:59:46 #19 store] 
Database 'C:\Users\hello\Documents\NetBeansProjects\PurchaseSystem\build\web\WEB-INF\db\points.odb' is closed by 5100@Omar-Hashem

------------------------------------------------------------------------------------------------------------------------

[2015-07-21 16:03:29 #1 store] 
Database 'C:\Users\hello\Documents\NetBeansProjects\PurchaseSystem\build\web\WEB-INF\db\points.odb' is opened by 5100@Omar-Hashem

[2015-07-21 16:03:29 #2 type] 
Type entity.Order is not enhanced.

[2015-07-21 16:03:29 #3 type] 
Type entity.ItemEntity is not enhanced.

[2015-07-21 16:03:29 #4 type] 
Type entity.Users is not enhanced.

[2015-07-21 16:03:29 #5 store] 
Database 'C:\Users\hello\Documents\NetBeansProjects\PurchaseSystem\build\web\WEB-INF\db\points.odb' is closed by 5100@Omar-Hashem

[2015-07-21 16:03:30 #6 store] 
Database 'C:\Users\hello\Documents\NetBeansProjects\PurchaseSystem\build\web\WEB-INF\db\points.odb' is opened by 5100@Omar-Hashem

[2015-07-21 16:03:31 #7 store] 
Database 'C:\Users\hello\Documents\NetBeansProjects\PurchaseSystem\build\web\WEB-INF\db\points.odb' is closed by 5100@Omar-Hashem

------------------------------------------------------------------------------------------------------------------------

[2015-07-21 16:07:27 #1 store] 
Database 'C:\Users\hello\Documents\NetBeansProjects\PurchaseSystem\build\web\WEB-INF\db\points.odb' is opened by 5100@Omar-Hashem

[2015-07-21 16:07:27 #2 type] 
Type entity.Order is not enhanced.

[2015-07-21 16:07:27 #3 type] 
Type entity.ItemEntity is not enhanced.

[2015-07-21 16:07:27 #4 type] 
Type entity.Users is not enhanced.

[2015-07-21 16:07:27 #5 store] 
Database 'C:\Users\hello\Documents\NetBeansProjects\PurchaseSystem\build\web\WEB-INF\db\points.odb' is closed by 5100@Omar-Hashem

[2015-07-21 16:07:30 #6 store] 
Database 'C:\Users\hello\Documents\NetBeansProjects\PurchaseSystem\build\web\WEB-INF\db\points.odb' is opened by 5100@Omar-Hashem

[2015-07-21 16:07:30 #7 store] 
Database 'C:\Users\hello\Documents\NetBeansProjects\PurchaseSystem\build\web\WEB-INF\db\points.odb' is closed by 5100@Omar-Hashem

[2015-07-21 16:08:02 #8 store] 
Database 'C:\Users\hello\Documents\NetBeansProjects\PurchaseSystem\build\web\WEB-INF\db\points.odb' is opened by 5100@Omar-Hashem

[2015-07-21 16:08:02 #9 store] 
Database 'C:\Users\hello\Documents\NetBeansProjects\PurchaseSystem\build\web\WEB-INF\db\points.odb' is closed by 5100@Omar-Hashem

------------------------------------------------------------------------------------------------------------------------

[2015-07-21 16:08:35 #1 store] 
Database 'C:\Users\hello\Documents\NetBeansProjects\PurchaseSystem\build\web\WEB-INF\db\points.odb' is opened by 5100@Omar-Hashem

[2015-07-21 16:08:35 #2 type] 
Type entity.Order is not enhanced.

[2015-07-21 16:08:35 #3 type] 
Type entity.ItemEntity is not enhanced.

[2015-07-21 16:08:35 #4 type] 
Type entity.Users is not enhanced.

[2015-07-21 16:08:35 #5 store] 
Database 'C:\Users\hello\Documents\NetBeansProjects\PurchaseSystem\build\web\WEB-INF\db\points.odb' is closed by 5100@Omar-Hashem

------------------------------------------------------------------------------------------------------------------------

[2015-07-21 20:42:15 #1 store] 
Database 'C:\Users\hello\Documents\NetBeansProjects\PurchaseSystem\build\web\WEB-INF\db\points.odb' is opened by 3580@Omar-Hashem

[2015-07-21 20:42:15 #2 type] 
Type entity.Order is not enhanced.

[2015-07-21 20:42:15 #3 type] 
Type entity.ItemEntity is not enhanced.

[2015-07-21 20:42:15 #4 type] 
Type entity.Users is not enhanced.

[2015-07-21 20:42:15 #5 store] 
Database 'C:\Users\hello\Documents\NetBeansProjects\PurchaseSystem\build\web\WEB-INF\db\points.odb' is closed by 3580@Omar-Hashem

[2015-07-21 20:42:17 #6 store] 
Database 'C:\Users\hello\Documents\NetBeansProjects\PurchaseSystem\build\web\WEB-INF\db\points.odb' is opened by 3580@Omar-Hashem

[2015-07-21 20:42:18 #7 store] 
Database 'C:\Users\hello\Documents\NetBeansProjects\PurchaseSystem\build\web\WEB-INF\db\points.odb' is closed by 3580@Omar-Hashem

[2015-07-21 20:45:55 #8 store] 
Database 'C:\Users\hello\Documents\NetBeansProjects\PurchaseSystem\build\web\WEB-INF\db\points.odb' is opened by 3580@Omar-Hashem

[2015-07-21 20:45:55 #9 store] 
Database 'C:\Users\hello\Documents\NetBeansProjects\PurchaseSystem\build\web\WEB-INF\db\points.odb' is closed by 3580@Omar-Hashem

[2015-07-21 20:45:57 #10 store] 
Database 'C:\Users\hello\Documents\NetBeansProjects\PurchaseSystem\build\web\WEB-INF\db\points.odb' is opened by 3580@Omar-Hashem

[2015-07-21 20:45:57 #11 store] 
Database 'C:\Users\hello\Documents\NetBeansProjects\PurchaseSystem\build\web\WEB-INF\db\points.odb' is closed by 3580@Omar-Hashem

