------------------------------------------------------------------------------------------------------------------------

[2015-07-22 09:59:47 #1 store] 
Database 'C:\Users\hello\Documents\NetBeansProjects\PurchaseSystem\build\web\WEB-INF\db\points.odb' is opened by 3884@Omar-Hashem

[2015-07-22 09:59:47 #2 type] 
Type entity.Order is not enhanced.

[2015-07-22 09:59:47 #3 type] 
Type entity.ItemEntity is not enhanced.

[2015-07-22 09:59:47 #4 type] 
Type entity.Users is not enhanced.

[2015-07-22 09:59:47 #5 store] 
Database 'C:\Users\hello\Documents\NetBeansProjects\PurchaseSystem\build\web\WEB-INF\db\points.odb' is closed by 3884@Omar-Hashem

[2015-07-22 09:59:49 #6 store] 
Database 'C:\Users\hello\Documents\NetBeansProjects\PurchaseSystem\build\web\WEB-INF\db\points.odb' is opened by 3884@Omar-Hashem

[2015-07-22 09:59:50 #7 store] 
Database 'C:\Users\hello\Documents\NetBeansProjects\PurchaseSystem\build\web\WEB-INF\db\points.odb' is closed by 3884@Omar-Hashem

[2015-07-22 10:11:48 #8 store] 
Database 'C:\Users\hello\Documents\NetBeansProjects\PurchaseSystem\build\web\WEB-INF\db\points.odb' is opened by 3884@Omar-Hashem

[2015-07-22 10:11:48 #9 store] 
Database 'C:\Users\hello\Documents\NetBeansProjects\PurchaseSystem\build\web\WEB-INF\db\points.odb' is closed by 3884@Omar-Hashem

[2015-07-22 10:11:50 #10 store] 
Database 'C:\Users\hello\Documents\NetBeansProjects\PurchaseSystem\build\web\WEB-INF\db\points.odb' is opened by 3884@Omar-Hashem

[2015-07-22 10:11:50 #11 store] 
Database 'C:\Users\hello\Documents\NetBeansProjects\PurchaseSystem\build\web\WEB-INF\db\points.odb' is closed by 3884@Omar-Hashem

------------------------------------------------------------------------------------------------------------------------

[2015-07-22 10:13:13 #1 store] 
Database 'C:\Users\hello\Documents\NetBeansProjects\PurchaseSystem\build\web\WEB-INF\db\points.odb' is opened by 3884@Omar-Hashem

[2015-07-22 10:13:13 #2 type] 
Type entity.Order is not enhanced.

[2015-07-22 10:13:13 #3 type] 
Type entity.ItemEntity is not enhanced.

[2015-07-22 10:13:13 #4 type] 
Type entity.Users is not enhanced.

[2015-07-22 10:13:14 #5 store] 
Database 'C:\Users\hello\Documents\NetBeansProjects\PurchaseSystem\build\web\WEB-INF\db\points.odb' is closed by 3884@Omar-Hashem

[2015-07-22 10:13:18 #6 store] 
Database 'C:\Users\hello\Documents\NetBeansProjects\PurchaseSystem\build\web\WEB-INF\db\points.odb' is opened by 3884@Omar-Hashem

[2015-07-22 10:13:18 #7 store] 
Database 'C:\Users\hello\Documents\NetBeansProjects\PurchaseSystem\build\web\WEB-INF\db\points.odb' is closed by 3884@Omar-Hashem

[2015-07-22 10:14:44 #8 store] 
Database 'C:\Users\hello\Documents\NetBeansProjects\PurchaseSystem\build\web\WEB-INF\db\points.odb' is opened by 3884@Omar-Hashem

[2015-07-22 10:14:44 #9 store] 
Database 'C:\Users\hello\Documents\NetBeansProjects\PurchaseSystem\build\web\WEB-INF\db\points.odb' is closed by 3884@Omar-Hashem

[2015-07-22 10:14:46 #10 store] 
Database 'C:\Users\hello\Documents\NetBeansProjects\PurchaseSystem\build\web\WEB-INF\db\points.odb' is opened by 3884@Omar-Hashem

[2015-07-22 10:14:46 #11 store] 
Database 'C:\Users\hello\Documents\NetBeansProjects\PurchaseSystem\build\web\WEB-INF\db\points.odb' is closed by 3884@Omar-Hashem

[2015-07-22 10:15:08 #12 store] 
Database 'C:\Users\hello\Documents\NetBeansProjects\PurchaseSystem\build\web\WEB-INF\db\points.odb' is opened by 3884@Omar-Hashem

[2015-07-22 10:15:08 #13 store] 
Database 'C:\Users\hello\Documents\NetBeansProjects\PurchaseSystem\build\web\WEB-INF\db\points.odb' is closed by 3884@Omar-Hashem

[2015-07-22 10:15:09 #14 store] 
Database 'C:\Users\hello\Documents\NetBeansProjects\PurchaseSystem\build\web\WEB-INF\db\points.odb' is opened by 3884@Omar-Hashem

[2015-07-22 10:15:09 #15 store] 
Database 'C:\Users\hello\Documents\NetBeansProjects\PurchaseSystem\build\web\WEB-INF\db\points.odb' is closed by 3884@Omar-Hashem

------------------------------------------------------------------------------------------------------------------------

[2015-07-22 10:20:22 #1 store] 
Database 'C:\Users\hello\Documents\NetBeansProjects\PurchaseSystem\build\web\WEB-INF\db\points.odb' is opened by 3884@Omar-Hashem

[2015-07-22 10:20:22 #2 type] 
Type entity.Order is not enhanced.

[2015-07-22 10:20:22 #3 type] 
Type entity.ItemEntity is not enhanced.

[2015-07-22 10:20:22 #4 type] 
Type entity.Users is not enhanced.

[2015-07-22 10:20:23 #5 store] 
Database 'C:\Users\hello\Documents\NetBeansProjects\PurchaseSystem\build\web\WEB-INF\db\points.odb' is closed by 3884@Omar-Hashem

[2015-07-22 10:21:38 #6 store] 
Database 'C:\Users\hello\Documents\NetBeansProjects\PurchaseSystem\build\web\WEB-INF\db\points.odb' is opened by 3884@Omar-Hashem

[2015-07-22 10:21:38 #7 store] 
Database 'C:\Users\hello\Documents\NetBeansProjects\PurchaseSystem\build\web\WEB-INF\db\points.odb' is closed by 3884@Omar-Hashem

[2015-07-22 10:21:40 #8 store] 
Database 'C:\Users\hello\Documents\NetBeansProjects\PurchaseSystem\build\web\WEB-INF\db\points.odb' is opened by 3884@Omar-Hashem

[2015-07-22 10:21:41 #9 store] 
Database 'C:\Users\hello\Documents\NetBeansProjects\PurchaseSystem\build\web\WEB-INF\db\points.odb' is closed by 3884@Omar-Hashem

[2015-07-22 10:22:52 #10 store] 
Database 'C:\Users\hello\Documents\NetBeansProjects\PurchaseSystem\build\web\WEB-INF\db\points.odb' is opened by 3884@Omar-Hashem

[2015-07-22 10:22:52 #11 store] 
Database 'C:\Users\hello\Documents\NetBeansProjects\PurchaseSystem\build\web\WEB-INF\db\points.odb' is closed by 3884@Omar-Hashem

[2015-07-22 10:23:48 #12 store] 
Database 'C:\Users\hello\Documents\NetBeansProjects\PurchaseSystem\build\web\WEB-INF\db\points.odb' is opened by 3884@Omar-Hashem

[2015-07-22 10:23:48 #13 store] 
Database 'C:\Users\hello\Documents\NetBeansProjects\PurchaseSystem\build\web\WEB-INF\db\points.odb' is closed by 3884@Omar-Hashem

[2015-07-22 10:23:50 #14 store] 
Database 'C:\Users\hello\Documents\NetBeansProjects\PurchaseSystem\build\web\WEB-INF\db\points.odb' is opened by 3884@Omar-Hashem

[2015-07-22 10:23:50 #15 store] 
Database 'C:\Users\hello\Documents\NetBeansProjects\PurchaseSystem\build\web\WEB-INF\db\points.odb' is closed by 3884@Omar-Hashem

------------------------------------------------------------------------------------------------------------------------

[2015-07-22 10:25:43 #1 store] 
Database 'C:\Users\hello\Documents\NetBeansProjects\PurchaseSystem\build\web\WEB-INF\db\points.odb' is opened by 3884@Omar-Hashem

[2015-07-22 10:25:44 #2 type] 
Type entity.Order is not enhanced.

[2015-07-22 10:25:44 #3 type] 
Type entity.ItemEntity is not enhanced.

[2015-07-22 10:25:44 #4 type] 
Type entity.Users is not enhanced.

[2015-07-22 10:25:44 #5 store] 
Database 'C:\Users\hello\Documents\NetBeansProjects\PurchaseSystem\build\web\WEB-INF\db\points.odb' is closed by 3884@Omar-Hashem

[2015-07-22 10:25:46 #6 store] 
Database 'C:\Users\hello\Documents\NetBeansProjects\PurchaseSystem\build\web\WEB-INF\db\points.odb' is opened by 3884@Omar-Hashem

[2015-07-22 10:25:47 #7 store] 
Database 'C:\Users\hello\Documents\NetBeansProjects\PurchaseSystem\build\web\WEB-INF\db\points.odb' is closed by 3884@Omar-Hashem

------------------------------------------------------------------------------------------------------------------------

[2015-07-22 10:28:13 #1 store] 
Database 'C:\Users\hello\Documents\NetBeansProjects\PurchaseSystem\build\web\WEB-INF\db\points.odb' is opened by 3884@Omar-Hashem

[2015-07-22 10:28:13 #2 type] 
Type entity.Order is not enhanced.

[2015-07-22 10:28:13 #3 type] 
Type entity.ItemEntity is not enhanced.

[2015-07-22 10:28:13 #4 type] 
Type entity.Users is not enhanced.

[2015-07-22 10:28:13 #5 store] 
Database 'C:\Users\hello\Documents\NetBeansProjects\PurchaseSystem\build\web\WEB-INF\db\points.odb' is closed by 3884@Omar-Hashem

[2015-07-22 10:28:16 #6 store] 
Database 'C:\Users\hello\Documents\NetBeansProjects\PurchaseSystem\build\web\WEB-INF\db\points.odb' is opened by 3884@Omar-Hashem

[2015-07-22 10:28:17 #7 store] 
Database 'C:\Users\hello\Documents\NetBeansProjects\PurchaseSystem\build\web\WEB-INF\db\points.odb' is closed by 3884@Omar-Hashem

------------------------------------------------------------------------------------------------------------------------

[2015-07-22 10:32:47 #1 store] 
Database 'C:\Users\hello\Documents\NetBeansProjects\PurchaseSystem\build\web\WEB-INF\db\points.odb' is opened by 3884@Omar-Hashem

[2015-07-22 10:32:47 #2 type] 
Type entity.Order is not enhanced.

[2015-07-22 10:32:47 #3 type] 
Type entity.ItemEntity is not enhanced.

[2015-07-22 10:32:47 #4 type] 
Type entity.Users is not enhanced.

[2015-07-22 10:32:47 #5 store] 
Database 'C:\Users\hello\Documents\NetBeansProjects\PurchaseSystem\build\web\WEB-INF\db\points.odb' is closed by 3884@Omar-Hashem

[2015-07-22 10:32:49 #6 store] 
Database 'C:\Users\hello\Documents\NetBeansProjects\PurchaseSystem\build\web\WEB-INF\db\points.odb' is opened by 3884@Omar-Hashem

[2015-07-22 10:32:49 #7 store] 
Database 'C:\Users\hello\Documents\NetBeansProjects\PurchaseSystem\build\web\WEB-INF\db\points.odb' is closed by 3884@Omar-Hashem

------------------------------------------------------------------------------------------------------------------------

[2015-07-22 11:14:15 #1 store] 
Database 'C:\Users\hello\Documents\NetBeansProjects\PurchaseSystem\build\web\WEB-INF\db\points.odb' is opened by 3884@Omar-Hashem

[2015-07-22 11:14:15 #2 type] 
Type entity.Order is not enhanced.

[2015-07-22 11:14:15 #3 type] 
Type entity.ItemEntity is not enhanced.

[2015-07-22 11:14:15 #4 type] 
Type entity.Users is not enhanced.

[2015-07-22 11:14:16 #5 store] 
Database 'C:\Users\hello\Documents\NetBeansProjects\PurchaseSystem\build\web\WEB-INF\db\points.odb' is closed by 3884@Omar-Hashem

[2015-07-22 11:14:18 #6 store] 
Database 'C:\Users\hello\Documents\NetBeansProjects\PurchaseSystem\build\web\WEB-INF\db\points.odb' is opened by 3884@Omar-Hashem

[2015-07-22 11:14:18 #7 store] 
Database 'C:\Users\hello\Documents\NetBeansProjects\PurchaseSystem\build\web\WEB-INF\db\points.odb' is closed by 3884@Omar-Hashem

------------------------------------------------------------------------------------------------------------------------

[2015-07-22 11:15:41 #1 store] 
Database 'C:\Users\hello\Documents\NetBeansProjects\PurchaseSystem\build\web\WEB-INF\db\points.odb' is opened by 3884@Omar-Hashem

[2015-07-22 11:15:41 #2 type] 
Type entity.Order is not enhanced.

[2015-07-22 11:15:41 #3 type] 
Type entity.ItemEntity is not enhanced.

[2015-07-22 11:15:41 #4 type] 
Type entity.Users is not enhanced.

[2015-07-22 11:15:42 #5 store] 
Database 'C:\Users\hello\Documents\NetBeansProjects\PurchaseSystem\build\web\WEB-INF\db\points.odb' is closed by 3884@Omar-Hashem

[2015-07-22 11:15:44 #6 store] 
Database 'C:\Users\hello\Documents\NetBeansProjects\PurchaseSystem\build\web\WEB-INF\db\points.odb' is opened by 3884@Omar-Hashem

[2015-07-22 11:15:44 #7 store] 
Database 'C:\Users\hello\Documents\NetBeansProjects\PurchaseSystem\build\web\WEB-INF\db\points.odb' is closed by 3884@Omar-Hashem

------------------------------------------------------------------------------------------------------------------------

[2015-07-22 11:17:24 #1 store] 
Database 'C:\Users\hello\Documents\NetBeansProjects\PurchaseSystem\build\web\WEB-INF\db\points.odb' is opened by 3884@Omar-Hashem

[2015-07-22 11:17:24 #2 type] 
Type entity.Order is not enhanced.

[2015-07-22 11:17:24 #3 type] 
Type entity.ItemEntity is not enhanced.

[2015-07-22 11:17:24 #4 type] 
Type entity.Users is not enhanced.

[2015-07-22 11:17:25 #5 store] 
Database 'C:\Users\hello\Documents\NetBeansProjects\PurchaseSystem\build\web\WEB-INF\db\points.odb' is closed by 3884@Omar-Hashem

[2015-07-22 11:17:32 #6 store] 
Database 'C:\Users\hello\Documents\NetBeansProjects\PurchaseSystem\build\web\WEB-INF\db\points.odb' is opened by 3884@Omar-Hashem

[2015-07-22 11:17:32 #7 store] 
Database 'C:\Users\hello\Documents\NetBeansProjects\PurchaseSystem\build\web\WEB-INF\db\points.odb' is closed by 3884@Omar-Hashem

------------------------------------------------------------------------------------------------------------------------

[2015-07-22 11:18:45 #1 store] 
Database 'C:\Users\hello\Documents\NetBeansProjects\PurchaseSystem\build\web\WEB-INF\db\points.odb' is opened by 3884@Omar-Hashem

[2015-07-22 11:18:46 #2 type] 
Type entity.Order is not enhanced.

[2015-07-22 11:18:46 #3 type] 
Type entity.ItemEntity is not enhanced.

[2015-07-22 11:18:46 #4 type] 
Type entity.Users is not enhanced.

[2015-07-22 11:18:46 #5 store] 
Database 'C:\Users\hello\Documents\NetBeansProjects\PurchaseSystem\build\web\WEB-INF\db\points.odb' is closed by 3884@Omar-Hashem

[2015-07-22 11:18:47 #6 store] 
Database 'C:\Users\hello\Documents\NetBeansProjects\PurchaseSystem\build\web\WEB-INF\db\points.odb' is opened by 3884@Omar-Hashem

[2015-07-22 11:18:47 #7 store] 
Database 'C:\Users\hello\Documents\NetBeansProjects\PurchaseSystem\build\web\WEB-INF\db\points.odb' is closed by 3884@Omar-Hashem

[2015-07-22 11:19:10 #8 store] 
Database 'C:\Users\hello\Documents\NetBeansProjects\PurchaseSystem\build\web\WEB-INF\db\points.odb' is opened by 3884@Omar-Hashem

[2015-07-22 11:19:10 #9 store] 
Database 'C:\Users\hello\Documents\NetBeansProjects\PurchaseSystem\build\web\WEB-INF\db\points.odb' is closed by 3884@Omar-Hashem

------------------------------------------------------------------------------------------------------------------------

[2015-07-22 11:22:59 #1 store] 
Database 'C:\Users\hello\Documents\NetBeansProjects\PurchaseSystem\build\web\WEB-INF\db\points.odb' is opened by 3884@Omar-Hashem

[2015-07-22 11:22:59 #2 type] 
Type entity.Order is not enhanced.

[2015-07-22 11:22:59 #3 type] 
Type entity.ItemEntity is not enhanced.

[2015-07-22 11:22:59 #4 type] 
Type entity.Users is not enhanced.

[2015-07-22 11:23:00 #5 store] 
Database 'C:\Users\hello\Documents\NetBeansProjects\PurchaseSystem\build\web\WEB-INF\db\points.odb' is closed by 3884@Omar-Hashem

[2015-07-22 11:23:02 #6 store] 
Database 'C:\Users\hello\Documents\NetBeansProjects\PurchaseSystem\build\web\WEB-INF\db\points.odb' is opened by 3884@Omar-Hashem

[2015-07-22 11:23:02 #7 store] 
Database 'C:\Users\hello\Documents\NetBeansProjects\PurchaseSystem\build\web\WEB-INF\db\points.odb' is closed by 3884@Omar-Hashem

[2015-07-22 11:24:05 #8 store] 
Database 'C:\Users\hello\Documents\NetBeansProjects\PurchaseSystem\build\web\WEB-INF\db\points.odb' is opened by 3884@Omar-Hashem

[2015-07-22 11:24:05 #9 store] 
Database 'C:\Users\hello\Documents\NetBeansProjects\PurchaseSystem\build\web\WEB-INF\db\points.odb' is closed by 3884@Omar-Hashem

[2015-07-22 11:24:07 #10 store] 
Database 'C:\Users\hello\Documents\NetBeansProjects\PurchaseSystem\build\web\WEB-INF\db\points.odb' is opened by 3884@Omar-Hashem

[2015-07-22 11:24:07 #11 store] 
Database 'C:\Users\hello\Documents\NetBeansProjects\PurchaseSystem\build\web\WEB-INF\db\points.odb' is closed by 3884@Omar-Hashem

------------------------------------------------------------------------------------------------------------------------

[2015-07-22 11:34:48 #1 store] 
Database 'C:\Users\hello\Documents\NetBeansProjects\PurchaseSystem\build\web\WEB-INF\db\points.odb' is opened by 3884@Omar-Hashem

------------------------------------------------------------------------------------------------------------------------

[2015-07-22 11:38:52 #1 store] 
Database 'C:\Users\hello\Documents\NetBeansProjects\PurchaseSystem\build\web\WEB-INF\db\points.odb' has been recovered (tr. 1-2)

[2015-07-22 11:38:52 #2 store] 
Database 'C:\Users\hello\Documents\NetBeansProjects\PurchaseSystem\build\web\WEB-INF\db\points.odb' is opened by 2184@Omar-Hashem

[2015-07-22 11:38:52 #3 type.registry] 
New type entity.Order

[2015-07-22 11:38:52 #4 type] 
Type entity.Order is not enhanced.

[2015-07-22 11:38:52 #5 type.registry] 
New type entity.ItemEntity

[2015-07-22 11:38:52 #6 type.registry] 
New type entity.Users

[2015-07-22 11:38:52 #7 type] 
Type entity.ItemEntity is not enhanced.

[2015-07-22 11:38:52 #8 type] 
Type entity.Users is not enhanced.

[2015-07-22 11:38:53 #9 type.registry] 
New type java.util.ArrayList<java.lang.Object>

[2015-07-22 11:38:53 #10 type.registry] 
New type java.util.ArrayList<entity.ItemEntity>

[2015-07-22 11:38:53 #11 store] 
Database 'C:\Users\hello\Documents\NetBeansProjects\PurchaseSystem\build\web\WEB-INF\db\points.odb' is closed by 2184@Omar-Hashem

[2015-07-22 11:38:55 #12 store] 
Database 'C:\Users\hello\Documents\NetBeansProjects\PurchaseSystem\build\web\WEB-INF\db\points.odb' is opened by 2184@Omar-Hashem

[2015-07-22 11:38:55 #13 type.registry] 
New type com.objectdb.o.LMT

[2015-07-22 11:38:55 #14 type.registry] 
New type com.objectdb.o.VAL

[2015-07-22 11:38:55 #15 type.registry] 
New type com.objectdb.o.RFV

[2015-07-22 11:38:55 #16 store] 
Database 'C:\Users\hello\Documents\NetBeansProjects\PurchaseSystem\build\web\WEB-INF\db\points.odb' is closed by 2184@Omar-Hashem

------------------------------------------------------------------------------------------------------------------------

[2015-07-22 12:00:48 #1 store] 
Database 'C:\Users\hello\Documents\NetBeansProjects\PurchaseSystem\build\web\WEB-INF\db\points.odb' is opened by 2184@Omar-Hashem

[2015-07-22 12:00:48 #2 type.registry] 
New type entity.Order

[2015-07-22 12:00:48 #3 type] 
Type entity.Order is not enhanced.

[2015-07-22 12:00:48 #4 type.registry] 
New type entity.ItemEntity

[2015-07-22 12:00:48 #5 type.registry] 
New type entity.Users

[2015-07-22 12:00:48 #6 type] 
Type entity.ItemEntity is not enhanced.

[2015-07-22 12:00:48 #7 type] 
Type entity.Users is not enhanced.

[2015-07-22 12:00:48 #8 type.registry] 
New type java.util.ArrayList<java.lang.Object>

[2015-07-22 12:00:48 #9 type.registry] 
New type java.util.ArrayList<entity.ItemEntity>

[2015-07-22 12:00:48 #10 store] 
Database 'C:\Users\hello\Documents\NetBeansProjects\PurchaseSystem\build\web\WEB-INF\db\points.odb' is closed by 2184@Omar-Hashem

[2015-07-22 12:00:53 #11 store] 
Database 'C:\Users\hello\Documents\NetBeansProjects\PurchaseSystem\build\web\WEB-INF\db\points.odb' is opened by 2184@Omar-Hashem

[2015-07-22 12:00:53 #12 type.registry] 
New type com.objectdb.o.LMT

[2015-07-22 12:00:53 #13 type.registry] 
New type com.objectdb.o.VAL

[2015-07-22 12:00:53 #14 type.registry] 
New type com.objectdb.o.RFV

[2015-07-22 12:00:53 #15 store] 
Database 'C:\Users\hello\Documents\NetBeansProjects\PurchaseSystem\build\web\WEB-INF\db\points.odb' is closed by 2184@Omar-Hashem

------------------------------------------------------------------------------------------------------------------------

[2015-07-22 12:27:46 #1 store] 
Database 'C:\Users\hello\Documents\NetBeansProjects\PurchaseSystem\build\web\WEB-INF\db\Order.odb' is opened by 2184@Omar-Hashem

[2015-07-22 12:27:47 #2 type.registry] 
New type entity.Order

[2015-07-22 12:27:47 #3 type] 
Type entity.Order is not enhanced.

[2015-07-22 12:27:47 #4 type.registry] 
New type entity.ItemEntity

[2015-07-22 12:27:47 #5 type.registry] 
New type entity.Users

[2015-07-22 12:27:47 #6 type] 
Type entity.ItemEntity is not enhanced.

[2015-07-22 12:27:47 #7 type] 
Type entity.Users is not enhanced.

[2015-07-22 12:27:47 #8 type.registry] 
New type java.util.ArrayList<java.lang.Object>

[2015-07-22 12:27:47 #9 type.registry] 
New type java.util.ArrayList<entity.ItemEntity>

[2015-07-22 12:27:47 #10 store] 
Database 'C:\Users\hello\Documents\NetBeansProjects\PurchaseSystem\build\web\WEB-INF\db\Order.odb' is closed by 2184@Omar-Hashem

[2015-07-22 12:27:49 #11 store] 
Database 'C:\Users\hello\Documents\NetBeansProjects\PurchaseSystem\build\web\WEB-INF\db\Order.odb' is opened by 2184@Omar-Hashem

[2015-07-22 12:27:49 #12 type.registry] 
New type com.objectdb.o.LMT

[2015-07-22 12:27:49 #13 type.registry] 
New type com.objectdb.o.VAL

[2015-07-22 12:27:49 #14 type.registry] 
New type com.objectdb.o.RFV

[2015-07-22 12:27:49 #15 store] 
Database 'C:\Users\hello\Documents\NetBeansProjects\PurchaseSystem\build\web\WEB-INF\db\Order.odb' is closed by 2184@Omar-Hashem

------------------------------------------------------------------------------------------------------------------------

[2015-07-22 12:28:47 #1 store] 
Database 'C:\Users\hello\Documents\NetBeansProjects\PurchaseSystem\build\web\WEB-INF\db\Order.odb' is opened by 2184@Omar-Hashem

[2015-07-22 12:28:47 #2 type.registry] 
New type entity.Order

[2015-07-22 12:28:47 #3 type] 
Type entity.Order is not enhanced.

[2015-07-22 12:28:47 #4 type.registry] 
New type entity.ItemEntity

[2015-07-22 12:28:47 #5 type.registry] 
New type entity.Users

[2015-07-22 12:28:47 #6 type] 
Type entity.ItemEntity is not enhanced.

[2015-07-22 12:28:47 #7 type] 
Type entity.Users is not enhanced.

[2015-07-22 12:28:47 #8 type.registry] 
New type java.util.ArrayList<java.lang.Object>

[2015-07-22 12:28:47 #9 type.registry] 
New type java.util.ArrayList<entity.ItemEntity>

[2015-07-22 12:28:47 #10 store] 
Database 'C:\Users\hello\Documents\NetBeansProjects\PurchaseSystem\build\web\WEB-INF\db\Order.odb' is closed by 2184@Omar-Hashem

[2015-07-22 12:28:49 #11 store] 
Database 'C:\Users\hello\Documents\NetBeansProjects\PurchaseSystem\build\web\WEB-INF\db\Order.odb' is opened by 2184@Omar-Hashem

[2015-07-22 12:28:50 #12 type.registry] 
New type com.objectdb.o.LMT

[2015-07-22 12:28:50 #13 type.registry] 
New type com.objectdb.o.VAL

[2015-07-22 12:28:50 #14 type.registry] 
New type com.objectdb.o.RFV

[2015-07-22 12:28:50 #15 store] 
Database 'C:\Users\hello\Documents\NetBeansProjects\PurchaseSystem\build\web\WEB-INF\db\Order.odb' is closed by 2184@Omar-Hashem

[2015-07-22 12:50:01 #16 store] 
Database 'C:\Users\hello\Documents\NetBeansProjects\PurchaseSystem\build\web\WEB-INF\db\Order.odb' is opened by 2184@Omar-Hashem

[2015-07-22 12:50:01 #17 store] 
Database 'C:\Users\hello\Documents\NetBeansProjects\PurchaseSystem\build\web\WEB-INF\db\Order.odb' is closed by 2184@Omar-Hashem

[2015-07-22 12:50:03 #18 store] 
Database 'C:\Users\hello\Documents\NetBeansProjects\PurchaseSystem\build\web\WEB-INF\db\Order.odb' is opened by 2184@Omar-Hashem

[2015-07-22 12:50:03 #19 store] 
Database 'C:\Users\hello\Documents\NetBeansProjects\PurchaseSystem\build\web\WEB-INF\db\Order.odb' is closed by 2184@Omar-Hashem

[2015-07-22 12:52:29 #20 store] 
Database 'C:\Users\hello\Documents\NetBeansProjects\PurchaseSystem\build\web\WEB-INF\db\Order.odb' is opened by 2184@Omar-Hashem

[2015-07-22 12:52:29 #21 store] 
Database 'C:\Users\hello\Documents\NetBeansProjects\PurchaseSystem\build\web\WEB-INF\db\Order.odb' is closed by 2184@Omar-Hashem

[2015-07-22 12:52:31 #22 store] 
Database 'C:\Users\hello\Documents\NetBeansProjects\PurchaseSystem\build\web\WEB-INF\db\Order.odb' is opened by 2184@Omar-Hashem

[2015-07-22 12:52:31 #23 store] 
Database 'C:\Users\hello\Documents\NetBeansProjects\PurchaseSystem\build\web\WEB-INF\db\Order.odb' is closed by 2184@Omar-Hashem

------------------------------------------------------------------------------------------------------------------------

[2015-07-22 13:25:26 #1 store] 
Database 'C:\Users\hello\Documents\NetBeansProjects\PurchaseSystem\build\web\WEB-INF\db\Order.odb' is opened by 2184@Omar-Hashem

[2015-07-22 13:25:26 #2 type.registry] 
New type entity.Order

[2015-07-22 13:25:26 #3 type] 
Type entity.Order is not enhanced.

[2015-07-22 13:25:26 #4 type.registry] 
New type entity.ItemEntity

[2015-07-22 13:25:26 #5 type.registry] 
New type entity.Users

[2015-07-22 13:25:26 #6 type] 
Type entity.ItemEntity is not enhanced.

[2015-07-22 13:25:26 #7 type] 
Type entity.Users is not enhanced.

[2015-07-22 13:25:26 #8 type.registry] 
New type java.util.ArrayList<java.lang.Object>

[2015-07-22 13:25:26 #9 type.registry] 
New type java.util.ArrayList<entity.ItemEntity>

[2015-07-22 13:25:26 #10 store] 
Database 'C:\Users\hello\Documents\NetBeansProjects\PurchaseSystem\build\web\WEB-INF\db\Order.odb' is closed by 2184@Omar-Hashem

[2015-07-22 13:25:28 #11 store] 
Database 'C:\Users\hello\Documents\NetBeansProjects\PurchaseSystem\build\web\WEB-INF\db\Order.odb' is opened by 2184@Omar-Hashem

[2015-07-22 13:25:28 #12 type.registry] 
New type com.objectdb.o.LMT

[2015-07-22 13:25:28 #13 type.registry] 
New type com.objectdb.o.VAL

[2015-07-22 13:25:28 #14 type.registry] 
New type com.objectdb.o.RFV

[2015-07-22 13:25:28 #15 store] 
Database 'C:\Users\hello\Documents\NetBeansProjects\PurchaseSystem\build\web\WEB-INF\db\Order.odb' is closed by 2184@Omar-Hashem

[2015-07-22 13:25:51 #16 store] 
Database 'C:\Users\hello\Documents\NetBeansProjects\PurchaseSystem\build\web\WEB-INF\db\Order.odb' is opened by 2184@Omar-Hashem

[2015-07-22 13:25:51 #17 store] 
Database 'C:\Users\hello\Documents\NetBeansProjects\PurchaseSystem\build\web\WEB-INF\db\Order.odb' is closed by 2184@Omar-Hashem

[2015-07-22 13:25:52 #18 store] 
Database 'C:\Users\hello\Documents\NetBeansProjects\PurchaseSystem\build\web\WEB-INF\db\Order.odb' is opened by 2184@Omar-Hashem

[2015-07-22 13:25:53 #19 store] 
Database 'C:\Users\hello\Documents\NetBeansProjects\PurchaseSystem\build\web\WEB-INF\db\Order.odb' is closed by 2184@Omar-Hashem

------------------------------------------------------------------------------------------------------------------------

[2015-07-22 14:01:23 #1 store] 
Database 'D:\jsf work place\PurchaseSystem\build\web\WEB-INF\db\Order.odb' is opened by 216@hello-PC

[2015-07-22 14:01:23 #2 type] 
Type entity.Order is not enhanced.

[2015-07-22 14:01:24 #3 type] 
Type entity.ItemEntity is not enhanced.

[2015-07-22 14:01:24 #4 type] 
Type entity.Users is not enhanced.

[2015-07-22 14:01:24 #5 store] 
Database 'D:\jsf work place\PurchaseSystem\build\web\WEB-INF\db\Order.odb' is closed by 216@hello-PC

[2015-07-22 14:01:24 #6 store] 
Database 'D:\jsf work place\PurchaseSystem\build\web\WEB-INF\db\Order.odb' is opened by 216@hello-PC

[2015-07-22 14:01:24 #7 store] 
Database 'D:\jsf work place\PurchaseSystem\build\web\WEB-INF\db\Order.odb' is closed by 216@hello-PC

[2015-07-22 14:01:24 #8 store] 
Database 'D:\jsf work place\PurchaseSystem\build\web\WEB-INF\db\Order.odb' is opened by 216@hello-PC

[2015-07-22 14:01:24 #9 store] 
Database 'D:\jsf work place\PurchaseSystem\build\web\WEB-INF\db\Order.odb' is closed by 216@hello-PC

[2015-07-22 14:01:24 #10 store] 
Database 'D:\jsf work place\PurchaseSystem\build\web\WEB-INF\db\Order.odb' is opened by 216@hello-PC

[2015-07-22 14:01:24 #11 store] 
Database 'D:\jsf work place\PurchaseSystem\build\web\WEB-INF\db\Order.odb' is closed by 216@hello-PC

[2015-07-22 14:01:25 #12 store] 
Database 'D:\jsf work place\PurchaseSystem\build\web\WEB-INF\db\Order.odb' is opened by 216@hello-PC

[2015-07-22 14:01:25 #13 store] 
Database 'D:\jsf work place\PurchaseSystem\build\web\WEB-INF\db\Order.odb' is closed by 216@hello-PC

[2015-07-22 14:01:25 #14 store] 
Database 'D:\jsf work place\PurchaseSystem\build\web\WEB-INF\db\Order.odb' is opened by 216@hello-PC

[2015-07-22 14:01:25 #15 store] 
Database 'D:\jsf work place\PurchaseSystem\build\web\WEB-INF\db\Order.odb' is closed by 216@hello-PC

[2015-07-22 14:01:25 #16 store] 
Database 'D:\jsf work place\PurchaseSystem\build\web\WEB-INF\db\Order.odb' is opened by 216@hello-PC

[2015-07-22 14:01:25 #17 store] 
Database 'D:\jsf work place\PurchaseSystem\build\web\WEB-INF\db\Order.odb' is closed by 216@hello-PC

[2015-07-22 14:01:25 #18 store] 
Database 'D:\jsf work place\PurchaseSystem\build\web\WEB-INF\db\Order.odb' is opened by 216@hello-PC

[2015-07-22 14:01:25 #19 store] 
Database 'D:\jsf work place\PurchaseSystem\build\web\WEB-INF\db\Order.odb' is closed by 216@hello-PC

[2015-07-22 14:01:26 #20 store] 
Database 'D:\jsf work place\PurchaseSystem\build\web\WEB-INF\db\Order.odb' is opened by 216@hello-PC

[2015-07-22 14:01:26 #21 store] 
Database 'D:\jsf work place\PurchaseSystem\build\web\WEB-INF\db\Order.odb' is closed by 216@hello-PC

[2015-07-22 14:01:31 #22 store] 
Database 'D:\jsf work place\PurchaseSystem\build\web\WEB-INF\db\Order.odb' is opened by 216@hello-PC

[2015-07-22 14:01:31 #23 store] 
Database 'D:\jsf work place\PurchaseSystem\build\web\WEB-INF\db\Order.odb' is closed by 216@hello-PC

[2015-07-22 14:01:31 #24 store] 
Database 'D:\jsf work place\PurchaseSystem\build\web\WEB-INF\db\Order.odb' is opened by 216@hello-PC

[2015-07-22 14:01:31 #25 store] 
Database 'D:\jsf work place\PurchaseSystem\build\web\WEB-INF\db\Order.odb' is closed by 216@hello-PC

[2015-07-22 14:01:31 #26 store] 
Database 'D:\jsf work place\PurchaseSystem\build\web\WEB-INF\db\Order.odb' is opened by 216@hello-PC

[2015-07-22 14:01:31 #27 store] 
Database 'D:\jsf work place\PurchaseSystem\build\web\WEB-INF\db\Order.odb' is closed by 216@hello-PC

[2015-07-22 14:01:38 #28 store] 
Database 'D:\jsf work place\PurchaseSystem\build\web\WEB-INF\db\Order.odb' is opened by 216@hello-PC

[2015-07-22 14:01:39 #29 store] 
Database 'D:\jsf work place\PurchaseSystem\build\web\WEB-INF\db\Order.odb' is closed by 216@hello-PC

------------------------------------------------------------------------------------------------------------------------

[2015-07-22 14:03:25 #1 store] 
Database 'D:\jsf work place\PurchaseSystem\build\web\WEB-INF\db\Order.odb' is opened by 216@hello-PC

[2015-07-22 14:03:26 #2 type] 
Type entity.Order is not enhanced.

[2015-07-22 14:03:26 #3 type] 
Type entity.ItemEntity is not enhanced.

[2015-07-22 14:03:26 #4 type] 
Type entity.Users is not enhanced.

[2015-07-22 14:03:26 #5 store] 
Database 'D:\jsf work place\PurchaseSystem\build\web\WEB-INF\db\Order.odb' is closed by 216@hello-PC

------------------------------------------------------------------------------------------------------------------------

[2015-07-22 14:04:21 #1 store] 
Database 'D:\jsf work place\PurchaseSystem\build\web\WEB-INF\db\Order.odb' is opened by 216@hello-PC

------------------------------------------------------------------------------------------------------------------------

[2015-07-22 14:40:33 #1 store] 
Database 'D:\jsf work place\PurchaseSystem\build\web\WEB-INF\db\Users.odb' is opened by 216@hello-PC

[2015-07-22 14:40:33 #2 type.registry] 
New type entity.Users

[2015-07-22 14:40:33 #3 type] 
Type entity.Users is not enhanced.

[2015-07-22 14:40:33 #4 type.registry] 
New type entity.Order

[2015-07-22 14:40:33 #5 type] 
Type entity.Order is not enhanced.

[2015-07-22 14:40:33 #6 type.registry] 
New type entity.ItemEntity

[2015-07-22 14:40:33 #7 type] 
Type entity.ItemEntity is not enhanced.

[2015-07-22 14:40:33 #8 store] 
Database 'D:\jsf work place\PurchaseSystem\build\web\WEB-INF\db\Users.odb' is closed by 216@hello-PC

------------------------------------------------------------------------------------------------------------------------

[2015-07-22 14:42:15 #1 store] 
Database 'D:\jsf work place\PurchaseSystem\build\web\WEB-INF\db\Users.odb' is opened by 216@hello-PC

[2015-07-22 14:42:15 #2 type] 
Type entity.Users is not enhanced.

[2015-07-22 14:42:15 #3 type] 
Type entity.Order is not enhanced.

[2015-07-22 14:42:15 #4 type] 
Type entity.ItemEntity is not enhanced.

[2015-07-22 14:42:16 #5 store] 
Database 'D:\jsf work place\PurchaseSystem\build\web\WEB-INF\db\Users.odb' is closed by 216@hello-PC

[2015-07-22 14:42:25 #6 store] 
Database 'D:\jsf work place\PurchaseSystem\build\web\WEB-INF\db\Users.odb' is opened by 216@hello-PC

[2015-07-22 14:42:25 #7 store] 
Database 'D:\jsf work place\PurchaseSystem\build\web\WEB-INF\db\Users.odb' is closed by 216@hello-PC

------------------------------------------------------------------------------------------------------------------------

[2015-07-22 14:44:07 #1 store] 
Database 'D:\jsf work place\PurchaseSystem\build\web\WEB-INF\db\Users.odb' is opened by 216@hello-PC

[2015-07-22 14:44:07 #2 type] 
Type entity.Users is not enhanced.

[2015-07-22 14:44:07 #3 type] 
Type entity.Order is not enhanced.

[2015-07-22 14:44:07 #4 type] 
Type entity.ItemEntity is not enhanced.

[2015-07-22 14:44:07 #5 type.registry] 
New type java.util.ArrayList<java.lang.Object>

[2015-07-22 14:44:07 #6 type.registry] 
New type java.util.ArrayList<entity.Order>

[2015-07-22 14:44:08 #7 type.registry] 
New type com.objectdb.o.LMT

[2015-07-22 14:44:08 #8 type.registry] 
New type com.objectdb.o.VAL

[2015-07-22 14:44:08 #9 type.registry] 
New type com.objectdb.o.RFV

[2015-07-22 14:44:08 #10 store] 
Database 'D:\jsf work place\PurchaseSystem\build\web\WEB-INF\db\Users.odb' is closed by 216@hello-PC

------------------------------------------------------------------------------------------------------------------------

[2015-07-22 14:47:07 #1 store] 
Database 'D:\jsf work place\PurchaseSystem\build\web\WEB-INF\db\Users.odb' is opened by 216@hello-PC

[2015-07-22 14:47:07 #2 type] 
Type entity.Users is not enhanced.

[2015-07-22 14:47:07 #3 type] 
Type entity.Order is not enhanced.

[2015-07-22 14:47:07 #4 type] 
Type entity.ItemEntity is not enhanced.

------------------------------------------------------------------------------------------------------------------------

[2015-07-22 14:58:30 #1 store] 
Database 'D:\jsf work place\PurchaseSystem\build\web\WEB-INF\db\Users.odb' has been recovered (tr. 11-23)

[2015-07-22 14:58:30 #2 store] 
Database 'D:\jsf work place\PurchaseSystem\build\web\WEB-INF\db\Users.odb' is opened by 2628@hello-PC

[2015-07-22 14:58:31 #3 type] 
Type entity.Users is not enhanced.

[2015-07-22 14:58:31 #4 type] 
Type entity.Order is not enhanced.

[2015-07-22 14:58:31 #5 type] 
Type entity.ItemEntity is not enhanced.

[2015-07-22 14:58:31 #6 store] 
Database 'D:\jsf work place\PurchaseSystem\build\web\WEB-INF\db\Users.odb' is closed by 2628@hello-PC

[2015-07-22 14:58:52 #7 store] 
Database 'D:\jsf work place\PurchaseSystem\build\web\WEB-INF\db\Users.odb' is opened by 2628@hello-PC

[2015-07-22 14:58:52 #8 store] 
Database 'D:\jsf work place\PurchaseSystem\build\web\WEB-INF\db\Users.odb' is closed by 2628@hello-PC

[2015-07-22 14:59:05 #9 store] 
Database 'D:\jsf work place\PurchaseSystem\build\web\WEB-INF\db\Users.odb' is opened by 2628@hello-PC

[2015-07-22 14:59:06 #10 store] 
Database 'D:\jsf work place\PurchaseSystem\build\web\WEB-INF\db\Users.odb' is closed by 2628@hello-PC

------------------------------------------------------------------------------------------------------------------------

[2015-07-22 15:03:44 #1 store] 
Database 'D:\jsf work place\PurchaseSystem\build\web\WEB-INF\db\Users.odb' is opened by 2628@hello-PC

[2015-07-22 15:03:44 #2 type] 
Type entity.Users is not enhanced.

[2015-07-22 15:03:44 #3 type] 
Type entity.Order is not enhanced.

[2015-07-22 15:03:44 #4 type] 
Type entity.ItemEntity is not enhanced.

------------------------------------------------------------------------------------------------------------------------

[2015-07-22 15:10:42 #1 store] 
Database 'D:\jsf work place\PurchaseSystem\build\web\WEB-INF\db\Users.odb' has been recovered (tr. 27-40)

[2015-07-22 15:10:42 #2 store] 
Database 'D:\jsf work place\PurchaseSystem\build\web\WEB-INF\db\Users.odb' is opened by 4452@hello-PC

[2015-07-22 15:10:43 #3 type] 
Type entity.Users is not enhanced.

[2015-07-22 15:10:43 #4 type] 
Type entity.Order is not enhanced.

[2015-07-22 15:10:43 #5 type] 
Type entity.ItemEntity is not enhanced.

[2015-07-22 15:10:44 #6 store] 
Database 'D:\jsf work place\PurchaseSystem\build\web\WEB-INF\db\Users.odb' is closed by 4452@hello-PC

