------------------------------------------------------------------------------------------------------------------------

[2015-07-24 21:50:53 #1 store] 
Database 'D:\jsf work place\PurchaseSystem\build\web\WEB-INF\db\Order.odb' is opened by 4672@hello-PC

[2015-07-24 21:50:53 #2 type] 
Type entity.Order is not enhanced.

[2015-07-24 21:50:53 #3 type] 
Type entity.ItemEntity is not enhanced.

[2015-07-24 21:50:53 #4 type] 
Type entity.Users is not enhanced.

[2015-07-24 21:50:54 #5 store] 
Database 'D:\jsf work place\PurchaseSystem\build\web\WEB-INF\db\Order.odb' is closed by 4672@hello-PC

------------------------------------------------------------------------------------------------------------------------

[2015-07-24 21:52:52 #1 store] 
Database 'D:\jsf work place\PurchaseSystem\build\web\WEB-INF\db\Users.odb' is opened by 4672@hello-PC

[2015-07-24 21:52:52 #2 type] 
Type entity.Users is not enhanced.

[2015-07-24 21:52:52 #3 type] 
Type entity.Order is not enhanced.

[2015-07-24 21:52:52 #4 type] 
Type entity.ItemEntity is not enhanced.

[2015-07-24 21:52:53 #5 store] 
Database 'D:\jsf work place\PurchaseSystem\build\web\WEB-INF\db\Users.odb' is closed by 4672@hello-PC

[2015-07-24 21:53:57 #6 store] 
Database 'D:\jsf work place\PurchaseSystem\build\web\WEB-INF\db\Users.odb' is opened by 4672@hello-PC

[2015-07-24 21:53:57 #7 store] 
Database 'D:\jsf work place\PurchaseSystem\build\web\WEB-INF\db\Users.odb' is closed by 4672@hello-PC

[2015-07-24 21:54:06 #8 store] 
Database 'D:\jsf work place\PurchaseSystem\build\web\WEB-INF\db\Order.odb' is opened by 4672@hello-PC

[2015-07-24 21:54:06 #9 store] 
Database 'D:\jsf work place\PurchaseSystem\build\web\WEB-INF\db\Order.odb' is closed by 4672@hello-PC

[2015-07-24 21:54:07 #10 store] 
Database 'D:\jsf work place\PurchaseSystem\build\web\WEB-INF\db\Order.odb' is opened by 4672@hello-PC

[2015-07-24 21:54:07 #11 store] 
Database 'D:\jsf work place\PurchaseSystem\build\web\WEB-INF\db\Order.odb' is closed by 4672@hello-PC

------------------------------------------------------------------------------------------------------------------------

[2015-07-24 22:59:20 #1 store] 
Database 'D:\jsf work place\PurchaseSystem\build\web\WEB-INF\db\Users.odb' is opened by 4672@hello-PC

[2015-07-24 22:59:20 #2 type] 
Type entity.Users is not enhanced.

[2015-07-24 22:59:20 #3 type] 
Type entity.Order is not enhanced.

[2015-07-24 22:59:20 #4 type] 
Type entity.ItemEntity is not enhanced.

[2015-07-24 22:59:21 #5 store] 
Database 'D:\jsf work place\PurchaseSystem\build\web\WEB-INF\db\Users.odb' is closed by 4672@hello-PC

[2015-07-24 22:59:25 #6 store] 
Database 'D:\jsf work place\PurchaseSystem\build\web\WEB-INF\db\Users.odb' is opened by 4672@hello-PC

[2015-07-24 22:59:25 #7 store] 
Database 'D:\jsf work place\PurchaseSystem\build\web\WEB-INF\db\Users.odb' is closed by 4672@hello-PC

[2015-07-24 22:59:27 #8 store] 
Database 'D:\jsf work place\PurchaseSystem\build\web\WEB-INF\db\Users.odb' is opened by 4672@hello-PC

[2015-07-24 22:59:27 #9 store] 
Database 'D:\jsf work place\PurchaseSystem\build\web\WEB-INF\db\Users.odb' is closed by 4672@hello-PC

[2015-07-24 23:00:02 #10 store] 
Database 'D:\jsf work place\PurchaseSystem\build\web\WEB-INF\db\Users.odb' is opened by 4672@hello-PC

[2015-07-24 23:00:02 #11 store] 
Database 'D:\jsf work place\PurchaseSystem\build\web\WEB-INF\db\Users.odb' is closed by 4672@hello-PC

------------------------------------------------------------------------------------------------------------------------

[2015-07-24 23:01:25 #1 store] 
Database 'D:\jsf work place\PurchaseSystem\build\web\WEB-INF\db\Users.odb' is opened by 4672@hello-PC

[2015-07-24 23:01:25 #2 type] 
Type entity.Users is not enhanced.

[2015-07-24 23:01:25 #3 type] 
Type entity.Order is not enhanced.

[2015-07-24 23:01:25 #4 type] 
Type entity.ItemEntity is not enhanced.

[2015-07-24 23:01:26 #5 store] 
Database 'D:\jsf work place\PurchaseSystem\build\web\WEB-INF\db\Users.odb' is closed by 4672@hello-PC

[2015-07-24 23:01:27 #6 store] 
Database 'D:\jsf work place\PurchaseSystem\build\web\WEB-INF\db\Users.odb' is opened by 4672@hello-PC

[2015-07-24 23:01:27 #7 store] 
Database 'D:\jsf work place\PurchaseSystem\build\web\WEB-INF\db\Users.odb' is closed by 4672@hello-PC

------------------------------------------------------------------------------------------------------------------------

[2015-07-24 23:02:05 #1 store] 
Database 'D:\jsf work place\PurchaseSystem\build\web\WEB-INF\db\Users.odb' is opened by 4672@hello-PC

[2015-07-24 23:02:05 #2 type] 
Type entity.Users is not enhanced.

[2015-07-24 23:02:05 #3 type] 
Type entity.Order is not enhanced.

[2015-07-24 23:02:05 #4 type] 
Type entity.ItemEntity is not enhanced.

[2015-07-24 23:02:06 #5 store] 
Database 'D:\jsf work place\PurchaseSystem\build\web\WEB-INF\db\Users.odb' is closed by 4672@hello-PC

[2015-07-24 23:02:06 #6 store] 
Database 'D:\jsf work place\PurchaseSystem\build\web\WEB-INF\db\Users.odb' is opened by 4672@hello-PC

[2015-07-24 23:02:06 #7 store] 
Database 'D:\jsf work place\PurchaseSystem\build\web\WEB-INF\db\Users.odb' is closed by 4672@hello-PC

[2015-07-24 23:02:06 #8 store] 
Database 'D:\jsf work place\PurchaseSystem\build\web\WEB-INF\db\Users.odb' is opened by 4672@hello-PC

[2015-07-24 23:02:06 #9 store] 
Database 'D:\jsf work place\PurchaseSystem\build\web\WEB-INF\db\Users.odb' is closed by 4672@hello-PC

[2015-07-24 23:02:06 #10 store] 
Database 'D:\jsf work place\PurchaseSystem\build\web\WEB-INF\db\Users.odb' is opened by 4672@hello-PC

[2015-07-24 23:02:06 #11 store] 
Database 'D:\jsf work place\PurchaseSystem\build\web\WEB-INF\db\Users.odb' is closed by 4672@hello-PC

[2015-07-24 23:02:06 #12 store] 
Database 'D:\jsf work place\PurchaseSystem\build\web\WEB-INF\db\Users.odb' is opened by 4672@hello-PC

[2015-07-24 23:02:06 #13 store] 
Database 'D:\jsf work place\PurchaseSystem\build\web\WEB-INF\db\Users.odb' is closed by 4672@hello-PC

[2015-07-24 23:02:07 #14 store] 
Database 'D:\jsf work place\PurchaseSystem\build\web\WEB-INF\db\Users.odb' is opened by 4672@hello-PC

[2015-07-24 23:02:07 #15 store] 
Database 'D:\jsf work place\PurchaseSystem\build\web\WEB-INF\db\Users.odb' is closed by 4672@hello-PC

------------------------------------------------------------------------------------------------------------------------

[2015-07-24 23:20:59 #1 store] 
Database 'D:\jsf work place\PurchaseSystem\build\web\WEB-INF\db\Users.odb' is opened by 3332@hello-PC

[2015-07-24 23:20:59 #2 type] 
Type entity.Users is not enhanced.

[2015-07-24 23:20:59 #3 type] 
Type entity.Order is not enhanced.

[2015-07-24 23:20:59 #4 type] 
Type entity.ItemEntity is not enhanced.

[2015-07-24 23:21:00 #5 store] 
Database 'D:\jsf work place\PurchaseSystem\build\web\WEB-INF\db\Users.odb' is closed by 3332@hello-PC

[2015-07-24 23:23:18 #6 store] 
Database 'D:\jsf work place\PurchaseSystem\build\web\WEB-INF\db\Users.odb' is opened by 3332@hello-PC

[2015-07-24 23:23:18 #7 store] 
Database 'D:\jsf work place\PurchaseSystem\build\web\WEB-INF\db\Users.odb' is closed by 3332@hello-PC

[2015-07-24 23:23:52 #8 store] 
Database 'D:\jsf work place\PurchaseSystem\build\web\WEB-INF\db\Order.odb' is opened by 3332@hello-PC

[2015-07-24 23:23:52 #9 store] 
Database 'D:\jsf work place\PurchaseSystem\build\web\WEB-INF\db\Order.odb' is closed by 3332@hello-PC

[2015-07-24 23:24:35 #10 store] 
Database 'D:\jsf work place\PurchaseSystem\build\web\WEB-INF\db\Users.odb' is opened by 3332@hello-PC

[2015-07-24 23:24:35 #11 store] 
Database 'D:\jsf work place\PurchaseSystem\build\web\WEB-INF\db\Users.odb' is closed by 3332@hello-PC

------------------------------------------------------------------------------------------------------------------------

[2015-07-24 23:25:13 #1 store] 
Database 'D:\jsf work place\PurchaseSystem\build\web\WEB-INF\db\Users.odb' is opened by 3332@hello-PC

[2015-07-24 23:25:13 #2 type] 
Type entity.Users is not enhanced.

[2015-07-24 23:25:13 #3 type] 
Type entity.Order is not enhanced.

[2015-07-24 23:25:13 #4 type] 
Type entity.ItemEntity is not enhanced.

[2015-07-24 23:25:14 #5 store] 
Database 'D:\jsf work place\PurchaseSystem\build\web\WEB-INF\db\Users.odb' is closed by 3332@hello-PC

------------------------------------------------------------------------------------------------------------------------

[2015-07-24 23:28:14 #1 store] 
Database 'D:\jsf work place\PurchaseSystem\build\web\WEB-INF\db\Order.odb' is opened by 3332@hello-PC

[2015-07-24 23:28:14 #2 type] 
Type entity.Order is not enhanced.

[2015-07-24 23:28:14 #3 type] 
Type entity.ItemEntity is not enhanced.

[2015-07-24 23:28:14 #4 type] 
Type entity.Users is not enhanced.

[2015-07-24 23:28:15 #5 store] 
Database 'D:\jsf work place\PurchaseSystem\build\web\WEB-INF\db\Order.odb' is closed by 3332@hello-PC

------------------------------------------------------------------------------------------------------------------------

[2015-07-24 23:29:13 #1 store] 
Database 'D:\jsf work place\PurchaseSystem\build\web\WEB-INF\db\Users.odb' is opened by 3332@hello-PC

[2015-07-24 23:29:14 #2 type] 
Type entity.Users is not enhanced.

[2015-07-24 23:29:14 #3 type] 
Type entity.Order is not enhanced.

[2015-07-24 23:29:14 #4 type] 
Type entity.ItemEntity is not enhanced.

[2015-07-24 23:29:14 #5 store] 
Database 'D:\jsf work place\PurchaseSystem\build\web\WEB-INF\db\Users.odb' is closed by 3332@hello-PC

[2015-07-24 23:29:29 #6 store] 
Database 'D:\jsf work place\PurchaseSystem\build\web\WEB-INF\db\Order.odb' is opened by 3332@hello-PC

[2015-07-24 23:29:29 #7 store] 
Database 'D:\jsf work place\PurchaseSystem\build\web\WEB-INF\db\Order.odb' is closed by 3332@hello-PC

[2015-07-24 23:32:20 #8 store] 
Database 'D:\jsf work place\PurchaseSystem\build\web\WEB-INF\db\Users.odb' is opened by 3332@hello-PC

[2015-07-24 23:32:20 #9 store] 
Database 'D:\jsf work place\PurchaseSystem\build\web\WEB-INF\db\Users.odb' is closed by 3332@hello-PC

[2015-07-24 23:32:36 #10 store] 
Database 'D:\jsf work place\PurchaseSystem\build\web\WEB-INF\db\Order.odb' is opened by 3332@hello-PC

[2015-07-24 23:32:36 #11 store] 
Database 'D:\jsf work place\PurchaseSystem\build\web\WEB-INF\db\Order.odb' is closed by 3332@hello-PC

------------------------------------------------------------------------------------------------------------------------

[2015-07-24 23:46:11 #1 store] 
Database 'D:\jsf work place\PurchaseSystem\build\web\WEB-INF\db\Users.odb' is opened by 3332@hello-PC

[2015-07-24 23:46:11 #2 type] 
Type entity.Users is not enhanced.

[2015-07-24 23:46:11 #3 type] 
Type entity.Order is not enhanced.

[2015-07-24 23:46:11 #4 type] 
Type entity.ItemEntity is not enhanced.

[2015-07-24 23:46:11 #5 store] 
Database 'D:\jsf work place\PurchaseSystem\build\web\WEB-INF\db\Users.odb' is closed by 3332@hello-PC

[2015-07-24 23:46:34 #6 store] 
Database 'D:\jsf work place\PurchaseSystem\build\web\WEB-INF\db\Order.odb' is opened by 3332@hello-PC

[2015-07-24 23:46:34 #7 store] 
Database 'D:\jsf work place\PurchaseSystem\build\web\WEB-INF\db\Order.odb' is closed by 3332@hello-PC

[2015-07-24 23:46:44 #8 store] 
Database 'D:\jsf work place\PurchaseSystem\build\web\WEB-INF\db\Users.odb' is opened by 3332@hello-PC

[2015-07-24 23:46:44 #9 store] 
Database 'D:\jsf work place\PurchaseSystem\build\web\WEB-INF\db\Users.odb' is closed by 3332@hello-PC

[2015-07-24 23:47:11 #10 store] 
Database 'D:\jsf work place\PurchaseSystem\build\web\WEB-INF\db\Users.odb' is opened by 3332@hello-PC

[2015-07-24 23:47:11 #11 store] 
Database 'D:\jsf work place\PurchaseSystem\build\web\WEB-INF\db\Users.odb' is closed by 3332@hello-PC

------------------------------------------------------------------------------------------------------------------------

[2015-07-24 23:50:45 #1 store] 
Database 'D:\jsf work place\PurchaseSystem\build\web\WEB-INF\db\Users.odb' is opened by 3332@hello-PC

[2015-07-24 23:50:45 #2 type] 
Type entity.Users is not enhanced.

[2015-07-24 23:50:45 #3 type] 
Type entity.Order is not enhanced.

[2015-07-24 23:50:45 #4 type] 
Type entity.ItemEntity is not enhanced.

[2015-07-24 23:50:45 #5 store] 
Database 'D:\jsf work place\PurchaseSystem\build\web\WEB-INF\db\Users.odb' is closed by 3332@hello-PC

------------------------------------------------------------------------------------------------------------------------

[2015-07-24 23:51:44 #1 store] 
Database 'D:\jsf work place\PurchaseSystem\build\web\WEB-INF\db\Users.odb' is opened by 3332@hello-PC

[2015-07-24 23:51:45 #2 type] 
Type entity.Users is not enhanced.

[2015-07-24 23:51:45 #3 type] 
Type entity.Order is not enhanced.

[2015-07-24 23:51:45 #4 type] 
Type entity.ItemEntity is not enhanced.

[2015-07-24 23:51:45 #5 store] 
Database 'D:\jsf work place\PurchaseSystem\build\web\WEB-INF\db\Users.odb' is closed by 3332@hello-PC

[2015-07-24 23:52:12 #6 store] 
Database 'D:\jsf work place\PurchaseSystem\build\web\WEB-INF\db\Order.odb' is opened by 3332@hello-PC

[2015-07-24 23:52:12 #7 store] 
Database 'D:\jsf work place\PurchaseSystem\build\web\WEB-INF\db\Order.odb' is closed by 3332@hello-PC

------------------------------------------------------------------------------------------------------------------------

[2015-07-24 23:54:08 #1 store] 
Database 'D:\jsf work place\PurchaseSystem\build\web\WEB-INF\db\Users.odb' is opened by 3332@hello-PC

[2015-07-24 23:54:08 #2 type] 
Type entity.Users is not enhanced.

[2015-07-24 23:54:08 #3 type] 
Type entity.Order is not enhanced.

[2015-07-24 23:54:08 #4 type] 
Type entity.ItemEntity is not enhanced.

[2015-07-24 23:54:09 #5 store] 
Database 'D:\jsf work place\PurchaseSystem\build\web\WEB-INF\db\Users.odb' is closed by 3332@hello-PC

[2015-07-24 23:58:21 #6 store] 
Database 'D:\jsf work place\PurchaseSystem\build\web\WEB-INF\db\Users.odb' is opened by 3332@hello-PC

[2015-07-24 23:58:21 #7 store] 
Database 'D:\jsf work place\PurchaseSystem\build\web\WEB-INF\db\Users.odb' is closed by 3332@hello-PC

