------------------------------------------------------------------------------------------------------------------------

[2015-07-23 11:31:00 #1 store] 
Database 'D:\jsf work place\PurchaseSystem\build\web\WEB-INF\db\Users.odb' is opened by 1528@hello-PC

[2015-07-23 11:31:01 #2 type] 
Type entity.Users is not enhanced.

[2015-07-23 11:31:01 #3 type] 
Type entity.Order is not enhanced.

[2015-07-23 11:31:01 #4 type] 
Type entity.ItemEntity is not enhanced.

[2015-07-23 11:31:01 #5 store] 
Database 'D:\jsf work place\PurchaseSystem\build\web\WEB-INF\db\Users.odb' is closed by 1528@hello-PC

[2015-07-23 11:31:02 #6 store] 
Database 'D:\jsf work place\PurchaseSystem\build\web\WEB-INF\db\Users.odb' is opened by 1528@hello-PC

[2015-07-23 11:31:02 #7 store] 
Database 'D:\jsf work place\PurchaseSystem\build\web\WEB-INF\db\Users.odb' is closed by 1528@hello-PC

[2015-07-23 11:31:06 #8 store] 
Database 'D:\jsf work place\PurchaseSystem\build\web\WEB-INF\db\Users.odb' is opened by 1528@hello-PC

[2015-07-23 11:31:06 #9 store] 
Database 'D:\jsf work place\PurchaseSystem\build\web\WEB-INF\db\Users.odb' is closed by 1528@hello-PC

[2015-07-23 11:31:20 #10 store] 
Database 'D:\jsf work place\PurchaseSystem\build\web\WEB-INF\db\Users.odb' is opened by 1528@hello-PC

[2015-07-23 11:31:20 #11 store] 
Database 'D:\jsf work place\PurchaseSystem\build\web\WEB-INF\db\Users.odb' is closed by 1528@hello-PC

[2015-07-23 11:31:22 #12 store] 
Database 'D:\jsf work place\PurchaseSystem\build\web\WEB-INF\db\Users.odb' is opened by 1528@hello-PC

[2015-07-23 11:31:22 #13 store] 
Database 'D:\jsf work place\PurchaseSystem\build\web\WEB-INF\db\Users.odb' is closed by 1528@hello-PC

[2015-07-23 11:31:22 #14 store] 
Database 'D:\jsf work place\PurchaseSystem\build\web\WEB-INF\db\Users.odb' is opened by 1528@hello-PC

[2015-07-23 11:31:22 #15 store] 
Database 'D:\jsf work place\PurchaseSystem\build\web\WEB-INF\db\Users.odb' is closed by 1528@hello-PC

[2015-07-23 11:31:25 #16 store] 
Database 'D:\jsf work place\PurchaseSystem\build\web\WEB-INF\db\Users.odb' is opened by 1528@hello-PC

[2015-07-23 11:31:25 #17 store] 
Database 'D:\jsf work place\PurchaseSystem\build\web\WEB-INF\db\Users.odb' is closed by 1528@hello-PC

[2015-07-23 11:31:32 #18 store] 
Database 'D:\jsf work place\PurchaseSystem\build\web\WEB-INF\db\Users.odb' is opened by 1528@hello-PC

[2015-07-23 11:31:32 #19 store] 
Database 'D:\jsf work place\PurchaseSystem\build\web\WEB-INF\db\Users.odb' is closed by 1528@hello-PC

[2015-07-23 11:31:38 #20 store] 
Database 'D:\jsf work place\PurchaseSystem\build\web\WEB-INF\db\Users.odb' is opened by 1528@hello-PC

[2015-07-23 11:31:38 #21 store] 
Database 'D:\jsf work place\PurchaseSystem\build\web\WEB-INF\db\Users.odb' is closed by 1528@hello-PC

[2015-07-23 11:31:51 #22 store] 
Database 'D:\jsf work place\PurchaseSystem\build\web\WEB-INF\db\Users.odb' is opened by 1528@hello-PC

[2015-07-23 11:31:51 #23 store] 
Database 'D:\jsf work place\PurchaseSystem\build\web\WEB-INF\db\Users.odb' is closed by 1528@hello-PC

[2015-07-23 11:32:19 #24 store] 
Database 'D:\jsf work place\PurchaseSystem\build\web\WEB-INF\db\Users.odb' is opened by 1528@hello-PC

[2015-07-23 11:32:19 #25 store] 
Database 'D:\jsf work place\PurchaseSystem\build\web\WEB-INF\db\Users.odb' is closed by 1528@hello-PC

[2015-07-23 11:32:28 #26 store] 
Database 'D:\jsf work place\PurchaseSystem\build\web\WEB-INF\db\Users.odb' is opened by 1528@hello-PC

[2015-07-23 11:32:28 #27 store] 
Database 'D:\jsf work place\PurchaseSystem\build\web\WEB-INF\db\Users.odb' is closed by 1528@hello-PC

------------------------------------------------------------------------------------------------------------------------

[2015-07-23 11:34:38 #1 store] 
Database 'D:\jsf work place\PurchaseSystem\build\web\WEB-INF\db\Users.odb' is opened by 1528@hello-PC

[2015-07-23 11:34:39 #2 type] 
Type entity.Users is not enhanced.

[2015-07-23 11:34:39 #3 type] 
Type entity.Order is not enhanced.

[2015-07-23 11:34:39 #4 type] 
Type entity.ItemEntity is not enhanced.

[2015-07-23 11:34:39 #5 store] 
Database 'D:\jsf work place\PurchaseSystem\build\web\WEB-INF\db\Users.odb' is closed by 1528@hello-PC

[2015-07-23 11:34:44 #6 store] 
Database 'D:\jsf work place\PurchaseSystem\build\web\WEB-INF\db\Users.odb' is opened by 1528@hello-PC

[2015-07-23 11:34:44 #7 store] 
Database 'D:\jsf work place\PurchaseSystem\build\web\WEB-INF\db\Users.odb' is closed by 1528@hello-PC

[2015-07-23 11:34:48 #8 store] 
Database 'D:\jsf work place\PurchaseSystem\build\web\WEB-INF\db\Users.odb' is opened by 1528@hello-PC

[2015-07-23 11:34:48 #9 store] 
Database 'D:\jsf work place\PurchaseSystem\build\web\WEB-INF\db\Users.odb' is closed by 1528@hello-PC

------------------------------------------------------------------------------------------------------------------------

[2015-07-23 11:35:16 #1 store] 
Database 'D:\jsf work place\PurchaseSystem\build\web\WEB-INF\db\Users.odb' is opened by 1528@hello-PC

[2015-07-23 11:35:17 #2 type.registry] 
New type entity.Users

[2015-07-23 11:35:17 #3 type] 
Type entity.Users is not enhanced.

[2015-07-23 11:35:17 #4 type.registry] 
New type entity.Order

[2015-07-23 11:35:17 #5 type] 
Type entity.Order is not enhanced.

[2015-07-23 11:35:17 #6 type.registry] 
New type entity.ItemEntity

[2015-07-23 11:35:17 #7 type] 
Type entity.ItemEntity is not enhanced.

[2015-07-23 11:35:17 #8 store] 
Database 'D:\jsf work place\PurchaseSystem\build\web\WEB-INF\db\Users.odb' is closed by 1528@hello-PC

[2015-07-23 11:35:19 #9 store] 
Database 'D:\jsf work place\PurchaseSystem\build\web\WEB-INF\db\Users.odb' is opened by 1528@hello-PC

[2015-07-23 11:35:19 #10 store] 
Database 'D:\jsf work place\PurchaseSystem\build\web\WEB-INF\db\Users.odb' is closed by 1528@hello-PC

[2015-07-23 11:35:19 #11 store] 
Database 'D:\jsf work place\PurchaseSystem\build\web\WEB-INF\db\Users.odb' is opened by 1528@hello-PC

[2015-07-23 11:35:19 #12 type.registry] 
New type java.util.ArrayList<java.lang.Object>

[2015-07-23 11:35:19 #13 type.registry] 
New type java.util.ArrayList<entity.Order>

[2015-07-23 11:35:19 #14 type.registry] 
New type com.objectdb.o.LMT

[2015-07-23 11:35:19 #15 type.registry] 
New type com.objectdb.o.VAL

[2015-07-23 11:35:19 #16 type.registry] 
New type com.objectdb.o.RFV

[2015-07-23 11:35:20 #17 store] 
Database 'D:\jsf work place\PurchaseSystem\build\web\WEB-INF\db\Users.odb' is closed by 1528@hello-PC

------------------------------------------------------------------------------------------------------------------------

[2015-07-23 11:35:54 #1 store] 
Database 'D:\jsf work place\PurchaseSystem\build\web\WEB-INF\db\Users.odb' is opened by 1528@hello-PC

[2015-07-23 11:35:54 #2 type] 
Type entity.Users is not enhanced.

[2015-07-23 11:35:54 #3 type] 
Type entity.Order is not enhanced.

[2015-07-23 11:35:54 #4 type] 
Type entity.ItemEntity is not enhanced.

[2015-07-23 11:35:55 #5 store] 
Database 'D:\jsf work place\PurchaseSystem\build\web\WEB-INF\db\Users.odb' is closed by 1528@hello-PC

------------------------------------------------------------------------------------------------------------------------

[2015-07-23 11:36:12 #1 store] 
Database 'D:\jsf work place\PurchaseSystem\build\web\WEB-INF\db\Users.odb' is opened by 1528@hello-PC

[2015-07-23 11:36:13 #2 type.registry] 
New type entity.Users

[2015-07-23 11:36:13 #3 type] 
Type entity.Users is not enhanced.

[2015-07-23 11:36:13 #4 type.registry] 
New type entity.Order

[2015-07-23 11:36:13 #5 type] 
Type entity.Order is not enhanced.

[2015-07-23 11:36:13 #6 type.registry] 
New type entity.ItemEntity

[2015-07-23 11:36:13 #7 type] 
Type entity.ItemEntity is not enhanced.

[2015-07-23 11:36:13 #8 store] 
Database 'D:\jsf work place\PurchaseSystem\build\web\WEB-INF\db\Users.odb' is closed by 1528@hello-PC

[2015-07-23 11:36:15 #9 store] 
Database 'D:\jsf work place\PurchaseSystem\build\web\WEB-INF\db\Users.odb' is opened by 1528@hello-PC

[2015-07-23 11:36:15 #10 store] 
Database 'D:\jsf work place\PurchaseSystem\build\web\WEB-INF\db\Users.odb' is closed by 1528@hello-PC

------------------------------------------------------------------------------------------------------------------------

[2015-07-23 11:37:29 #1 store] 
Database 'D:\jsf work place\PurchaseSystem\build\web\WEB-INF\db\Users.odb' is opened by 1528@hello-PC

[2015-07-23 11:37:29 #2 type] 
Type entity.Users is not enhanced.

[2015-07-23 11:37:29 #3 type] 
Type entity.Order is not enhanced.

[2015-07-23 11:37:29 #4 type] 
Type entity.ItemEntity is not enhanced.

[2015-07-23 11:37:29 #5 type.registry] 
New type java.util.ArrayList<java.lang.Object>

[2015-07-23 11:37:29 #6 type.registry] 
New type java.util.ArrayList<entity.Order>

[2015-07-23 11:37:29 #7 type.registry] 
New type com.objectdb.o.LMT

[2015-07-23 11:37:29 #8 type.registry] 
New type com.objectdb.o.VAL

[2015-07-23 11:37:29 #9 type.registry] 
New type com.objectdb.o.RFV

[2015-07-23 11:37:30 #10 store] 
Database 'D:\jsf work place\PurchaseSystem\build\web\WEB-INF\db\Users.odb' is closed by 1528@hello-PC

------------------------------------------------------------------------------------------------------------------------

[2015-07-23 11:39:43 #1 store] 
Database 'D:\jsf work place\PurchaseSystem\build\web\WEB-INF\db\Users.odb' is opened by 1528@hello-PC

[2015-07-23 11:39:43 #2 type] 
Type entity.Users is not enhanced.

[2015-07-23 11:39:43 #3 type] 
Type entity.Order is not enhanced.

[2015-07-23 11:39:43 #4 type] 
Type entity.ItemEntity is not enhanced.

[2015-07-23 11:39:43 #5 store] 
Database 'D:\jsf work place\PurchaseSystem\build\web\WEB-INF\db\Users.odb' is closed by 1528@hello-PC

------------------------------------------------------------------------------------------------------------------------

[2015-07-23 11:40:14 #1 store] 
Database 'D:\jsf work place\PurchaseSystem\build\web\WEB-INF\db\Users.odb' is opened by 1528@hello-PC

[2015-07-23 11:40:15 #2 type] 
Type entity.Users is not enhanced.

[2015-07-23 11:40:15 #3 type] 
Type entity.Order is not enhanced.

[2015-07-23 11:40:15 #4 type] 
Type entity.ItemEntity is not enhanced.

[2015-07-23 11:40:15 #5 store] 
Database 'D:\jsf work place\PurchaseSystem\build\web\WEB-INF\db\Users.odb' is closed by 1528@hello-PC

------------------------------------------------------------------------------------------------------------------------

[2015-07-23 11:40:34 #1 store] 
Database 'D:\jsf work place\PurchaseSystem\build\web\WEB-INF\db\Users.odb' is opened by 1528@hello-PC

[2015-07-23 11:40:35 #2 type.registry] 
New type entity.Users

[2015-07-23 11:40:35 #3 type] 
Type entity.Users is not enhanced.

[2015-07-23 11:40:35 #4 type.registry] 
New type entity.Order

[2015-07-23 11:40:35 #5 type] 
Type entity.Order is not enhanced.

[2015-07-23 11:40:35 #6 type.registry] 
New type entity.ItemEntity

[2015-07-23 11:40:35 #7 type] 
Type entity.ItemEntity is not enhanced.

[2015-07-23 11:40:35 #8 store] 
Database 'D:\jsf work place\PurchaseSystem\build\web\WEB-INF\db\Users.odb' is closed by 1528@hello-PC

[2015-07-23 11:40:36 #9 store] 
Database 'D:\jsf work place\PurchaseSystem\build\web\WEB-INF\db\Users.odb' is opened by 1528@hello-PC

[2015-07-23 11:40:36 #10 type.registry] 
New type java.util.ArrayList<java.lang.Object>

[2015-07-23 11:40:36 #11 type.registry] 
New type java.util.ArrayList<entity.Order>

[2015-07-23 11:40:36 #12 type.registry] 
New type com.objectdb.o.LMT

[2015-07-23 11:40:36 #13 type.registry] 
New type com.objectdb.o.VAL

[2015-07-23 11:40:36 #14 type.registry] 
New type com.objectdb.o.RFV

[2015-07-23 11:40:36 #15 store] 
Database 'D:\jsf work place\PurchaseSystem\build\web\WEB-INF\db\Users.odb' is closed by 1528@hello-PC

[2015-07-23 11:40:37 #16 store] 
Database 'D:\jsf work place\PurchaseSystem\build\web\WEB-INF\db\Users.odb' is opened by 1528@hello-PC

[2015-07-23 11:40:37 #17 store] 
Database 'D:\jsf work place\PurchaseSystem\build\web\WEB-INF\db\Users.odb' is closed by 1528@hello-PC

------------------------------------------------------------------------------------------------------------------------

[2015-07-23 11:40:58 #1 store] 
Database 'D:\jsf work place\PurchaseSystem\build\web\WEB-INF\db\Users.odb' is opened by 1528@hello-PC

[2015-07-23 11:40:58 #2 type.registry] 
New type entity.Users

[2015-07-23 11:40:58 #3 type] 
Type entity.Users is not enhanced.

[2015-07-23 11:40:58 #4 type.registry] 
New type entity.Order

[2015-07-23 11:40:58 #5 type] 
Type entity.Order is not enhanced.

[2015-07-23 11:40:58 #6 type.registry] 
New type entity.ItemEntity

[2015-07-23 11:40:58 #7 type] 
Type entity.ItemEntity is not enhanced.

[2015-07-23 11:40:58 #8 store] 
Database 'D:\jsf work place\PurchaseSystem\build\web\WEB-INF\db\Users.odb' is closed by 1528@hello-PC

------------------------------------------------------------------------------------------------------------------------

[2015-07-23 11:41:15 #1 store] 
Database 'D:\jsf work place\PurchaseSystem\build\web\WEB-INF\db\Users.odb' is opened by 1528@hello-PC

[2015-07-23 11:41:16 #2 type.registry] 
New type entity.Users

[2015-07-23 11:41:16 #3 type] 
Type entity.Users is not enhanced.

[2015-07-23 11:41:16 #4 type.registry] 
New type entity.Order

[2015-07-23 11:41:16 #5 type] 
Type entity.Order is not enhanced.

[2015-07-23 11:41:16 #6 type.registry] 
New type entity.ItemEntity

[2015-07-23 11:41:16 #7 type] 
Type entity.ItemEntity is not enhanced.

[2015-07-23 11:41:16 #8 store] 
Database 'D:\jsf work place\PurchaseSystem\build\web\WEB-INF\db\Users.odb' is closed by 1528@hello-PC

[2015-07-23 11:41:18 #9 store] 
Database 'D:\jsf work place\PurchaseSystem\build\web\WEB-INF\db\Users.odb' is opened by 1528@hello-PC

[2015-07-23 11:41:18 #10 type.registry] 
New type java.util.ArrayList<java.lang.Object>

[2015-07-23 11:41:18 #11 type.registry] 
New type java.util.ArrayList<entity.Order>

[2015-07-23 11:41:18 #12 type.registry] 
New type com.objectdb.o.LMT

[2015-07-23 11:41:18 #13 type.registry] 
New type com.objectdb.o.VAL

[2015-07-23 11:41:18 #14 type.registry] 
New type com.objectdb.o.RFV

[2015-07-23 11:41:19 #15 store] 
Database 'D:\jsf work place\PurchaseSystem\build\web\WEB-INF\db\Users.odb' is closed by 1528@hello-PC

[2015-07-23 11:41:21 #16 store] 
Database 'D:\jsf work place\PurchaseSystem\build\web\WEB-INF\db\Users.odb' is opened by 1528@hello-PC

[2015-07-23 11:41:21 #17 store] 
Database 'D:\jsf work place\PurchaseSystem\build\web\WEB-INF\db\Users.odb' is closed by 1528@hello-PC

------------------------------------------------------------------------------------------------------------------------

[2015-07-23 11:42:17 #1 store] 
Database 'D:\jsf work place\PurchaseSystem\build\web\WEB-INF\db\Users.odb' is opened by 1528@hello-PC

[2015-07-23 11:42:17 #2 type] 
Type entity.Users is not enhanced.

[2015-07-23 11:42:17 #3 type] 
Type entity.Order is not enhanced.

[2015-07-23 11:42:17 #4 type] 
Type entity.ItemEntity is not enhanced.

[2015-07-23 11:42:18 #5 store] 
Database 'D:\jsf work place\PurchaseSystem\build\web\WEB-INF\db\Users.odb' is closed by 1528@hello-PC

------------------------------------------------------------------------------------------------------------------------

[2015-07-23 11:53:32 #1 store] 
Database 'D:\jsf work place\PurchaseSystem\build\web\WEB-INF\db\Users.odb' is opened by 1528@hello-PC

[2015-07-23 11:53:32 #2 type] 
Type entity.Users is not enhanced.

[2015-07-23 11:53:32 #3 type] 
Type entity.Order is not enhanced.

[2015-07-23 11:53:32 #4 type] 
Type entity.ItemEntity is not enhanced.

[2015-07-23 11:53:33 #5 store] 
Database 'D:\jsf work place\PurchaseSystem\build\web\WEB-INF\db\Users.odb' is closed by 1528@hello-PC

------------------------------------------------------------------------------------------------------------------------

[2015-07-23 11:54:11 #1 store] 
Database 'D:\jsf work place\PurchaseSystem\build\web\WEB-INF\db\Users.odb' is opened by 1528@hello-PC

[2015-07-23 11:54:11 #2 type.registry] 
New type entity.Users

[2015-07-23 11:54:11 #3 type] 
Type entity.Users is not enhanced.

[2015-07-23 11:54:11 #4 type.registry] 
New type entity.Order

[2015-07-23 11:54:11 #5 type] 
Type entity.Order is not enhanced.

[2015-07-23 11:54:11 #6 type.registry] 
New type entity.ItemEntity

[2015-07-23 11:54:11 #7 type] 
Type entity.ItemEntity is not enhanced.

[2015-07-23 11:54:11 #8 store] 
Database 'D:\jsf work place\PurchaseSystem\build\web\WEB-INF\db\Users.odb' is closed by 1528@hello-PC

[2015-07-23 11:54:28 #9 store] 
Database 'D:\jsf work place\PurchaseSystem\build\web\WEB-INF\db\Users.odb' is opened by 1528@hello-PC

[2015-07-23 11:54:28 #10 type.registry] 
New type java.util.ArrayList<java.lang.Object>

[2015-07-23 11:54:28 #11 type.registry] 
New type java.util.ArrayList<entity.Order>

[2015-07-23 11:54:28 #12 type.registry] 
New type com.objectdb.o.LMT

[2015-07-23 11:54:28 #13 type.registry] 
New type com.objectdb.o.VAL

[2015-07-23 11:54:28 #14 type.registry] 
New type com.objectdb.o.RFV

[2015-07-23 11:54:28 #15 store] 
Database 'D:\jsf work place\PurchaseSystem\build\web\WEB-INF\db\Users.odb' is closed by 1528@hello-PC

------------------------------------------------------------------------------------------------------------------------

[2015-07-23 11:55:24 #1 store] 
Database 'D:\jsf work place\PurchaseSystem\build\web\WEB-INF\db\Users.odb' is opened by 1528@hello-PC

[2015-07-23 11:55:24 #2 type] 
Type entity.Users is not enhanced.

[2015-07-23 11:55:24 #3 type] 
Type entity.Order is not enhanced.

[2015-07-23 11:55:24 #4 type] 
Type entity.ItemEntity is not enhanced.

------------------------------------------------------------------------------------------------------------------------

[2015-07-23 12:14:02 #1 store] 
Database 'D:\jsf work place\PurchaseSystem\build\web\WEB-INF\db\Users.odb' has been recovered (tr. 9-15)

[2015-07-23 12:14:02 #2 store] 
Database 'D:\jsf work place\PurchaseSystem\build\web\WEB-INF\db\Users.odb' is opened by 4060@hello-PC

[2015-07-23 12:14:03 #3 type] 
Type entity.Users is not enhanced.

[2015-07-23 12:14:03 #4 type] 
Type entity.Order is not enhanced.

[2015-07-23 12:14:03 #5 type] 
Type entity.ItemEntity is not enhanced.

[2015-07-23 12:14:03 #6 store] 
Database 'D:\jsf work place\PurchaseSystem\build\web\WEB-INF\db\Users.odb' is closed by 4060@hello-PC

------------------------------------------------------------------------------------------------------------------------

[2015-07-23 12:26:54 #1 store] 
Database 'D:\jsf work place\PurchaseSystem\build\web\WEB-INF\db\Users.odb' is opened by 4060@hello-PC

[2015-07-23 12:26:54 #2 type] 
Type entity.Users is not enhanced.

[2015-07-23 12:26:54 #3 type] 
Type entity.Order is not enhanced.

[2015-07-23 12:26:54 #4 type] 
Type entity.ItemEntity is not enhanced.

[2015-07-23 12:26:55 #5 store] 
Database 'D:\jsf work place\PurchaseSystem\build\web\WEB-INF\db\Users.odb' is closed by 4060@hello-PC

------------------------------------------------------------------------------------------------------------------------

[2015-07-23 12:27:14 #1 store] 
Database 'D:\jsf work place\PurchaseSystem\build\web\WEB-INF\db\Users.odb' is opened by 4060@hello-PC

[2015-07-23 12:27:15 #2 type.registry] 
New type entity.Users

[2015-07-23 12:27:15 #3 type] 
Type entity.Users is not enhanced.

[2015-07-23 12:27:15 #4 type.registry] 
New type entity.Order

[2015-07-23 12:27:15 #5 type] 
Type entity.Order is not enhanced.

[2015-07-23 12:27:15 #6 type.registry] 
New type entity.ItemEntity

[2015-07-23 12:27:15 #7 type] 
Type entity.ItemEntity is not enhanced.

[2015-07-23 12:27:15 #8 store] 
Database 'D:\jsf work place\PurchaseSystem\build\web\WEB-INF\db\Users.odb' is closed by 4060@hello-PC

------------------------------------------------------------------------------------------------------------------------

[2015-07-23 12:30:38 #1 store] 
Database 'D:\jsf work place\PurchaseSystem\build\web\WEB-INF\db\Users.odb' is opened by 4060@hello-PC

[2015-07-23 12:30:38 #2 type] 
Type entity.Users is not enhanced.

[2015-07-23 12:30:38 #3 type] 
Type entity.Order is not enhanced.

[2015-07-23 12:30:38 #4 type] 
Type entity.ItemEntity is not enhanced.

[2015-07-23 12:30:38 #5 type.registry] 
New type java.util.ArrayList<java.lang.Object>

[2015-07-23 12:30:38 #6 type.registry] 
New type java.util.ArrayList<entity.Order>

[2015-07-23 12:30:38 #7 type.registry] 
New type com.objectdb.o.LMT

[2015-07-23 12:30:38 #8 type.registry] 
New type com.objectdb.o.VAL

[2015-07-23 12:30:38 #9 type.registry] 
New type com.objectdb.o.RFV

[2015-07-23 12:30:38 #10 store] 
Database 'D:\jsf work place\PurchaseSystem\build\web\WEB-INF\db\Users.odb' is closed by 4060@hello-PC

------------------------------------------------------------------------------------------------------------------------

[2015-07-23 12:34:52 #1 store] 
Database 'D:\jsf work place\PurchaseSystem\build\web\WEB-INF\db\Users.odb' is opened by 4060@hello-PC

[2015-07-23 12:34:53 #2 type] 
Type entity.Users is not enhanced.

[2015-07-23 12:34:53 #3 type] 
Type entity.Order is not enhanced.

[2015-07-23 12:34:53 #4 type] 
Type entity.ItemEntity is not enhanced.

[2015-07-23 12:34:53 #5 store] 
Database 'D:\jsf work place\PurchaseSystem\build\web\WEB-INF\db\Users.odb' is closed by 4060@hello-PC

------------------------------------------------------------------------------------------------------------------------

[2015-07-23 12:35:59 #1 store] 
Database 'D:\jsf work place\PurchaseSystem\build\web\WEB-INF\db\Users.odb' is opened by 4060@hello-PC

[2015-07-23 12:36:00 #2 type] 
Type entity.Users is not enhanced.

[2015-07-23 12:36:00 #3 type] 
Type entity.Order is not enhanced.

[2015-07-23 12:36:00 #4 type] 
Type entity.ItemEntity is not enhanced.

[2015-07-23 12:36:00 #5 store] 
Database 'D:\jsf work place\PurchaseSystem\build\web\WEB-INF\db\Users.odb' is closed by 4060@hello-PC

------------------------------------------------------------------------------------------------------------------------

[2015-07-23 12:36:18 #1 store] 
Database 'D:\jsf work place\PurchaseSystem\build\web\WEB-INF\db\Users.odb' is opened by 4060@hello-PC

[2015-07-23 12:36:18 #2 type.registry] 
New type entity.Users

[2015-07-23 12:36:18 #3 type] 
Type entity.Users is not enhanced.

[2015-07-23 12:36:18 #4 type.registry] 
New type entity.Order

[2015-07-23 12:36:18 #5 type] 
Type entity.Order is not enhanced.

[2015-07-23 12:36:18 #6 type.registry] 
New type entity.ItemEntity

[2015-07-23 12:36:18 #7 type] 
Type entity.ItemEntity is not enhanced.

[2015-07-23 12:36:18 #8 store] 
Database 'D:\jsf work place\PurchaseSystem\build\web\WEB-INF\db\Users.odb' is closed by 4060@hello-PC

------------------------------------------------------------------------------------------------------------------------

[2015-07-23 12:38:57 #1 store] 
Database 'D:\jsf work place\PurchaseSystem\build\web\WEB-INF\db\Users.odb' is opened by 4060@hello-PC

[2015-07-23 12:38:57 #2 type] 
Type entity.Users is not enhanced.

[2015-07-23 12:38:57 #3 type] 
Type entity.Order is not enhanced.

[2015-07-23 12:38:57 #4 type] 
Type entity.ItemEntity is not enhanced.

[2015-07-23 12:38:57 #5 type.registry] 
New type java.util.ArrayList<java.lang.Object>

[2015-07-23 12:38:57 #6 type.registry] 
New type java.util.ArrayList<entity.Order>

[2015-07-23 12:38:57 #7 type.registry] 
New type com.objectdb.o.LMT

[2015-07-23 12:38:57 #8 type.registry] 
New type com.objectdb.o.VAL

[2015-07-23 12:38:57 #9 type.registry] 
New type com.objectdb.o.RFV

[2015-07-23 12:38:57 #10 store] 
Database 'D:\jsf work place\PurchaseSystem\build\web\WEB-INF\db\Users.odb' is closed by 4060@hello-PC

------------------------------------------------------------------------------------------------------------------------

[2015-07-23 12:43:28 #1 store] 
Database 'D:\jsf work place\PurchaseSystem\build\web\WEB-INF\db\Users.odb' is opened by 4060@hello-PC

[2015-07-23 12:43:28 #2 type] 
Type entity.Users is not enhanced.

[2015-07-23 12:43:28 #3 type] 
Type entity.Order is not enhanced.

[2015-07-23 12:43:28 #4 type] 
Type entity.ItemEntity is not enhanced.

[2015-07-23 12:43:29 #5 store] 
Database 'D:\jsf work place\PurchaseSystem\build\web\WEB-INF\db\Users.odb' is closed by 4060@hello-PC

[2015-07-23 12:43:43 #6 store] 
Database 'D:\jsf work place\PurchaseSystem\build\web\WEB-INF\db\Users.odb' is opened by 4060@hello-PC

[2015-07-23 12:43:43 #7 store] 
Database 'D:\jsf work place\PurchaseSystem\build\web\WEB-INF\db\Users.odb' is closed by 4060@hello-PC

[2015-07-23 12:43:44 #8 store] 
Database 'D:\jsf work place\PurchaseSystem\build\web\WEB-INF\db\Users.odb' is opened by 4060@hello-PC

[2015-07-23 12:43:44 #9 store] 
Database 'D:\jsf work place\PurchaseSystem\build\web\WEB-INF\db\Users.odb' is closed by 4060@hello-PC

[2015-07-23 12:43:46 #10 store] 
Database 'D:\jsf work place\PurchaseSystem\build\web\WEB-INF\db\Users.odb' is opened by 4060@hello-PC

[2015-07-23 12:43:46 #11 store] 
Database 'D:\jsf work place\PurchaseSystem\build\web\WEB-INF\db\Users.odb' is closed by 4060@hello-PC

[2015-07-23 12:43:47 #12 store] 
Database 'D:\jsf work place\PurchaseSystem\build\web\WEB-INF\db\Users.odb' is opened by 4060@hello-PC

[2015-07-23 12:43:47 #13 store] 
Database 'D:\jsf work place\PurchaseSystem\build\web\WEB-INF\db\Users.odb' is closed by 4060@hello-PC

[2015-07-23 12:43:48 #14 store] 
Database 'D:\jsf work place\PurchaseSystem\build\web\WEB-INF\db\Users.odb' is opened by 4060@hello-PC

[2015-07-23 12:43:48 #15 store] 
Database 'D:\jsf work place\PurchaseSystem\build\web\WEB-INF\db\Users.odb' is closed by 4060@hello-PC

[2015-07-23 12:43:53 #16 store] 
Database 'D:\jsf work place\PurchaseSystem\build\web\WEB-INF\db\Users.odb' is opened by 4060@hello-PC

[2015-07-23 12:43:53 #17 store] 
Database 'D:\jsf work place\PurchaseSystem\build\web\WEB-INF\db\Users.odb' is closed by 4060@hello-PC

------------------------------------------------------------------------------------------------------------------------

[2015-07-23 12:44:41 #1 store] 
Database 'D:\jsf work place\PurchaseSystem\build\web\WEB-INF\db\Users.odb' is opened by 4060@hello-PC

[2015-07-23 12:44:41 #2 type] 
Type entity.Users is not enhanced.

[2015-07-23 12:44:41 #3 type] 
Type entity.Order is not enhanced.

[2015-07-23 12:44:41 #4 type] 
Type entity.ItemEntity is not enhanced.

[2015-07-23 12:44:42 #5 store] 
Database 'D:\jsf work place\PurchaseSystem\build\web\WEB-INF\db\Users.odb' is closed by 4060@hello-PC

------------------------------------------------------------------------------------------------------------------------

[2015-07-23 12:50:39 #1 store] 
Database 'D:\jsf work place\PurchaseSystem\build\web\WEB-INF\db\Users.odb' is opened by 4060@hello-PC

[2015-07-23 12:50:39 #2 type] 
Type entity.Users is not enhanced.

[2015-07-23 12:50:39 #3 type] 
Type entity.Order is not enhanced.

[2015-07-23 12:50:39 #4 type] 
Type entity.ItemEntity is not enhanced.

------------------------------------------------------------------------------------------------------------------------

[2015-07-23 12:53:47 #1 store] 
Database 'D:\jsf work place\PurchaseSystem\build\web\WEB-INF\db\Users.odb' has been recovered (tr. 17-19)

[2015-07-23 12:53:47 #2 store] 
Database 'D:\jsf work place\PurchaseSystem\build\web\WEB-INF\db\Users.odb' is opened by 352@hello-PC

[2015-07-23 12:53:48 #3 type] 
Type entity.Users is not enhanced.

[2015-07-23 12:53:48 #4 type] 
Type entity.Order is not enhanced.

[2015-07-23 12:53:48 #5 type] 
Type entity.ItemEntity is not enhanced.

[2015-07-23 12:53:48 #6 store] 
Database 'D:\jsf work place\PurchaseSystem\build\web\WEB-INF\db\Users.odb' is closed by 352@hello-PC

[2015-07-23 12:53:59 #7 store] 
Database 'D:\jsf work place\PurchaseSystem\build\web\WEB-INF\db\Users.odb' is opened by 352@hello-PC

[2015-07-23 12:53:59 #8 store] 
Database 'D:\jsf work place\PurchaseSystem\build\web\WEB-INF\db\Users.odb' is closed by 352@hello-PC

[2015-07-23 12:54:05 #9 store] 
Database 'D:\jsf work place\PurchaseSystem\build\web\WEB-INF\db\Users.odb' is opened by 352@hello-PC

[2015-07-23 12:54:05 #10 store] 
Database 'D:\jsf work place\PurchaseSystem\build\web\WEB-INF\db\Users.odb' is closed by 352@hello-PC

[2015-07-23 12:54:11 #11 store] 
Database 'D:\jsf work place\PurchaseSystem\build\web\WEB-INF\db\Users.odb' is opened by 352@hello-PC

[2015-07-23 12:54:11 #12 store] 
Database 'D:\jsf work place\PurchaseSystem\build\web\WEB-INF\db\Users.odb' is closed by 352@hello-PC

------------------------------------------------------------------------------------------------------------------------

[2015-07-23 13:03:32 #1 store] 
Database 'D:\jsf work place\PurchaseSystem\build\web\WEB-INF\db\Users.odb' is opened by 352@hello-PC

[2015-07-23 13:03:32 #2 type] 
Type entity.Users is not enhanced.

[2015-07-23 13:03:32 #3 type] 
Type entity.Order is not enhanced.

[2015-07-23 13:03:32 #4 type] 
Type entity.ItemEntity is not enhanced.

------------------------------------------------------------------------------------------------------------------------

[2015-07-23 13:07:26 #1 store] 
Database 'D:\jsf work place\PurchaseSystem\build\web\WEB-INF\db\Users.odb' has been recovered (tr. 24-30)

[2015-07-23 13:07:26 #2 store] 
Database 'D:\jsf work place\PurchaseSystem\build\web\WEB-INF\db\Users.odb' is opened by 3832@hello-PC

[2015-07-23 13:07:26 #3 type] 
Type entity.Users is not enhanced.

[2015-07-23 13:07:27 #4 type] 
Type entity.Order is not enhanced.

[2015-07-23 13:07:27 #5 type] 
Type entity.ItemEntity is not enhanced.

------------------------------------------------------------------------------------------------------------------------

[2015-07-23 13:10:35 #1 store] 
Database 'D:\jsf work place\PurchaseSystem\build\web\WEB-INF\db\Users.odb' has been recovered (tr. 31-35)

[2015-07-23 13:10:35 #2 store] 
Database 'D:\jsf work place\PurchaseSystem\build\web\WEB-INF\db\Users.odb' is opened by 352@hello-PC

[2015-07-23 13:10:36 #3 type] 
Type entity.Users is not enhanced.

[2015-07-23 13:10:36 #4 type] 
Type entity.Order is not enhanced.

[2015-07-23 13:10:36 #5 type] 
Type entity.ItemEntity is not enhanced.

------------------------------------------------------------------------------------------------------------------------

[2015-07-23 13:13:09 #1 store] 
Database 'D:\jsf work place\PurchaseSystem\build\web\WEB-INF\db\Users.odb' has been recovered (tr. 36-37)

[2015-07-23 13:13:09 #2 store] 
Database 'D:\jsf work place\PurchaseSystem\build\web\WEB-INF\db\Users.odb' is opened by 2760@hello-PC

[2015-07-23 13:13:10 #3 type] 
Type entity.Users is not enhanced.

[2015-07-23 13:13:10 #4 type] 
Type entity.Order is not enhanced.

[2015-07-23 13:13:10 #5 type] 
Type entity.ItemEntity is not enhanced.

[2015-07-23 13:13:10 #6 store] 
Database 'D:\jsf work place\PurchaseSystem\build\web\WEB-INF\db\Users.odb' is closed by 2760@hello-PC

------------------------------------------------------------------------------------------------------------------------

[2015-07-23 13:13:40 #1 store] 
Database 'D:\jsf work place\PurchaseSystem\build\web\WEB-INF\db\Users.odb' is opened by 2760@hello-PC

[2015-07-23 13:13:40 #2 type.registry] 
New type entity.Users

[2015-07-23 13:13:40 #3 type] 
Type entity.Users is not enhanced.

[2015-07-23 13:13:40 #4 type.registry] 
New type entity.Order

[2015-07-23 13:13:40 #5 type] 
Type entity.Order is not enhanced.

[2015-07-23 13:13:40 #6 type.registry] 
New type entity.ItemEntity

[2015-07-23 13:13:40 #7 type] 
Type entity.ItemEntity is not enhanced.

[2015-07-23 13:13:40 #8 store] 
Database 'D:\jsf work place\PurchaseSystem\build\web\WEB-INF\db\Users.odb' is closed by 2760@hello-PC

------------------------------------------------------------------------------------------------------------------------

[2015-07-23 13:18:22 #1 store] 
Database 'D:\jsf work place\PurchaseSystem\build\web\WEB-INF\db\Users.odb' is opened by 2760@hello-PC

[2015-07-23 13:18:23 #2 type] 
Type entity.Users is not enhanced.

[2015-07-23 13:18:23 #3 type] 
Type entity.Order is not enhanced.

[2015-07-23 13:18:23 #4 type] 
Type entity.ItemEntity is not enhanced.

------------------------------------------------------------------------------------------------------------------------

[2015-07-23 13:21:03 #1 store] 
Database 'D:\jsf work place\PurchaseSystem\build\web\WEB-INF\db\Users.odb' has been recovered (tr. 5-5)

[2015-07-23 13:21:03 #2 store] 
Database 'D:\jsf work place\PurchaseSystem\build\web\WEB-INF\db\Users.odb' is opened by 3968@hello-PC

[2015-07-23 13:21:03 #3 type] 
Type entity.Users is not enhanced.

[2015-07-23 13:21:03 #4 type] 
Type entity.Order is not enhanced.

[2015-07-23 13:21:03 #5 type] 
Type entity.ItemEntity is not enhanced.

------------------------------------------------------------------------------------------------------------------------

[2015-07-23 13:26:37 #1 store] 
Database 'D:\jsf work place\PurchaseSystem\build\web\WEB-INF\db\Users.odb' has been recovered (tr. 6-9)

[2015-07-23 13:26:37 #2 store] 
Database 'D:\jsf work place\PurchaseSystem\build\web\WEB-INF\db\Users.odb' is opened by 2948@hello-PC

[2015-07-23 13:26:37 #3 type] 
Type entity.Users is not enhanced.

[2015-07-23 13:26:37 #4 type] 
Type entity.Order is not enhanced.

[2015-07-23 13:26:37 #5 type] 
Type entity.ItemEntity is not enhanced.

[2015-07-23 13:26:38 #6 type.registry] 
New type java.util.ArrayList<java.lang.Object>

[2015-07-23 13:26:38 #7 type.registry] 
New type java.util.ArrayList<entity.Order>

[2015-07-23 13:26:38 #8 type.registry] 
New type com.objectdb.o.LMT

[2015-07-23 13:26:38 #9 type.registry] 
New type com.objectdb.o.VAL

[2015-07-23 13:26:38 #10 type.registry] 
New type com.objectdb.o.RFV

[2015-07-23 13:26:38 #11 store] 
Database 'D:\jsf work place\PurchaseSystem\build\web\WEB-INF\db\Users.odb' is closed by 2948@hello-PC

------------------------------------------------------------------------------------------------------------------------

[2015-07-23 13:35:57 #1 store] 
Database 'D:\jsf work place\PurchaseSystem\build\web\WEB-INF\db\Users.odb' is opened by 2948@hello-PC

[2015-07-23 13:35:57 #2 type] 
Type entity.Users is not enhanced.

[2015-07-23 13:35:57 #3 type] 
Type entity.Order is not enhanced.

[2015-07-23 13:35:57 #4 type] 
Type entity.ItemEntity is not enhanced.

[2015-07-23 13:35:58 #5 store] 
Database 'D:\jsf work place\PurchaseSystem\build\web\WEB-INF\db\Users.odb' is closed by 2948@hello-PC

[2015-07-23 13:35:58 #6 store] 
Database 'D:\jsf work place\PurchaseSystem\build\web\WEB-INF\db\Users.odb' is opened by 2948@hello-PC

[2015-07-23 13:35:58 #7 store] 
Database 'D:\jsf work place\PurchaseSystem\build\web\WEB-INF\db\Users.odb' is closed by 2948@hello-PC

------------------------------------------------------------------------------------------------------------------------

[2015-07-23 13:36:32 #1 store] 
Database 'D:\jsf work place\PurchaseSystem\build\web\WEB-INF\db\Users.odb' is opened by 2948@hello-PC

[2015-07-23 13:36:32 #2 type.registry] 
New type entity.Users

[2015-07-23 13:36:32 #3 type] 
Type entity.Users is not enhanced.

[2015-07-23 13:36:32 #4 type.registry] 
New type entity.Order

[2015-07-23 13:36:32 #5 type] 
Type entity.Order is not enhanced.

[2015-07-23 13:36:32 #6 type.registry] 
New type entity.ItemEntity

[2015-07-23 13:36:32 #7 type] 
Type entity.ItemEntity is not enhanced.

[2015-07-23 13:36:32 #8 store] 
Database 'D:\jsf work place\PurchaseSystem\build\web\WEB-INF\db\Users.odb' is closed by 2948@hello-PC

[2015-07-23 13:36:32 #9 store] 
Database 'D:\jsf work place\PurchaseSystem\build\web\WEB-INF\db\Users.odb' is opened by 2948@hello-PC

[2015-07-23 13:36:32 #10 type.registry] 
New type java.util.ArrayList<java.lang.Object>

[2015-07-23 13:36:32 #11 type.registry] 
New type java.util.ArrayList<entity.Order>

[2015-07-23 13:36:32 #12 type.registry] 
New type com.objectdb.o.LMT

[2015-07-23 13:36:32 #13 type.registry] 
New type com.objectdb.o.VAL

[2015-07-23 13:36:32 #14 type.registry] 
New type com.objectdb.o.RFV

[2015-07-23 13:36:32 #15 store] 
Database 'D:\jsf work place\PurchaseSystem\build\web\WEB-INF\db\Users.odb' is closed by 2948@hello-PC

[2015-07-23 13:37:32 #16 store] 
Database 'D:\jsf work place\PurchaseSystem\build\web\WEB-INF\db\Users.odb' is opened by 2948@hello-PC

[2015-07-23 13:37:32 #17 store] 
Database 'D:\jsf work place\PurchaseSystem\build\web\WEB-INF\db\Users.odb' is closed by 2948@hello-PC

[2015-07-23 13:37:32 #18 store] 
Database 'D:\jsf work place\PurchaseSystem\build\web\WEB-INF\db\Users.odb' is opened by 2948@hello-PC

[2015-07-23 13:37:32 #19 store] 
Database 'D:\jsf work place\PurchaseSystem\build\web\WEB-INF\db\Users.odb' is closed by 2948@hello-PC

[2015-07-23 13:37:38 #20 store] 
Database 'D:\jsf work place\PurchaseSystem\build\web\WEB-INF\db\Users.odb' is opened by 2948@hello-PC

[2015-07-23 13:37:38 #21 store] 
Database 'D:\jsf work place\PurchaseSystem\build\web\WEB-INF\db\Users.odb' is closed by 2948@hello-PC

[2015-07-23 13:37:38 #22 store] 
Database 'D:\jsf work place\PurchaseSystem\build\web\WEB-INF\db\Users.odb' is opened by 2948@hello-PC

[2015-07-23 13:37:38 #23 store] 
Database 'D:\jsf work place\PurchaseSystem\build\web\WEB-INF\db\Users.odb' is closed by 2948@hello-PC

[2015-07-23 13:37:42 #24 store] 
Database 'D:\jsf work place\PurchaseSystem\build\web\WEB-INF\db\Users.odb' is opened by 2948@hello-PC

[2015-07-23 13:37:42 #25 store] 
Database 'D:\jsf work place\PurchaseSystem\build\web\WEB-INF\db\Users.odb' is closed by 2948@hello-PC

[2015-07-23 13:37:42 #26 store] 
Database 'D:\jsf work place\PurchaseSystem\build\web\WEB-INF\db\Users.odb' is opened by 2948@hello-PC

[2015-07-23 13:37:42 #27 store] 
Database 'D:\jsf work place\PurchaseSystem\build\web\WEB-INF\db\Users.odb' is closed by 2948@hello-PC

[2015-07-23 13:38:11 #28 store] 
Database 'D:\jsf work place\PurchaseSystem\build\web\WEB-INF\db\Users.odb' is opened by 2948@hello-PC

[2015-07-23 13:38:12 #29 store] 
Database 'D:\jsf work place\PurchaseSystem\build\web\WEB-INF\db\Users.odb' is closed by 2948@hello-PC

[2015-07-23 13:38:12 #30 store] 
Database 'D:\jsf work place\PurchaseSystem\build\web\WEB-INF\db\Users.odb' is opened by 2948@hello-PC

[2015-07-23 13:38:12 #31 store] 
Database 'D:\jsf work place\PurchaseSystem\build\web\WEB-INF\db\Users.odb' is closed by 2948@hello-PC

------------------------------------------------------------------------------------------------------------------------

[2015-07-23 13:38:49 #1 store] 
Database 'D:\jsf work place\PurchaseSystem\build\web\WEB-INF\db\Users.odb' is opened by 2948@hello-PC

[2015-07-23 13:38:50 #2 type] 
Type entity.Users is not enhanced.

[2015-07-23 13:38:50 #3 type] 
Type entity.Order is not enhanced.

[2015-07-23 13:38:50 #4 type] 
Type entity.ItemEntity is not enhanced.

------------------------------------------------------------------------------------------------------------------------

[2015-07-23 13:40:54 #1 store] 
Database 'D:\jsf work place\PurchaseSystem\build\web\WEB-INF\db\Users.odb' has been recovered (tr. 12-19)

[2015-07-23 13:40:54 #2 store] 
Database 'D:\jsf work place\PurchaseSystem\build\web\WEB-INF\db\Users.odb' is opened by 2968@hello-PC

[2015-07-23 13:40:55 #3 type] 
Type entity.Users is not enhanced.

[2015-07-23 13:40:55 #4 type] 
Type entity.Order is not enhanced.

[2015-07-23 13:40:55 #5 type] 
Type entity.ItemEntity is not enhanced.

------------------------------------------------------------------------------------------------------------------------

[2015-07-23 13:44:17 #1 store] 
Database 'D:\jsf work place\PurchaseSystem\build\web\WEB-INF\db\Users.odb' has been recovered (tr. 20-31)

[2015-07-23 13:44:17 #2 store] 
Database 'D:\jsf work place\PurchaseSystem\build\web\WEB-INF\db\Users.odb' is opened by 4740@hello-PC

[2015-07-23 13:44:18 #3 type] 
Type entity.Users is not enhanced.

[2015-07-23 13:44:18 #4 type] 
Type entity.Order is not enhanced.

[2015-07-23 13:44:18 #5 type] 
Type entity.ItemEntity is not enhanced.

------------------------------------------------------------------------------------------------------------------------

[2015-07-23 13:48:59 #1 store] 
Database 'D:\jsf work place\PurchaseSystem\build\web\WEB-INF\db\Users.odb' has been recovered (tr. 32-32)

[2015-07-23 13:48:59 #2 store] 
Database 'D:\jsf work place\PurchaseSystem\build\web\WEB-INF\db\Users.odb' is opened by 4128@hello-PC

[2015-07-23 13:49:00 #3 type] 
Type entity.Users is not enhanced.

[2015-07-23 13:49:00 #4 type] 
Type entity.Order is not enhanced.

[2015-07-23 13:49:00 #5 type] 
Type entity.ItemEntity is not enhanced.

[2015-07-23 13:49:00 #6 store] 
Database 'D:\jsf work place\PurchaseSystem\build\web\WEB-INF\db\Users.odb' is closed by 4128@hello-PC

[2015-07-23 13:49:00 #7 store] 
Database 'D:\jsf work place\PurchaseSystem\build\web\WEB-INF\db\Users.odb' is opened by 4128@hello-PC

[2015-07-23 13:49:01 #8 store] 
Database 'D:\jsf work place\PurchaseSystem\build\web\WEB-INF\db\Users.odb' is closed by 4128@hello-PC

------------------------------------------------------------------------------------------------------------------------

[2015-07-23 13:50:29 #1 store] 
Database 'D:\jsf work place\PurchaseSystem\build\web\WEB-INF\db\Users.odb' is opened by 4128@hello-PC

[2015-07-23 13:50:29 #2 type] 
Type entity.Users is not enhanced.

[2015-07-23 13:50:29 #3 type] 
Type entity.Order is not enhanced.

[2015-07-23 13:50:29 #4 type] 
Type entity.ItemEntity is not enhanced.

[2015-07-23 13:50:29 #5 store] 
Database 'D:\jsf work place\PurchaseSystem\build\web\WEB-INF\db\Users.odb' is closed by 4128@hello-PC

[2015-07-23 13:50:29 #6 store] 
Database 'D:\jsf work place\PurchaseSystem\build\web\WEB-INF\db\Users.odb' is opened by 4128@hello-PC

[2015-07-23 13:50:30 #7 store] 
Database 'D:\jsf work place\PurchaseSystem\build\web\WEB-INF\db\Users.odb' is closed by 4128@hello-PC

------------------------------------------------------------------------------------------------------------------------

[2015-07-23 13:51:54 #1 store] 
Database 'D:\jsf work place\PurchaseSystem\build\web\WEB-INF\db\Users.odb' is opened by 4128@hello-PC

[2015-07-23 13:51:55 #2 type] 
Type entity.Users is not enhanced.

[2015-07-23 13:51:55 #3 type] 
Type entity.Order is not enhanced.

[2015-07-23 13:51:55 #4 type] 
Type entity.ItemEntity is not enhanced.

[2015-07-23 13:51:55 #5 store] 
Database 'D:\jsf work place\PurchaseSystem\build\web\WEB-INF\db\Users.odb' is closed by 4128@hello-PC

[2015-07-23 13:51:55 #6 store] 
Database 'D:\jsf work place\PurchaseSystem\build\web\WEB-INF\db\Users.odb' is opened by 4128@hello-PC

[2015-07-23 13:51:55 #7 store] 
Database 'D:\jsf work place\PurchaseSystem\build\web\WEB-INF\db\Users.odb' is closed by 4128@hello-PC

------------------------------------------------------------------------------------------------------------------------

[2015-07-23 13:52:23 #1 store] 
Database 'D:\jsf work place\PurchaseSystem\build\web\WEB-INF\db\Users.odb' is opened by 4128@hello-PC

[2015-07-23 13:52:24 #2 type.registry] 
New type entity.Users

[2015-07-23 13:52:24 #3 type] 
Type entity.Users is not enhanced.

[2015-07-23 13:52:24 #4 type.registry] 
New type entity.Order

[2015-07-23 13:52:24 #5 type] 
Type entity.Order is not enhanced.

[2015-07-23 13:52:24 #6 type.registry] 
New type entity.ItemEntity

[2015-07-23 13:52:24 #7 type] 
Type entity.ItemEntity is not enhanced.

[2015-07-23 13:52:24 #8 store] 
Database 'D:\jsf work place\PurchaseSystem\build\web\WEB-INF\db\Users.odb' is closed by 4128@hello-PC

[2015-07-23 13:52:24 #9 store] 
Database 'D:\jsf work place\PurchaseSystem\build\web\WEB-INF\db\Users.odb' is opened by 4128@hello-PC

[2015-07-23 13:52:24 #10 type.registry] 
New type java.util.ArrayList<java.lang.Object>

[2015-07-23 13:52:24 #11 type.registry] 
New type java.util.ArrayList<entity.Order>

[2015-07-23 13:52:24 #12 type.registry] 
New type com.objectdb.o.LMT

[2015-07-23 13:52:24 #13 type.registry] 
New type com.objectdb.o.VAL

[2015-07-23 13:52:24 #14 type.registry] 
New type com.objectdb.o.RFV

[2015-07-23 13:52:24 #15 store] 
Database 'D:\jsf work place\PurchaseSystem\build\web\WEB-INF\db\Users.odb' is closed by 4128@hello-PC

[2015-07-23 13:52:33 #16 store] 
Database 'D:\jsf work place\PurchaseSystem\build\web\WEB-INF\db\Users.odb' is opened by 4128@hello-PC

[2015-07-23 13:52:33 #17 store] 
Database 'D:\jsf work place\PurchaseSystem\build\web\WEB-INF\db\Users.odb' is closed by 4128@hello-PC

[2015-07-23 13:52:33 #18 store] 
Database 'D:\jsf work place\PurchaseSystem\build\web\WEB-INF\db\Users.odb' is opened by 4128@hello-PC

[2015-07-23 13:52:33 #19 store] 
Database 'D:\jsf work place\PurchaseSystem\build\web\WEB-INF\db\Users.odb' is closed by 4128@hello-PC

[2015-07-23 13:52:59 #20 store] 
Database 'D:\jsf work place\PurchaseSystem\build\web\WEB-INF\db\Users.odb' is opened by 4128@hello-PC

[2015-07-23 13:52:59 #21 store] 
Database 'D:\jsf work place\PurchaseSystem\build\web\WEB-INF\db\Users.odb' is closed by 4128@hello-PC

[2015-07-23 13:52:59 #22 store] 
Database 'D:\jsf work place\PurchaseSystem\build\web\WEB-INF\db\Users.odb' is opened by 4128@hello-PC

[2015-07-23 13:52:59 #23 store] 
Database 'D:\jsf work place\PurchaseSystem\build\web\WEB-INF\db\Users.odb' is closed by 4128@hello-PC

[2015-07-23 13:53:27 #24 store] 
Database 'D:\jsf work place\PurchaseSystem\build\web\WEB-INF\db\Users.odb' is opened by 4128@hello-PC

[2015-07-23 13:53:27 #25 store] 
Database 'D:\jsf work place\PurchaseSystem\build\web\WEB-INF\db\Users.odb' is closed by 4128@hello-PC

[2015-07-23 13:53:27 #26 store] 
Database 'D:\jsf work place\PurchaseSystem\build\web\WEB-INF\db\Users.odb' is opened by 4128@hello-PC

[2015-07-23 13:53:27 #27 store] 
Database 'D:\jsf work place\PurchaseSystem\build\web\WEB-INF\db\Users.odb' is closed by 4128@hello-PC

------------------------------------------------------------------------------------------------------------------------

[2015-07-23 13:54:31 #1 store] 
Database 'D:\jsf work place\PurchaseSystem\build\web\WEB-INF\db\Users.odb' is opened by 4128@hello-PC

[2015-07-23 13:54:32 #2 type] 
Type entity.Users is not enhanced.

[2015-07-23 13:54:32 #3 type] 
Type entity.Order is not enhanced.

[2015-07-23 13:54:32 #4 type] 
Type entity.ItemEntity is not enhanced.

------------------------------------------------------------------------------------------------------------------------

[2015-07-23 13:57:21 #1 store] 
Database 'D:\jsf work place\PurchaseSystem\build\web\WEB-INF\db\Users.odb' has been recovered (tr. 19-22)

[2015-07-23 13:57:21 #2 store] 
Database 'D:\jsf work place\PurchaseSystem\build\web\WEB-INF\db\Users.odb' is opened by 5148@hello-PC

[2015-07-23 13:57:21 #3 type] 
Type entity.Users is not enhanced.

[2015-07-23 13:57:21 #4 type] 
Type entity.Order is not enhanced.

[2015-07-23 13:57:21 #5 type] 
Type entity.ItemEntity is not enhanced.

------------------------------------------------------------------------------------------------------------------------

[2015-07-23 14:00:22 #1 store] 
Database 'D:\jsf work place\PurchaseSystem\build\web\WEB-INF\db\Users.odb' has been recovered (tr. 23-23)

[2015-07-23 14:00:22 #2 store] 
Database 'D:\jsf work place\PurchaseSystem\build\web\WEB-INF\db\Users.odb' is opened by 2868@hello-PC

[2015-07-23 14:00:23 #3 type] 
Type entity.Users is not enhanced.

[2015-07-23 14:00:23 #4 type] 
Type entity.Order is not enhanced.

[2015-07-23 14:00:23 #5 type] 
Type entity.ItemEntity is not enhanced.

[2015-07-23 14:00:23 #6 store] 
Database 'D:\jsf work place\PurchaseSystem\build\web\WEB-INF\db\Users.odb' is closed by 2868@hello-PC

------------------------------------------------------------------------------------------------------------------------

[2015-07-23 14:01:37 #1 store] 
Database 'D:\jsf work place\PurchaseSystem\build\web\WEB-INF\db\Users.odb' is opened by 2868@hello-PC

[2015-07-23 14:01:37 #2 type.registry] 
New type entity.Users

[2015-07-23 14:01:37 #3 type] 
Type entity.Users is not enhanced.

[2015-07-23 14:01:37 #4 type.registry] 
New type entity.Order

[2015-07-23 14:01:37 #5 type] 
Type entity.Order is not enhanced.

[2015-07-23 14:01:37 #6 type.registry] 
New type entity.ItemEntity

[2015-07-23 14:01:37 #7 type] 
Type entity.ItemEntity is not enhanced.

[2015-07-23 14:01:37 #8 store] 
Database 'D:\jsf work place\PurchaseSystem\build\web\WEB-INF\db\Users.odb' is closed by 2868@hello-PC

[2015-07-23 14:01:37 #9 store] 
Database 'D:\jsf work place\PurchaseSystem\build\web\WEB-INF\db\Users.odb' is opened by 2868@hello-PC

[2015-07-23 14:01:37 #10 type.registry] 
New type java.util.ArrayList<java.lang.Object>

[2015-07-23 14:01:37 #11 type.registry] 
New type java.util.ArrayList<entity.Order>

[2015-07-23 14:01:37 #12 type.registry] 
New type com.objectdb.o.LMT

[2015-07-23 14:01:37 #13 type.registry] 
New type com.objectdb.o.VAL

[2015-07-23 14:01:37 #14 type.registry] 
New type com.objectdb.o.RFV

[2015-07-23 14:01:38 #15 store] 
Database 'D:\jsf work place\PurchaseSystem\build\web\WEB-INF\db\Users.odb' is closed by 2868@hello-PC

------------------------------------------------------------------------------------------------------------------------

[2015-07-23 14:06:57 #1 store] 
Database 'D:\jsf work place\PurchaseSystem\build\web\WEB-INF\db\Users.odb' is opened by 2868@hello-PC

[2015-07-23 14:06:57 #2 type] 
Type entity.Users is not enhanced.

[2015-07-23 14:06:57 #3 type] 
Type entity.Order is not enhanced.

[2015-07-23 14:06:57 #4 type] 
Type entity.ItemEntity is not enhanced.

------------------------------------------------------------------------------------------------------------------------

[2015-07-23 14:08:28 #1 store] 
Database 'D:\jsf work place\PurchaseSystem\build\web\WEB-INF\db\Users.odb' is opened by 5612@hello-PC

[2015-07-23 14:08:28 #2 type] 
Type entity.Users is not enhanced.

[2015-07-23 14:08:28 #3 type] 
Type entity.Order is not enhanced.

[2015-07-23 14:08:28 #4 type] 
Type entity.ItemEntity is not enhanced.

------------------------------------------------------------------------------------------------------------------------

[2015-07-23 14:13:10 #1 store] 
Database 'D:\jsf work place\PurchaseSystem\build\web\WEB-INF\db\Users.odb' is opened by 5724@hello-PC

[2015-07-23 14:13:11 #2 type] 
Type entity.Users is not enhanced.

[2015-07-23 14:13:11 #3 type] 
Type entity.Order is not enhanced.

[2015-07-23 14:13:11 #4 type] 
Type entity.ItemEntity is not enhanced.

------------------------------------------------------------------------------------------------------------------------

[2015-07-23 14:17:57 #1 store] 
Database 'D:\jsf work place\PurchaseSystem\build\web\WEB-INF\db\Users.odb' is opened by 5888@hello-PC

[2015-07-23 14:17:58 #2 type] 
Type entity.Users is not enhanced.

[2015-07-23 14:17:58 #3 type] 
Type entity.Order is not enhanced.

[2015-07-23 14:17:58 #4 type] 
Type entity.ItemEntity is not enhanced.

[2015-07-23 14:17:58 #5 store] 
Database 'D:\jsf work place\PurchaseSystem\build\web\WEB-INF\db\Users.odb' is closed by 5888@hello-PC

[2015-07-23 14:17:58 #6 store] 
Database 'D:\jsf work place\PurchaseSystem\build\web\WEB-INF\db\Users.odb' is opened by 5888@hello-PC

[2015-07-23 14:17:58 #7 store] 
Database 'D:\jsf work place\PurchaseSystem\build\web\WEB-INF\db\Users.odb' is closed by 5888@hello-PC

------------------------------------------------------------------------------------------------------------------------

[2015-07-23 14:18:31 #1 store] 
Database 'D:\jsf work place\PurchaseSystem\build\web\WEB-INF\db\Users.odb' is opened by 5888@hello-PC

[2015-07-23 14:18:31 #2 type.registry] 
New type entity.Users

[2015-07-23 14:18:31 #3 type] 
Type entity.Users is not enhanced.

[2015-07-23 14:18:31 #4 type.registry] 
New type entity.Order

[2015-07-23 14:18:31 #5 type] 
Type entity.Order is not enhanced.

[2015-07-23 14:18:31 #6 type.registry] 
New type entity.ItemEntity

[2015-07-23 14:18:31 #7 type] 
Type entity.ItemEntity is not enhanced.

[2015-07-23 14:18:31 #8 store] 
Database 'D:\jsf work place\PurchaseSystem\build\web\WEB-INF\db\Users.odb' is closed by 5888@hello-PC

[2015-07-23 14:18:31 #9 store] 
Database 'D:\jsf work place\PurchaseSystem\build\web\WEB-INF\db\Users.odb' is opened by 5888@hello-PC

[2015-07-23 14:18:32 #10 type.registry] 
New type java.util.ArrayList<java.lang.Object>

[2015-07-23 14:18:32 #11 type.registry] 
New type java.util.ArrayList<entity.Order>

[2015-07-23 14:18:32 #12 type.registry] 
New type com.objectdb.o.LMT

[2015-07-23 14:18:32 #13 type.registry] 
New type com.objectdb.o.VAL

[2015-07-23 14:18:32 #14 type.registry] 
New type com.objectdb.o.RFV

[2015-07-23 14:18:32 #15 store] 
Database 'D:\jsf work place\PurchaseSystem\build\web\WEB-INF\db\Users.odb' is closed by 5888@hello-PC

------------------------------------------------------------------------------------------------------------------------

[2015-07-23 14:19:35 #1 store] 
Database 'D:\jsf work place\PurchaseSystem\build\web\WEB-INF\db\Users.odb' is opened by 5888@hello-PC

[2015-07-23 14:19:35 #2 type.registry] 
New type entity.Users

[2015-07-23 14:19:35 #3 type] 
Type entity.Users is not enhanced.

[2015-07-23 14:19:35 #4 type.registry] 
New type entity.Order

[2015-07-23 14:19:35 #5 type] 
Type entity.Order is not enhanced.

[2015-07-23 14:19:35 #6 type.registry] 
New type entity.ItemEntity

[2015-07-23 14:19:35 #7 type] 
Type entity.ItemEntity is not enhanced.

------------------------------------------------------------------------------------------------------------------------

[2015-07-23 14:21:42 #1 store] 
Database 'D:\jsf work place\PurchaseSystem\build\web\WEB-INF\db\Users.odb' has been recovered (tr. 1-3)

[2015-07-23 14:21:42 #2 store] 
Database 'D:\jsf work place\PurchaseSystem\build\web\WEB-INF\db\Users.odb' is opened by 5528@hello-PC

[2015-07-23 14:21:42 #3 type] 
Type entity.Users is not enhanced.

[2015-07-23 14:21:42 #4 type] 
Type entity.Order is not enhanced.

[2015-07-23 14:21:42 #5 type] 
Type entity.ItemEntity is not enhanced.

[2015-07-23 14:21:43 #6 store] 
Database 'D:\jsf work place\PurchaseSystem\build\web\WEB-INF\db\Users.odb' is closed by 5528@hello-PC

[2015-07-23 14:21:43 #7 store] 
Database 'D:\jsf work place\PurchaseSystem\build\web\WEB-INF\db\Users.odb' is opened by 5528@hello-PC

[2015-07-23 14:21:43 #8 type.registry] 
New type java.util.ArrayList<java.lang.Object>

[2015-07-23 14:21:43 #9 type.registry] 
New type java.util.ArrayList<entity.Order>

[2015-07-23 14:21:43 #10 type.registry] 
New type com.objectdb.o.LMT

[2015-07-23 14:21:43 #11 type.registry] 
New type com.objectdb.o.VAL

[2015-07-23 14:21:43 #12 type.registry] 
New type com.objectdb.o.RFV

[2015-07-23 14:21:43 #13 store] 
Database 'D:\jsf work place\PurchaseSystem\build\web\WEB-INF\db\Users.odb' is closed by 5528@hello-PC

------------------------------------------------------------------------------------------------------------------------

[2015-07-23 14:22:57 #1 store] 
Database 'D:\jsf work place\PurchaseSystem\build\web\WEB-INF\db\Users.odb' is opened by 5528@hello-PC

[2015-07-23 14:22:58 #2 type] 
Type entity.Users is not enhanced.

[2015-07-23 14:22:58 #3 type] 
Type entity.Order is not enhanced.

[2015-07-23 14:22:58 #4 type] 
Type entity.ItemEntity is not enhanced.

------------------------------------------------------------------------------------------------------------------------

[2015-07-23 14:29:34 #1 store] 
Database 'D:\jsf work place\PurchaseSystem\build\web\WEB-INF\db\Users.odb' has been recovered (tr. 14-18)

[2015-07-23 14:29:34 #2 store] 
Database 'D:\jsf work place\PurchaseSystem\build\web\WEB-INF\db\Users.odb' is opened by 3352@hello-PC

[2015-07-23 14:29:35 #3 type] 
Type entity.Users is not enhanced.

[2015-07-23 14:29:35 #4 type] 
Type entity.Order is not enhanced.

[2015-07-23 14:29:35 #5 type] 
Type entity.ItemEntity is not enhanced.

------------------------------------------------------------------------------------------------------------------------

[2015-07-23 15:06:29 #1 store] 
Database 'D:\jsf work place\PurchaseSystem\build\web\WEB-INF\db\Users.odb' has been recovered (tr. 19-21)

[2015-07-23 15:06:29 #2 store] 
Database 'D:\jsf work place\PurchaseSystem\build\web\WEB-INF\db\Users.odb' is opened by 184@hello-PC

[2015-07-23 15:06:29 #3 type] 
Type entity.Users is not enhanced.

[2015-07-23 15:06:29 #4 type] 
Type entity.Order is not enhanced.

[2015-07-23 15:06:29 #5 type] 
Type entity.ItemEntity is not enhanced.

------------------------------------------------------------------------------------------------------------------------

[2015-07-23 15:08:37 #1 store] 
Database 'D:\jsf work place\PurchaseSystem\build\web\WEB-INF\db\Users.odb' has been recovered (tr. 22-24)

[2015-07-23 15:08:37 #2 store] 
Database 'D:\jsf work place\PurchaseSystem\build\web\WEB-INF\db\Users.odb' is opened by 4616@hello-PC

[2015-07-23 15:08:38 #3 type] 
Type entity.Users is not enhanced.

[2015-07-23 15:08:38 #4 type] 
Type entity.Order is not enhanced.

[2015-07-23 15:08:38 #5 type] 
Type entity.ItemEntity is not enhanced.

[2015-07-23 15:08:38 #6 store] 
Database 'D:\jsf work place\PurchaseSystem\build\web\WEB-INF\db\Users.odb' is closed by 4616@hello-PC

[2015-07-23 15:08:38 #7 store] 
Database 'D:\jsf work place\PurchaseSystem\build\web\WEB-INF\db\Users.odb' is opened by 4616@hello-PC

[2015-07-23 15:08:38 #8 store] 
Database 'D:\jsf work place\PurchaseSystem\build\web\WEB-INF\db\Users.odb' is closed by 4616@hello-PC

------------------------------------------------------------------------------------------------------------------------

[2015-07-23 15:09:09 #1 store] 
Database 'D:\jsf work place\PurchaseSystem\build\web\WEB-INF\db\Users.odb' is opened by 4616@hello-PC

[2015-07-23 15:09:10 #2 type.registry] 
New type entity.Users

[2015-07-23 15:09:10 #3 type] 
Type entity.Users is not enhanced.

[2015-07-23 15:09:10 #4 type.registry] 
New type entity.Order

[2015-07-23 15:09:10 #5 type] 
Type entity.Order is not enhanced.

[2015-07-23 15:09:10 #6 type.registry] 
New type entity.ItemEntity

[2015-07-23 15:09:10 #7 type] 
Type entity.ItemEntity is not enhanced.

[2015-07-23 15:09:10 #8 store] 
Database 'D:\jsf work place\PurchaseSystem\build\web\WEB-INF\db\Users.odb' is closed by 4616@hello-PC

[2015-07-23 15:09:10 #9 store] 
Database 'D:\jsf work place\PurchaseSystem\build\web\WEB-INF\db\Users.odb' is opened by 4616@hello-PC

[2015-07-23 15:09:10 #10 type.registry] 
New type java.util.ArrayList<java.lang.Object>

[2015-07-23 15:09:10 #11 type.registry] 
New type java.util.ArrayList<entity.Order>

[2015-07-23 15:09:10 #12 type.registry] 
New type com.objectdb.o.LMT

[2015-07-23 15:09:10 #13 type.registry] 
New type com.objectdb.o.VAL

[2015-07-23 15:09:10 #14 type.registry] 
New type com.objectdb.o.RFV

[2015-07-23 15:09:10 #15 store] 
Database 'D:\jsf work place\PurchaseSystem\build\web\WEB-INF\db\Users.odb' is closed by 4616@hello-PC

------------------------------------------------------------------------------------------------------------------------

[2015-07-23 15:10:03 #1 store] 
Database 'D:\jsf work place\PurchaseSystem\build\web\WEB-INF\db\Users.odb' is opened by 4616@hello-PC

[2015-07-23 15:10:03 #2 type] 
Type entity.Users is not enhanced.

[2015-07-23 15:10:03 #3 type] 
Type entity.Order is not enhanced.

[2015-07-23 15:10:03 #4 type] 
Type entity.ItemEntity is not enhanced.

[2015-07-23 15:10:04 #5 store] 
Database 'D:\jsf work place\PurchaseSystem\build\web\WEB-INF\db\Users.odb' is closed by 4616@hello-PC

[2015-07-23 15:10:10 #6 store] 
Database 'D:\jsf work place\PurchaseSystem\build\web\WEB-INF\db\Users.odb' is opened by 4616@hello-PC

[2015-07-23 15:10:10 #7 store] 
Database 'D:\jsf work place\PurchaseSystem\build\web\WEB-INF\db\Users.odb' is closed by 4616@hello-PC

------------------------------------------------------------------------------------------------------------------------

[2015-07-23 15:11:13 #1 store] 
Database 'D:\jsf work place\PurchaseSystem\build\web\WEB-INF\db\Users.odb' is opened by 4616@hello-PC

[2015-07-23 15:11:14 #2 type] 
Type entity.Users is not enhanced.

[2015-07-23 15:11:14 #3 type] 
Type entity.Order is not enhanced.

[2015-07-23 15:11:14 #4 type] 
Type entity.ItemEntity is not enhanced.

[2015-07-23 15:11:14 #5 store] 
Database 'D:\jsf work place\PurchaseSystem\build\web\WEB-INF\db\Users.odb' is closed by 4616@hello-PC

[2015-07-23 15:11:33 #6 store] 
Database 'D:\jsf work place\PurchaseSystem\build\web\WEB-INF\db\Order.odb' is opened by 4616@hello-PC

[2015-07-23 15:11:33 #7 type.registry] 
New type entity.Order

[2015-07-23 15:11:33 #8 type.registry] 
New type entity.ItemEntity

[2015-07-23 15:11:33 #9 type.registry] 
New type entity.Users

[2015-07-23 15:11:33 #10 type.registry] 
New type java.util.ArrayList<java.lang.Object>

[2015-07-23 15:11:33 #11 type.registry] 
New type java.util.ArrayList<entity.ItemEntity>

[2015-07-23 15:11:33 #12 store] 
Database 'D:\jsf work place\PurchaseSystem\build\web\WEB-INF\db\Order.odb' is closed by 4616@hello-PC

[2015-07-23 15:11:35 #13 store] 
Database 'D:\jsf work place\PurchaseSystem\build\web\WEB-INF\db\Order.odb' is opened by 4616@hello-PC

[2015-07-23 15:11:35 #14 type.registry] 
New type com.objectdb.o.LMT

[2015-07-23 15:11:35 #15 type.registry] 
New type com.objectdb.o.VAL

[2015-07-23 15:11:35 #16 type.registry] 
New type com.objectdb.o.RFV

[2015-07-23 15:11:35 #17 store] 
Database 'D:\jsf work place\PurchaseSystem\build\web\WEB-INF\db\Order.odb' is closed by 4616@hello-PC

