------------------------------------------------------------------------------------------------------------------------

[2015-07-25 00:07:34 #1 store] 
Database 'D:\jsf work place\PurchaseSystem\build\web\WEB-INF\db\Users.odb' is opened by 3332@hello-PC

[2015-07-25 00:07:34 #2 type] 
Type entity.Users is not enhanced.

[2015-07-25 00:07:34 #3 type] 
Type entity.Order is not enhanced.

[2015-07-25 00:07:34 #4 type] 
Type entity.ItemEntity is not enhanced.

[2015-07-25 00:07:35 #5 store] 
Database 'D:\jsf work place\PurchaseSystem\build\web\WEB-INF\db\Users.odb' is closed by 3332@hello-PC

------------------------------------------------------------------------------------------------------------------------

[2015-07-25 00:08:18 #1 store] 
Database 'D:\jsf work place\PurchaseSystem\build\web\WEB-INF\db\Users.odb' is opened by 3332@hello-PC

[2015-07-25 00:08:19 #2 type] 
Type entity.Users is not enhanced.

[2015-07-25 00:08:19 #3 type] 
Type entity.Order is not enhanced.

[2015-07-25 00:08:19 #4 type] 
Type entity.ItemEntity is not enhanced.

[2015-07-25 00:08:19 #5 store] 
Database 'D:\jsf work place\PurchaseSystem\build\web\WEB-INF\db\Users.odb' is closed by 3332@hello-PC

------------------------------------------------------------------------------------------------------------------------

[2015-07-25 00:09:45 #1 store] 
Database 'D:\jsf work place\PurchaseSystem\build\web\WEB-INF\db\Users.odb' is opened by 3332@hello-PC

[2015-07-25 00:09:45 #2 type] 
Type entity.Users is not enhanced.

[2015-07-25 00:09:45 #3 type] 
Type entity.Order is not enhanced.

[2015-07-25 00:09:45 #4 type] 
Type entity.ItemEntity is not enhanced.

[2015-07-25 00:09:46 #5 store] 
Database 'D:\jsf work place\PurchaseSystem\build\web\WEB-INF\db\Users.odb' is closed by 3332@hello-PC

------------------------------------------------------------------------------------------------------------------------

[2015-07-25 00:10:39 #1 store] 
Database 'D:\jsf work place\PurchaseSystem\build\web\WEB-INF\db\Users.odb' is opened by 3332@hello-PC

[2015-07-25 00:10:40 #2 type] 
Type entity.Users is not enhanced.

[2015-07-25 00:10:40 #3 type] 
Type entity.Order is not enhanced.

[2015-07-25 00:10:40 #4 type] 
Type entity.ItemEntity is not enhanced.

[2015-07-25 00:10:40 #5 store] 
Database 'D:\jsf work place\PurchaseSystem\build\web\WEB-INF\db\Users.odb' is closed by 3332@hello-PC

[2015-07-25 00:13:01 #6 store] 
Database 'D:\jsf work place\PurchaseSystem\build\web\WEB-INF\db\Users.odb' is opened by 3332@hello-PC

[2015-07-25 00:13:01 #7 store] 
Database 'D:\jsf work place\PurchaseSystem\build\web\WEB-INF\db\Users.odb' is closed by 3332@hello-PC

[2015-07-25 00:13:10 #8 store] 
Database 'D:\jsf work place\PurchaseSystem\build\web\WEB-INF\db\Order.odb' is opened by 3332@hello-PC

[2015-07-25 00:13:10 #9 store] 
Database 'D:\jsf work place\PurchaseSystem\build\web\WEB-INF\db\Order.odb' is closed by 3332@hello-PC

[2015-07-25 00:14:44 #10 store] 
Database 'D:\jsf work place\PurchaseSystem\build\web\WEB-INF\db\Users.odb' is opened by 3332@hello-PC

[2015-07-25 00:14:44 #11 store] 
Database 'D:\jsf work place\PurchaseSystem\build\web\WEB-INF\db\Users.odb' is closed by 3332@hello-PC

[2015-07-25 00:14:52 #12 store] 
Database 'D:\jsf work place\PurchaseSystem\build\web\WEB-INF\db\Order.odb' is opened by 3332@hello-PC

[2015-07-25 00:14:52 #13 store] 
Database 'D:\jsf work place\PurchaseSystem\build\web\WEB-INF\db\Order.odb' is closed by 3332@hello-PC

[2015-07-25 00:14:54 #14 store] 
Database 'D:\jsf work place\PurchaseSystem\build\web\WEB-INF\db\Order.odb' is opened by 3332@hello-PC

[2015-07-25 00:14:54 #15 store] 
Database 'D:\jsf work place\PurchaseSystem\build\web\WEB-INF\db\Order.odb' is closed by 3332@hello-PC

[2015-07-25 00:16:23 #16 store] 
Database 'D:\jsf work place\PurchaseSystem\build\web\WEB-INF\db\Users.odb' is opened by 3332@hello-PC

[2015-07-25 00:16:23 #17 store] 
Database 'D:\jsf work place\PurchaseSystem\build\web\WEB-INF\db\Users.odb' is closed by 3332@hello-PC

[2015-07-25 00:16:50 #18 store] 
Database 'D:\jsf work place\PurchaseSystem\build\web\WEB-INF\db\Users.odb' is opened by 3332@hello-PC

[2015-07-25 00:16:50 #19 store] 
Database 'D:\jsf work place\PurchaseSystem\build\web\WEB-INF\db\Users.odb' is closed by 3332@hello-PC

[2015-07-25 00:51:55 #20 store] 
Database 'D:\jsf work place\PurchaseSystem\build\web\WEB-INF\db\Users.odb' is opened by 3332@hello-PC

[2015-07-25 00:51:55 #21 store] 
Database 'D:\jsf work place\PurchaseSystem\build\web\WEB-INF\db\Users.odb' is closed by 3332@hello-PC

------------------------------------------------------------------------------------------------------------------------

[2015-07-25 11:06:38 #1 store] 
Database 'D:\jsf work place\PurchaseSystem\build\web\WEB-INF\db\Users.odb' is opened by 4172@hello-PC

[2015-07-25 11:06:38 #2 type] 
Type entity.Users is not enhanced.

[2015-07-25 11:06:38 #3 type] 
Type entity.Order is not enhanced.

[2015-07-25 11:06:38 #4 type] 
Type entity.ItemEntity is not enhanced.

[2015-07-25 11:06:39 #5 store] 
Database 'D:\jsf work place\PurchaseSystem\build\web\WEB-INF\db\Users.odb' is closed by 4172@hello-PC

[2015-07-25 11:06:56 #6 store] 
Database 'D:\jsf work place\PurchaseSystem\build\web\WEB-INF\db\Order.odb' is opened by 4172@hello-PC

[2015-07-25 11:06:57 #7 store] 
Database 'D:\jsf work place\PurchaseSystem\build\web\WEB-INF\db\Order.odb' is closed by 4172@hello-PC

[2015-07-25 11:06:59 #8 store] 
Database 'D:\jsf work place\PurchaseSystem\build\web\WEB-INF\db\Order.odb' is opened by 4172@hello-PC

[2015-07-25 11:06:59 #9 store] 
Database 'D:\jsf work place\PurchaseSystem\build\web\WEB-INF\db\Order.odb' is closed by 4172@hello-PC

[2015-07-25 11:07:35 #10 store] 
Database 'D:\jsf work place\PurchaseSystem\build\web\WEB-INF\db\Users.odb' is opened by 4172@hello-PC

[2015-07-25 11:07:35 #11 store] 
Database 'D:\jsf work place\PurchaseSystem\build\web\WEB-INF\db\Users.odb' is closed by 4172@hello-PC

------------------------------------------------------------------------------------------------------------------------

[2015-07-25 11:10:15 #1 store] 
Database 'D:\jsf work place\PurchaseSystem\build\web\WEB-INF\db\Users.odb' is opened by 4172@hello-PC

[2015-07-25 11:10:15 #2 type] 
Type entity.Users is not enhanced.

[2015-07-25 11:10:15 #3 type] 
Type entity.Order is not enhanced.

[2015-07-25 11:10:15 #4 type] 
Type entity.ItemEntity is not enhanced.

[2015-07-25 11:10:15 #5 store] 
Database 'D:\jsf work place\PurchaseSystem\build\web\WEB-INF\db\Users.odb' is closed by 4172@hello-PC

[2015-07-25 11:10:16 #6 store] 
Database 'D:\jsf work place\PurchaseSystem\build\web\WEB-INF\db\Users.odb' is opened by 4172@hello-PC

[2015-07-25 11:10:16 #7 store] 
Database 'D:\jsf work place\PurchaseSystem\build\web\WEB-INF\db\Users.odb' is closed by 4172@hello-PC

[2015-07-25 11:10:34 #8 store] 
Database 'D:\jsf work place\PurchaseSystem\build\web\WEB-INF\db\Users.odb' is opened by 4172@hello-PC

[2015-07-25 11:10:34 #9 store] 
Database 'D:\jsf work place\PurchaseSystem\build\web\WEB-INF\db\Users.odb' is closed by 4172@hello-PC

[2015-07-25 11:10:41 #10 store] 
Database 'D:\jsf work place\PurchaseSystem\build\web\WEB-INF\db\Users.odb' is opened by 4172@hello-PC

[2015-07-25 11:10:41 #11 store] 
Database 'D:\jsf work place\PurchaseSystem\build\web\WEB-INF\db\Users.odb' is closed by 4172@hello-PC

[2015-07-25 11:10:54 #12 store] 
Database 'D:\jsf work place\PurchaseSystem\build\web\WEB-INF\db\Users.odb' is opened by 4172@hello-PC

[2015-07-25 11:10:54 #13 store] 
Database 'D:\jsf work place\PurchaseSystem\build\web\WEB-INF\db\Users.odb' is closed by 4172@hello-PC

[2015-07-25 11:11:08 #14 store] 
Database 'D:\jsf work place\PurchaseSystem\build\web\WEB-INF\db\Users.odb' is opened by 4172@hello-PC

[2015-07-25 11:11:08 #15 store] 
Database 'D:\jsf work place\PurchaseSystem\build\web\WEB-INF\db\Users.odb' is closed by 4172@hello-PC

[2015-07-25 11:11:26 #16 store] 
Database 'D:\jsf work place\PurchaseSystem\build\web\WEB-INF\db\Order.odb' is opened by 4172@hello-PC

[2015-07-25 11:11:26 #17 store] 
Database 'D:\jsf work place\PurchaseSystem\build\web\WEB-INF\db\Order.odb' is closed by 4172@hello-PC

[2015-07-25 11:11:28 #18 store] 
Database 'D:\jsf work place\PurchaseSystem\build\web\WEB-INF\db\Order.odb' is opened by 4172@hello-PC

[2015-07-25 11:11:28 #19 store] 
Database 'D:\jsf work place\PurchaseSystem\build\web\WEB-INF\db\Order.odb' is closed by 4172@hello-PC

------------------------------------------------------------------------------------------------------------------------

[2015-07-25 12:04:58 #1 store] 
Database 'D:\jsf work place\PurchaseSystem\build\web\WEB-INF\db\Users.odb' is opened by 4172@hello-PC

[2015-07-25 12:04:59 #2 type] 
Type entity.Users is not enhanced.

[2015-07-25 12:04:59 #3 type] 
Type entity.Order is not enhanced.

[2015-07-25 12:04:59 #4 type] 
Type entity.ItemEntity is not enhanced.

------------------------------------------------------------------------------------------------------------------------

[2015-07-25 12:55:40 #1 store] 
Database 'D:\jsf work place\PurchaseSystem\build\web\WEB-INF\db\Users.odb' is opened by 4904@hello-PC

[2015-07-25 12:55:41 #2 type] 
Type entity.Users is not enhanced.

[2015-07-25 12:55:41 #3 type] 
Type entity.Order is not enhanced.

[2015-07-25 12:55:41 #4 type] 
Type entity.ItemEntity is not enhanced.

[2015-07-25 12:55:41 #5 store] 
Database 'D:\jsf work place\PurchaseSystem\build\web\WEB-INF\db\Users.odb' is closed by 4904@hello-PC

[2015-07-25 12:55:42 #6 store] 
Database 'D:\jsf work place\PurchaseSystem\build\web\WEB-INF\db\Supplier.odb' is opened by 4904@hello-PC

------------------------------------------------------------------------------------------------------------------------

[2015-07-25 12:57:39 #1 store] 
Database 'D:\jsf work place\PurchaseSystem\build\web\WEB-INF\db\Users.odb' is opened by 4904@hello-PC

[2015-07-25 12:57:39 #2 type] 
Type entity.Users is not enhanced.

[2015-07-25 12:57:39 #3 type] 
Type entity.Order is not enhanced.

[2015-07-25 12:57:39 #4 type] 
Type entity.ItemEntity is not enhanced.

[2015-07-25 12:57:40 #5 store] 
Database 'D:\jsf work place\PurchaseSystem\build\web\WEB-INF\db\Users.odb' is closed by 4904@hello-PC

[2015-07-25 12:59:18 #6 store] 
Database 'D:\jsf work place\PurchaseSystem\build\web\WEB-INF\db\Users.odb' is opened by 4904@hello-PC

[2015-07-25 12:59:18 #7 store] 
Database 'D:\jsf work place\PurchaseSystem\build\web\WEB-INF\db\Users.odb' is closed by 4904@hello-PC

------------------------------------------------------------------------------------------------------------------------

[2015-07-25 12:59:42 #1 store] 
Database 'D:\jsf work place\PurchaseSystem\build\web\WEB-INF\db\Users.odb' is opened by 4904@hello-PC

[2015-07-25 12:59:42 #2 type] 
Type entity.Users is not enhanced.

[2015-07-25 12:59:42 #3 type] 
Type entity.Order is not enhanced.

[2015-07-25 12:59:42 #4 type] 
Type entity.ItemEntity is not enhanced.

[2015-07-25 12:59:43 #5 store] 
Database 'D:\jsf work place\PurchaseSystem\build\web\WEB-INF\db\Users.odb' is closed by 4904@hello-PC

------------------------------------------------------------------------------------------------------------------------

[2015-07-25 13:06:00 #1 store] 
Database 'D:\jsf work place\PurchaseSystem\build\web\WEB-INF\db\Users.odb' is opened by 4904@hello-PC

[2015-07-25 13:06:00 #2 type] 
Type entity.Users is not enhanced.

[2015-07-25 13:06:00 #3 type] 
Type entity.Order is not enhanced.

[2015-07-25 13:06:00 #4 type] 
Type entity.ItemEntity is not enhanced.

[2015-07-25 13:06:00 #5 store] 
Database 'D:\jsf work place\PurchaseSystem\build\web\WEB-INF\db\Users.odb' is closed by 4904@hello-PC

------------------------------------------------------------------------------------------------------------------------

[2015-07-25 13:07:58 #1 store] 
Database 'D:\jsf work place\PurchaseSystem\build\web\WEB-INF\db\Users.odb' is opened by 4904@hello-PC

[2015-07-25 13:07:58 #2 type] 
Type entity.Users is not enhanced.

[2015-07-25 13:07:58 #3 type] 
Type entity.Order is not enhanced.

[2015-07-25 13:07:58 #4 type] 
Type entity.ItemEntity is not enhanced.

[2015-07-25 13:07:59 #5 store] 
Database 'D:\jsf work place\PurchaseSystem\build\web\WEB-INF\db\Users.odb' is closed by 4904@hello-PC

------------------------------------------------------------------------------------------------------------------------

[2015-07-25 13:09:21 #1 store] 
Database 'D:\jsf work place\PurchaseSystem\build\web\WEB-INF\db\Users.odb' is opened by 4904@hello-PC

[2015-07-25 13:09:21 #2 type] 
Type entity.Users is not enhanced.

[2015-07-25 13:09:21 #3 type] 
Type entity.Order is not enhanced.

[2015-07-25 13:09:21 #4 type] 
Type entity.ItemEntity is not enhanced.

[2015-07-25 13:09:21 #5 store] 
Database 'D:\jsf work place\PurchaseSystem\build\web\WEB-INF\db\Users.odb' is closed by 4904@hello-PC

------------------------------------------------------------------------------------------------------------------------

[2015-07-25 13:09:47 #1 store] 
Database 'D:\jsf work place\PurchaseSystem\build\web\WEB-INF\db\Users.odb' is opened by 4904@hello-PC

[2015-07-25 13:09:47 #2 type] 
Type entity.Users is not enhanced.

[2015-07-25 13:09:47 #3 type] 
Type entity.Order is not enhanced.

[2015-07-25 13:09:47 #4 type] 
Type entity.ItemEntity is not enhanced.

[2015-07-25 13:09:48 #5 store] 
Database 'D:\jsf work place\PurchaseSystem\build\web\WEB-INF\db\Users.odb' is closed by 4904@hello-PC

------------------------------------------------------------------------------------------------------------------------

[2015-07-25 13:10:20 #1 store] 
Database 'D:\jsf work place\PurchaseSystem\build\web\WEB-INF\db\Users.odb' is opened by 4904@hello-PC

[2015-07-25 13:10:21 #2 type] 
Type entity.Users is not enhanced.

[2015-07-25 13:10:21 #3 type] 
Type entity.Order is not enhanced.

[2015-07-25 13:10:21 #4 type] 
Type entity.ItemEntity is not enhanced.

[2015-07-25 13:10:21 #5 store] 
Database 'D:\jsf work place\PurchaseSystem\build\web\WEB-INF\db\Users.odb' is closed by 4904@hello-PC

[2015-07-25 13:10:21 #6 store] 
Database 'D:\jsf work place\PurchaseSystem\build\web\WEB-INF\db\Order.odb' is opened by 4904@hello-PC

------------------------------------------------------------------------------------------------------------------------

[2015-07-25 13:10:52 #1 store] 
Database 'D:\jsf work place\PurchaseSystem\build\web\WEB-INF\db\Users.odb' is opened by 4904@hello-PC

[2015-07-25 13:10:52 #2 type] 
Type entity.Users is not enhanced.

[2015-07-25 13:10:52 #3 type] 
Type entity.Order is not enhanced.

[2015-07-25 13:10:52 #4 type] 
Type entity.ItemEntity is not enhanced.

[2015-07-25 13:10:53 #5 store] 
Database 'D:\jsf work place\PurchaseSystem\build\web\WEB-INF\db\Users.odb' is closed by 4904@hello-PC

------------------------------------------------------------------------------------------------------------------------

[2015-07-25 13:11:30 #1 store] 
Database 'D:\jsf work place\PurchaseSystem\build\web\WEB-INF\db\Users.odb' is opened by 4904@hello-PC

[2015-07-25 13:11:30 #2 type] 
Type entity.Users is not enhanced.

[2015-07-25 13:11:30 #3 type] 
Type entity.Order is not enhanced.

[2015-07-25 13:11:30 #4 type] 
Type entity.ItemEntity is not enhanced.

[2015-07-25 13:11:30 #5 store] 
Database 'D:\jsf work place\PurchaseSystem\build\web\WEB-INF\db\Users.odb' is closed by 4904@hello-PC

------------------------------------------------------------------------------------------------------------------------

[2015-07-25 13:13:08 #1 store] 
Database 'D:\jsf work place\PurchaseSystem\build\web\WEB-INF\db\Users.odb' is opened by 4904@hello-PC

[2015-07-25 13:13:09 #2 type] 
Type entity.Users is not enhanced.

[2015-07-25 13:13:09 #3 type] 
Type entity.Order is not enhanced.

[2015-07-25 13:13:09 #4 type] 
Type entity.ItemEntity is not enhanced.

[2015-07-25 13:13:09 #5 store] 
Database 'D:\jsf work place\PurchaseSystem\build\web\WEB-INF\db\Users.odb' is closed by 4904@hello-PC

------------------------------------------------------------------------------------------------------------------------

[2015-07-25 13:14:26 #1 store] 
Database 'D:\jsf work place\PurchaseSystem\build\web\WEB-INF\db\Users.odb' is opened by 4904@hello-PC

[2015-07-25 13:14:27 #2 type] 
Type entity.Users is not enhanced.

[2015-07-25 13:14:27 #3 type] 
Type entity.Order is not enhanced.

[2015-07-25 13:14:27 #4 type] 
Type entity.ItemEntity is not enhanced.

[2015-07-25 13:14:27 #5 store] 
Database 'D:\jsf work place\PurchaseSystem\build\web\WEB-INF\db\Users.odb' is closed by 4904@hello-PC

------------------------------------------------------------------------------------------------------------------------

[2015-07-25 13:17:30 #1 store] 
Database 'D:\jsf work place\PurchaseSystem\build\web\WEB-INF\db\Users.odb' is opened by 4904@hello-PC

[2015-07-25 13:17:30 #2 type] 
Type entity.Users is not enhanced.

[2015-07-25 13:17:30 #3 type] 
Type entity.Order is not enhanced.

[2015-07-25 13:17:30 #4 type] 
Type entity.ItemEntity is not enhanced.

[2015-07-25 13:17:31 #5 store] 
Database 'D:\jsf work place\PurchaseSystem\build\web\WEB-INF\db\Users.odb' is closed by 4904@hello-PC

------------------------------------------------------------------------------------------------------------------------

[2015-07-25 13:19:09 #1 store] 
Database 'D:\jsf work place\PurchaseSystem\build\web\WEB-INF\db\Users.odb' is opened by 4904@hello-PC

[2015-07-25 13:19:10 #2 type] 
Type entity.Users is not enhanced.

[2015-07-25 13:19:10 #3 type] 
Type entity.Order is not enhanced.

[2015-07-25 13:19:10 #4 type] 
Type entity.ItemEntity is not enhanced.

[2015-07-25 13:19:10 #5 store] 
Database 'D:\jsf work place\PurchaseSystem\build\web\WEB-INF\db\Users.odb' is closed by 4904@hello-PC

[2015-07-25 13:19:10 #6 store] 
Database 'D:\jsf work place\PurchaseSystem\build\web\WEB-INF\db\Users.odb' is opened by 4904@hello-PC

[2015-07-25 13:19:10 #7 store] 
Database 'D:\jsf work place\PurchaseSystem\build\web\WEB-INF\db\Users.odb' is closed by 4904@hello-PC

------------------------------------------------------------------------------------------------------------------------

[2015-07-25 13:32:02 #1 store] 
Database 'D:\jsf work place\PurchaseSystem\build\web\WEB-INF\db\Users.odb' is opened by 4904@hello-PC

[2015-07-25 13:32:02 #2 type] 
Type entity.Users is not enhanced.

[2015-07-25 13:32:02 #3 type] 
Type entity.Order is not enhanced.

[2015-07-25 13:32:02 #4 type] 
Type entity.ItemEntity is not enhanced.

[2015-07-25 13:32:03 #5 store] 
Database 'D:\jsf work place\PurchaseSystem\build\web\WEB-INF\db\Users.odb' is closed by 4904@hello-PC

------------------------------------------------------------------------------------------------------------------------

[2015-07-25 13:37:06 #1 store] 
Database 'D:\jsf work place\PurchaseSystem\build\web\WEB-INF\db\Users.odb' is opened by 4904@hello-PC

[2015-07-25 13:37:06 #2 type] 
Type entity.Users is not enhanced.

[2015-07-25 13:37:06 #3 type] 
Type entity.Order is not enhanced.

[2015-07-25 13:37:06 #4 type] 
Type entity.ItemEntity is not enhanced.

[2015-07-25 13:37:07 #5 store] 
Database 'D:\jsf work place\PurchaseSystem\build\web\WEB-INF\db\Users.odb' is closed by 4904@hello-PC

------------------------------------------------------------------------------------------------------------------------

[2015-07-25 13:37:30 #1 store] 
Database 'D:\jsf work place\PurchaseSystem\build\web\WEB-INF\db\Users.odb' is opened by 4904@hello-PC

[2015-07-25 13:37:31 #2 type] 
Type entity.Users is not enhanced.

[2015-07-25 13:37:31 #3 type] 
Type entity.Order is not enhanced.

[2015-07-25 13:37:31 #4 type] 
Type entity.ItemEntity is not enhanced.

[2015-07-25 13:37:31 #5 store] 
Database 'D:\jsf work place\PurchaseSystem\build\web\WEB-INF\db\Users.odb' is closed by 4904@hello-PC

------------------------------------------------------------------------------------------------------------------------

[2015-07-25 13:39:13 #1 store] 
Database 'D:\jsf work place\PurchaseSystem\build\web\WEB-INF\db\Users.odb' is opened by 4904@hello-PC

[2015-07-25 13:39:13 #2 type] 
Type entity.Users is not enhanced.

[2015-07-25 13:39:13 #3 type] 
Type entity.Order is not enhanced.

[2015-07-25 13:39:13 #4 type] 
Type entity.ItemEntity is not enhanced.

[2015-07-25 13:39:16 #5 type.registry] 
New type entity.Supplier

[2015-07-25 13:39:16 #6 type] 
Type entity.Supplier is not enhanced.

[2015-07-25 13:39:16 #7 store] 
Database 'D:\jsf work place\PurchaseSystem\build\web\WEB-INF\db\Users.odb' is closed by 4904@hello-PC

[2015-07-25 13:39:17 #8 store] 
Database 'D:\jsf work place\PurchaseSystem\build\web\WEB-INF\db\Users.odb' is opened by 4904@hello-PC

------------------------------------------------------------------------------------------------------------------------

[2015-07-25 14:37:22 #1 store] 
Database 'D:\jsf work place\PurchaseSystem\build\web\WEB-INF\db\Supplier.odb' has been recovered (tr. 1-2)

[2015-07-25 14:37:22 #2 store] 
Database 'D:\jsf work place\PurchaseSystem\build\web\WEB-INF\db\Supplier.odb' is opened by 164@hello-PC

[2015-07-25 14:37:22 #3 type.registry] 
New type entity.Supplier

[2015-07-25 14:37:22 #4 type] 
Type entity.Supplier is not enhanced.

[2015-07-25 14:37:22 #5 store] 
Database 'D:\jsf work place\PurchaseSystem\build\web\WEB-INF\db\Supplier.odb' is closed by 164@hello-PC

[2015-07-25 14:37:22 #6 store] 
Database 'D:\jsf work place\PurchaseSystem\build\web\WEB-INF\db\Users.odb' is opened by 164@hello-PC

[2015-07-25 14:37:23 #7 type] 
Type entity.Users is not enhanced.

[2015-07-25 14:37:23 #8 type] 
Type entity.Order is not enhanced.

[2015-07-25 14:37:23 #9 type] 
Type entity.ItemEntity is not enhanced.

[2015-07-25 14:37:23 #10 store] 
Database 'D:\jsf work place\PurchaseSystem\build\web\WEB-INF\db\Users.odb' is closed by 164@hello-PC

[2015-07-25 14:37:24 #11 store] 
Database 'D:\jsf work place\PurchaseSystem\build\web\WEB-INF\db\Supplier.odb' is opened by 164@hello-PC

[2015-07-25 14:37:24 #12 store] 
Database 'D:\jsf work place\PurchaseSystem\build\web\WEB-INF\db\Supplier.odb' is closed by 164@hello-PC

------------------------------------------------------------------------------------------------------------------------

[2015-07-25 14:38:06 #1 store] 
Database 'D:\jsf work place\PurchaseSystem\build\web\WEB-INF\db\Supplier.odb' is opened by 164@hello-PC

[2015-07-25 14:38:06 #2 type] 
Type entity.Supplier is not enhanced.

[2015-07-25 14:38:06 #3 store] 
Database 'D:\jsf work place\PurchaseSystem\build\web\WEB-INF\db\Supplier.odb' is closed by 164@hello-PC

[2015-07-25 14:38:06 #4 store] 
Database 'D:\jsf work place\PurchaseSystem\build\web\WEB-INF\db\Users.odb' is opened by 164@hello-PC

[2015-07-25 14:38:06 #5 type] 
Type entity.Users is not enhanced.

[2015-07-25 14:38:06 #6 type] 
Type entity.Order is not enhanced.

[2015-07-25 14:38:06 #7 type] 
Type entity.ItemEntity is not enhanced.

[2015-07-25 14:38:06 #8 store] 
Database 'D:\jsf work place\PurchaseSystem\build\web\WEB-INF\db\Users.odb' is closed by 164@hello-PC

------------------------------------------------------------------------------------------------------------------------

[2015-07-25 14:40:44 #1 store] 
Database 'D:\jsf work place\PurchaseSystem\build\web\WEB-INF\db\Users.odb' is opened by 164@hello-PC

[2015-07-25 14:40:44 #2 type.registry] 
New type entity.Users

[2015-07-25 14:40:44 #3 type] 
Type entity.Users is not enhanced.

[2015-07-25 14:40:44 #4 type.registry] 
New type entity.Order

[2015-07-25 14:40:44 #5 type] 
Type entity.Order is not enhanced.

[2015-07-25 14:40:44 #6 type.registry] 
New type entity.ItemEntity

[2015-07-25 14:40:44 #7 type] 
Type entity.ItemEntity is not enhanced.

[2015-07-25 14:40:44 #8 store] 
Database 'D:\jsf work place\PurchaseSystem\build\web\WEB-INF\db\Users.odb' is closed by 164@hello-PC

[2015-07-25 14:40:44 #9 store] 
Database 'D:\jsf work place\PurchaseSystem\build\web\WEB-INF\db\Supplier.odb' is opened by 164@hello-PC

[2015-07-25 14:40:44 #10 type.registry] 
New type entity.Supplier

[2015-07-25 14:40:44 #11 type] 
Type entity.Supplier is not enhanced.

[2015-07-25 14:40:44 #12 store] 
Database 'D:\jsf work place\PurchaseSystem\build\web\WEB-INF\db\Supplier.odb' is closed by 164@hello-PC

[2015-07-25 14:40:44 #13 store] 
Database 'D:\jsf work place\PurchaseSystem\build\web\WEB-INF\db\Users.odb' is opened by 164@hello-PC

[2015-07-25 14:40:44 #14 type.registry] 
New type java.util.ArrayList<java.lang.Object>

[2015-07-25 14:40:44 #15 type.registry] 
New type java.util.ArrayList<entity.Order>

[2015-07-25 14:40:45 #16 type.registry] 
New type com.objectdb.o.LMT

[2015-07-25 14:40:45 #17 type.registry] 
New type com.objectdb.o.VAL

[2015-07-25 14:40:45 #18 type.registry] 
New type com.objectdb.o.RFV

[2015-07-25 14:40:45 #19 store] 
Database 'D:\jsf work place\PurchaseSystem\build\web\WEB-INF\db\Users.odb' is closed by 164@hello-PC

------------------------------------------------------------------------------------------------------------------------

[2015-07-25 14:45:36 #1 store] 
Database 'D:\jsf work place\PurchaseSystem\build\web\WEB-INF\db\Users.odb' is opened by 164@hello-PC

[2015-07-25 14:45:36 #2 type] 
Type entity.Users is not enhanced.

[2015-07-25 14:45:36 #3 type] 
Type entity.Order is not enhanced.

[2015-07-25 14:45:36 #4 type] 
Type entity.ItemEntity is not enhanced.

[2015-07-25 14:45:37 #5 store] 
Database 'D:\jsf work place\PurchaseSystem\build\web\WEB-INF\db\Users.odb' is closed by 164@hello-PC

------------------------------------------------------------------------------------------------------------------------

[2015-07-25 14:48:16 #1 store] 
Database 'D:\jsf work place\PurchaseSystem\build\web\WEB-INF\db\Users.odb' is opened by 164@hello-PC

[2015-07-25 14:48:16 #2 type] 
Type entity.Users is not enhanced.

[2015-07-25 14:48:16 #3 type] 
Type entity.Order is not enhanced.

[2015-07-25 14:48:16 #4 type] 
Type entity.ItemEntity is not enhanced.

[2015-07-25 14:48:16 #5 store] 
Database 'D:\jsf work place\PurchaseSystem\build\web\WEB-INF\db\Users.odb' is closed by 164@hello-PC

[2015-07-25 14:48:17 #6 store] 
Database 'D:\jsf work place\PurchaseSystem\build\web\WEB-INF\db\Supplier.odb' is opened by 164@hello-PC

[2015-07-25 14:48:17 #7 type] 
Type entity.Supplier is not enhanced.

[2015-07-25 14:48:17 #8 store] 
Database 'D:\jsf work place\PurchaseSystem\build\web\WEB-INF\db\Supplier.odb' is closed by 164@hello-PC

------------------------------------------------------------------------------------------------------------------------

[2015-07-25 14:49:54 #1 store] 
Database 'D:\jsf work place\PurchaseSystem\build\web\WEB-INF\db\Users.odb' is opened by 164@hello-PC

[2015-07-25 14:49:54 #2 type] 
Type entity.Users is not enhanced.

[2015-07-25 14:49:54 #3 type] 
Type entity.Order is not enhanced.

[2015-07-25 14:49:54 #4 type] 
Type entity.ItemEntity is not enhanced.

[2015-07-25 14:49:54 #5 store] 
Database 'D:\jsf work place\PurchaseSystem\build\web\WEB-INF\db\Users.odb' is closed by 164@hello-PC

------------------------------------------------------------------------------------------------------------------------

[2015-07-25 14:50:44 #1 store] 
Database 'D:\jsf work place\PurchaseSystem\build\web\WEB-INF\db\Users.odb' is opened by 164@hello-PC

[2015-07-25 14:50:44 #2 type] 
Type entity.Users is not enhanced.

[2015-07-25 14:50:44 #3 type] 
Type entity.Order is not enhanced.

[2015-07-25 14:50:44 #4 type] 
Type entity.ItemEntity is not enhanced.

[2015-07-25 14:50:44 #5 store] 
Database 'D:\jsf work place\PurchaseSystem\build\web\WEB-INF\db\Users.odb' is closed by 164@hello-PC

------------------------------------------------------------------------------------------------------------------------

[2015-07-25 14:57:19 #1 store] 
Database 'D:\jsf work place\PurchaseSystem\build\web\WEB-INF\db\Users.odb' is opened by 164@hello-PC

[2015-07-25 14:57:19 #2 type] 
Type entity.Users is not enhanced.

[2015-07-25 14:57:19 #3 type] 
Type entity.Order is not enhanced.

[2015-07-25 14:57:19 #4 type] 
Type entity.ItemEntity is not enhanced.

[2015-07-25 14:57:20 #5 store] 
Database 'D:\jsf work place\PurchaseSystem\build\web\WEB-INF\db\Users.odb' is closed by 164@hello-PC

[2015-07-25 14:57:20 #6 store] 
Database 'D:\jsf work place\PurchaseSystem\build\web\WEB-INF\db\Users.odb' is opened by 164@hello-PC

[2015-07-25 14:57:20 #7 store] 
Database 'D:\jsf work place\PurchaseSystem\build\web\WEB-INF\db\Users.odb' is closed by 164@hello-PC

------------------------------------------------------------------------------------------------------------------------

[2015-07-25 14:57:50 #1 store] 
Database 'D:\jsf work place\PurchaseSystem\build\web\WEB-INF\db\Users.odb' is opened by 164@hello-PC

[2015-07-25 14:57:50 #2 type] 
Type entity.Users is not enhanced.

[2015-07-25 14:57:50 #3 type] 
Type entity.Order is not enhanced.

[2015-07-25 14:57:50 #4 type] 
Type entity.ItemEntity is not enhanced.

[2015-07-25 14:57:51 #5 store] 
Database 'D:\jsf work place\PurchaseSystem\build\web\WEB-INF\db\Users.odb' is closed by 164@hello-PC

[2015-07-25 14:57:51 #6 store] 
Database 'D:\jsf work place\PurchaseSystem\build\web\WEB-INF\db\Users.odb' is opened by 164@hello-PC

------------------------------------------------------------------------------------------------------------------------

[2015-07-25 15:00:07 #1 store] 
Database 'D:\jsf work place\PurchaseSystem\build\web\WEB-INF\db\Supplier.odb' is opened by 164@hello-PC

[2015-07-25 15:00:07 #2 type] 
Type entity.Supplier is not enhanced.

[2015-07-25 15:00:07 #3 store] 
Database 'D:\jsf work place\PurchaseSystem\build\web\WEB-INF\db\Supplier.odb' is closed by 164@hello-PC

[2015-07-25 15:00:09 #4 store] 
Database 'D:\jsf work place\PurchaseSystem\build\web\WEB-INF\db\Supplier.odb' is opened by 164@hello-PC

[2015-07-25 15:00:09 #5 store] 
Database 'D:\jsf work place\PurchaseSystem\build\web\WEB-INF\db\Supplier.odb' is closed by 164@hello-PC

[2015-07-25 15:00:11 #6 store] 
Database 'D:\jsf work place\PurchaseSystem\build\web\WEB-INF\db\Supplier.odb' is opened by 164@hello-PC

[2015-07-25 15:00:11 #7 store] 
Database 'D:\jsf work place\PurchaseSystem\build\web\WEB-INF\db\Supplier.odb' is closed by 164@hello-PC

[2015-07-25 15:00:16 #8 store] 
Database 'D:\jsf work place\PurchaseSystem\build\web\WEB-INF\db\Supplier.odb' is opened by 164@hello-PC

[2015-07-25 15:00:16 #9 store] 
Database 'D:\jsf work place\PurchaseSystem\build\web\WEB-INF\db\Supplier.odb' is closed by 164@hello-PC

[2015-07-25 15:00:16 #10 store] 
Database 'D:\jsf work place\PurchaseSystem\build\web\WEB-INF\db\Supplier.odb' is opened by 164@hello-PC

[2015-07-25 15:00:16 #11 store] 
Database 'D:\jsf work place\PurchaseSystem\build\web\WEB-INF\db\Supplier.odb' is closed by 164@hello-PC

[2015-07-25 15:00:17 #12 store] 
Database 'D:\jsf work place\PurchaseSystem\build\web\WEB-INF\db\Supplier.odb' is opened by 164@hello-PC

[2015-07-25 15:00:17 #13 store] 
Database 'D:\jsf work place\PurchaseSystem\build\web\WEB-INF\db\Supplier.odb' is closed by 164@hello-PC

[2015-07-25 15:00:21 #14 store] 
Database 'D:\jsf work place\PurchaseSystem\build\web\WEB-INF\db\Supplier.odb' is opened by 164@hello-PC

[2015-07-25 15:00:21 #15 store] 
Database 'D:\jsf work place\PurchaseSystem\build\web\WEB-INF\db\Supplier.odb' is closed by 164@hello-PC

[2015-07-25 15:00:22 #16 store] 
Database 'D:\jsf work place\PurchaseSystem\build\web\WEB-INF\db\Supplier.odb' is opened by 164@hello-PC

[2015-07-25 15:00:22 #17 store] 
Database 'D:\jsf work place\PurchaseSystem\build\web\WEB-INF\db\Supplier.odb' is closed by 164@hello-PC

[2015-07-25 15:00:22 #18 store] 
Database 'D:\jsf work place\PurchaseSystem\build\web\WEB-INF\db\Supplier.odb' is opened by 164@hello-PC

[2015-07-25 15:00:22 #19 store] 
Database 'D:\jsf work place\PurchaseSystem\build\web\WEB-INF\db\Supplier.odb' is closed by 164@hello-PC

[2015-07-25 15:00:26 #20 store] 
Database 'D:\jsf work place\PurchaseSystem\build\web\WEB-INF\db\Supplier.odb' is opened by 164@hello-PC

[2015-07-25 15:00:26 #21 store] 
Database 'D:\jsf work place\PurchaseSystem\build\web\WEB-INF\db\Supplier.odb' is closed by 164@hello-PC

[2015-07-25 15:00:30 #22 store] 
Database 'D:\jsf work place\PurchaseSystem\build\web\WEB-INF\db\Supplier.odb' is opened by 164@hello-PC

[2015-07-25 15:00:30 #23 store] 
Database 'D:\jsf work place\PurchaseSystem\build\web\WEB-INF\db\Supplier.odb' is closed by 164@hello-PC

[2015-07-25 15:00:30 #24 store] 
Database 'D:\jsf work place\PurchaseSystem\build\web\WEB-INF\db\Supplier.odb' is opened by 164@hello-PC

[2015-07-25 15:00:30 #25 store] 
Database 'D:\jsf work place\PurchaseSystem\build\web\WEB-INF\db\Supplier.odb' is closed by 164@hello-PC

[2015-07-25 15:00:31 #26 store] 
Database 'D:\jsf work place\PurchaseSystem\build\web\WEB-INF\db\Supplier.odb' is opened by 164@hello-PC

[2015-07-25 15:00:31 #27 store] 
Database 'D:\jsf work place\PurchaseSystem\build\web\WEB-INF\db\Supplier.odb' is closed by 164@hello-PC

[2015-07-25 15:00:31 #28 store] 
Database 'D:\jsf work place\PurchaseSystem\build\web\WEB-INF\db\Supplier.odb' is opened by 164@hello-PC

[2015-07-25 15:00:31 #29 store] 
Database 'D:\jsf work place\PurchaseSystem\build\web\WEB-INF\db\Supplier.odb' is closed by 164@hello-PC

[2015-07-25 15:00:31 #30 store] 
Database 'D:\jsf work place\PurchaseSystem\build\web\WEB-INF\db\Supplier.odb' is opened by 164@hello-PC

[2015-07-25 15:00:31 #31 store] 
Database 'D:\jsf work place\PurchaseSystem\build\web\WEB-INF\db\Supplier.odb' is closed by 164@hello-PC

[2015-07-25 15:00:31 #32 store] 
Database 'D:\jsf work place\PurchaseSystem\build\web\WEB-INF\db\Supplier.odb' is opened by 164@hello-PC

[2015-07-25 15:00:31 #33 store] 
Database 'D:\jsf work place\PurchaseSystem\build\web\WEB-INF\db\Supplier.odb' is closed by 164@hello-PC

[2015-07-25 15:00:31 #34 store] 
Database 'D:\jsf work place\PurchaseSystem\build\web\WEB-INF\db\Supplier.odb' is opened by 164@hello-PC

[2015-07-25 15:00:31 #35 store] 
Database 'D:\jsf work place\PurchaseSystem\build\web\WEB-INF\db\Supplier.odb' is closed by 164@hello-PC

------------------------------------------------------------------------------------------------------------------------

[2015-07-25 15:12:21 #1 store] 
Database 'D:\jsf work place\PurchaseSystem\build\web\WEB-INF\db\Users.odb' is opened by 5064@hello-PC

[2015-07-25 15:12:22 #2 type] 
Type entity.Users is not enhanced.

[2015-07-25 15:12:22 #3 type] 
Type entity.Order is not enhanced.

[2015-07-25 15:12:22 #4 type] 
Type entity.ItemEntity is not enhanced.

[2015-07-25 15:12:22 #5 store] 
Database 'D:\jsf work place\PurchaseSystem\build\web\WEB-INF\db\Users.odb' is closed by 5064@hello-PC

[2015-07-25 15:12:22 #6 store] 
Database 'D:\jsf work place\PurchaseSystem\build\web\WEB-INF\db\Users.odb' is opened by 5064@hello-PC

[2015-07-25 15:12:22 #7 store] 
Database 'D:\jsf work place\PurchaseSystem\build\web\WEB-INF\db\Users.odb' is closed by 5064@hello-PC

[2015-07-25 15:12:23 #8 store] 
Database 'D:\jsf work place\PurchaseSystem\build\web\WEB-INF\db\Users.odb' is opened by 5064@hello-PC

[2015-07-25 15:12:23 #9 store] 
Database 'D:\jsf work place\PurchaseSystem\build\web\WEB-INF\db\Users.odb' is closed by 5064@hello-PC

[2015-07-25 15:12:23 #10 store] 
Database 'D:\jsf work place\PurchaseSystem\build\web\WEB-INF\db\Users.odb' is opened by 5064@hello-PC

[2015-07-25 15:12:23 #11 store] 
Database 'D:\jsf work place\PurchaseSystem\build\web\WEB-INF\db\Users.odb' is closed by 5064@hello-PC

------------------------------------------------------------------------------------------------------------------------

[2015-07-25 15:13:50 #1 store] 
Database 'D:\jsf work place\PurchaseSystem\build\web\WEB-INF\db\Users.odb' is opened by 5064@hello-PC

[2015-07-25 15:13:50 #2 type] 
Type entity.Users is not enhanced.

[2015-07-25 15:13:50 #3 type] 
Type entity.Order is not enhanced.

[2015-07-25 15:13:50 #4 type] 
Type entity.ItemEntity is not enhanced.

[2015-07-25 15:13:50 #5 store] 
Database 'D:\jsf work place\PurchaseSystem\build\web\WEB-INF\db\Users.odb' is closed by 5064@hello-PC

[2015-07-25 15:13:50 #6 store] 
Database 'D:\jsf work place\PurchaseSystem\build\web\WEB-INF\db\Supplier.odb' is opened by 5064@hello-PC

[2015-07-25 15:13:50 #7 type.registry] 
New type entity.Supplier

[2015-07-25 15:13:50 #8 type] 
Type entity.Supplier is not enhanced.

[2015-07-25 15:13:50 #9 store] 
Database 'D:\jsf work place\PurchaseSystem\build\web\WEB-INF\db\Supplier.odb' is closed by 5064@hello-PC

[2015-07-25 15:13:50 #10 store] 
Database 'D:\jsf work place\PurchaseSystem\build\web\WEB-INF\db\Users.odb' is opened by 5064@hello-PC

[2015-07-25 15:13:51 #11 store] 
Database 'D:\jsf work place\PurchaseSystem\build\web\WEB-INF\db\Users.odb' is closed by 5064@hello-PC

[2015-07-25 15:13:51 #12 store] 
Database 'D:\jsf work place\PurchaseSystem\build\web\WEB-INF\db\Supplier.odb' is opened by 5064@hello-PC

[2015-07-25 15:13:51 #13 store] 
Database 'D:\jsf work place\PurchaseSystem\build\web\WEB-INF\db\Supplier.odb' is closed by 5064@hello-PC

------------------------------------------------------------------------------------------------------------------------

[2015-07-25 15:16:25 #1 store] 
Database 'D:\jsf work place\PurchaseSystem\build\web\WEB-INF\db\Users.odb' is opened by 5064@hello-PC

[2015-07-25 15:16:26 #2 type] 
Type entity.Users is not enhanced.

[2015-07-25 15:16:26 #3 type] 
Type entity.Order is not enhanced.

[2015-07-25 15:16:26 #4 type] 
Type entity.ItemEntity is not enhanced.

[2015-07-25 15:16:26 #5 store] 
Database 'D:\jsf work place\PurchaseSystem\build\web\WEB-INF\db\Users.odb' is closed by 5064@hello-PC

[2015-07-25 15:16:26 #6 store] 
Database 'D:\jsf work place\PurchaseSystem\build\web\WEB-INF\db\Supplier.odb' is opened by 5064@hello-PC

[2015-07-25 15:16:26 #7 type] 
Type entity.Supplier is not enhanced.

[2015-07-25 15:16:26 #8 store] 
Database 'D:\jsf work place\PurchaseSystem\build\web\WEB-INF\db\Supplier.odb' is closed by 5064@hello-PC

[2015-07-25 15:16:26 #9 store] 
Database 'D:\jsf work place\PurchaseSystem\build\web\WEB-INF\db\Users.odb' is opened by 5064@hello-PC

[2015-07-25 15:16:26 #10 store] 
Database 'D:\jsf work place\PurchaseSystem\build\web\WEB-INF\db\Users.odb' is closed by 5064@hello-PC

[2015-07-25 15:16:26 #11 store] 
Database 'D:\jsf work place\PurchaseSystem\build\web\WEB-INF\db\Supplier.odb' is opened by 5064@hello-PC

[2015-07-25 15:16:26 #12 store] 
Database 'D:\jsf work place\PurchaseSystem\build\web\WEB-INF\db\Supplier.odb' is closed by 5064@hello-PC

------------------------------------------------------------------------------------------------------------------------

[2015-07-25 15:18:41 #1 store] 
Database 'D:\jsf work place\PurchaseSystem\build\web\WEB-INF\db\Users.odb' is opened by 5064@hello-PC

[2015-07-25 15:18:42 #2 type] 
Type entity.Users is not enhanced.

[2015-07-25 15:18:42 #3 type] 
Type entity.Order is not enhanced.

[2015-07-25 15:18:42 #4 type] 
Type entity.ItemEntity is not enhanced.

[2015-07-25 15:18:42 #5 store] 
Database 'D:\jsf work place\PurchaseSystem\build\web\WEB-INF\db\Users.odb' is closed by 5064@hello-PC

[2015-07-25 15:18:42 #6 store] 
Database 'D:\jsf work place\PurchaseSystem\build\web\WEB-INF\db\Supplier.odb' is opened by 5064@hello-PC

[2015-07-25 15:18:42 #7 type] 
Type entity.Supplier is not enhanced.

[2015-07-25 15:18:42 #8 store] 
Database 'D:\jsf work place\PurchaseSystem\build\web\WEB-INF\db\Supplier.odb' is closed by 5064@hello-PC

[2015-07-25 15:18:42 #9 store] 
Database 'D:\jsf work place\PurchaseSystem\build\web\WEB-INF\db\Users.odb' is opened by 5064@hello-PC

[2015-07-25 15:18:42 #10 store] 
Database 'D:\jsf work place\PurchaseSystem\build\web\WEB-INF\db\Users.odb' is closed by 5064@hello-PC

[2015-07-25 15:18:43 #11 store] 
Database 'D:\jsf work place\PurchaseSystem\build\web\WEB-INF\db\Supplier.odb' is opened by 5064@hello-PC

[2015-07-25 15:18:43 #12 store] 
Database 'D:\jsf work place\PurchaseSystem\build\web\WEB-INF\db\Supplier.odb' is closed by 5064@hello-PC

------------------------------------------------------------------------------------------------------------------------

[2015-07-25 15:19:36 #1 store] 
Database 'D:\jsf work place\PurchaseSystem\build\web\WEB-INF\db\Users.odb' is opened by 5064@hello-PC

[2015-07-25 15:19:37 #2 type] 
Type entity.Users is not enhanced.

[2015-07-25 15:19:37 #3 type] 
Type entity.Order is not enhanced.

[2015-07-25 15:19:37 #4 type] 
Type entity.ItemEntity is not enhanced.

[2015-07-25 15:19:37 #5 store] 
Database 'D:\jsf work place\PurchaseSystem\build\web\WEB-INF\db\Users.odb' is closed by 5064@hello-PC

[2015-07-25 15:19:37 #6 store] 
Database 'D:\jsf work place\PurchaseSystem\build\web\WEB-INF\db\Supplier.odb' is opened by 5064@hello-PC

[2015-07-25 15:19:37 #7 type] 
Type entity.Supplier is not enhanced.

[2015-07-25 15:19:37 #8 store] 
Database 'D:\jsf work place\PurchaseSystem\build\web\WEB-INF\db\Supplier.odb' is closed by 5064@hello-PC

[2015-07-25 15:19:37 #9 store] 
Database 'D:\jsf work place\PurchaseSystem\build\web\WEB-INF\db\Users.odb' is opened by 5064@hello-PC

[2015-07-25 15:19:37 #10 store] 
Database 'D:\jsf work place\PurchaseSystem\build\web\WEB-INF\db\Users.odb' is closed by 5064@hello-PC

[2015-07-25 15:19:37 #11 store] 
Database 'D:\jsf work place\PurchaseSystem\build\web\WEB-INF\db\Supplier.odb' is opened by 5064@hello-PC

[2015-07-25 15:19:37 #12 store] 
Database 'D:\jsf work place\PurchaseSystem\build\web\WEB-INF\db\Supplier.odb' is closed by 5064@hello-PC

------------------------------------------------------------------------------------------------------------------------

[2015-07-25 15:20:13 #1 store] 
Database 'D:\jsf work place\PurchaseSystem\build\web\WEB-INF\db\Users.odb' is opened by 5064@hello-PC

[2015-07-25 15:20:13 #2 type.registry] 
New type entity.Users

[2015-07-25 15:20:13 #3 type] 
Type entity.Users is not enhanced.

[2015-07-25 15:20:13 #4 type.registry] 
New type entity.Order

[2015-07-25 15:20:13 #5 type] 
Type entity.Order is not enhanced.

[2015-07-25 15:20:13 #6 type.registry] 
New type entity.ItemEntity

[2015-07-25 15:20:13 #7 type] 
Type entity.ItemEntity is not enhanced.

[2015-07-25 15:20:13 #8 store] 
Database 'D:\jsf work place\PurchaseSystem\build\web\WEB-INF\db\Users.odb' is closed by 5064@hello-PC

[2015-07-25 15:20:13 #9 store] 
Database 'D:\jsf work place\PurchaseSystem\build\web\WEB-INF\db\Supplier.odb' is opened by 5064@hello-PC

[2015-07-25 15:20:13 #10 type.registry] 
New type entity.Supplier

[2015-07-25 15:20:13 #11 type] 
Type entity.Supplier is not enhanced.

[2015-07-25 15:20:13 #12 store] 
Database 'D:\jsf work place\PurchaseSystem\build\web\WEB-INF\db\Supplier.odb' is closed by 5064@hello-PC

[2015-07-25 15:20:13 #13 store] 
Database 'D:\jsf work place\PurchaseSystem\build\web\WEB-INF\db\Users.odb' is opened by 5064@hello-PC

[2015-07-25 15:20:13 #14 type.registry] 
New type java.util.ArrayList<java.lang.Object>

[2015-07-25 15:20:13 #15 type.registry] 
New type java.util.ArrayList<entity.Order>

[2015-07-25 15:20:13 #16 type.registry] 
New type com.objectdb.o.LMT

[2015-07-25 15:20:13 #17 type.registry] 
New type com.objectdb.o.VAL

[2015-07-25 15:20:13 #18 type.registry] 
New type com.objectdb.o.RFV

[2015-07-25 15:20:13 #19 store] 
Database 'D:\jsf work place\PurchaseSystem\build\web\WEB-INF\db\Users.odb' is closed by 5064@hello-PC

[2015-07-25 15:20:14 #20 store] 
Database 'D:\jsf work place\PurchaseSystem\build\web\WEB-INF\db\Supplier.odb' is opened by 5064@hello-PC

[2015-07-25 15:20:14 #21 store] 
Database 'D:\jsf work place\PurchaseSystem\build\web\WEB-INF\db\Supplier.odb' is closed by 5064@hello-PC

------------------------------------------------------------------------------------------------------------------------

[2015-07-25 15:21:02 #1 store] 
Database 'D:\jsf work place\PurchaseSystem\build\web\WEB-INF\db\Users.odb' is opened by 5064@hello-PC

[2015-07-25 15:21:02 #2 type.registry] 
New type entity.Users

[2015-07-25 15:21:02 #3 type] 
Type entity.Users is not enhanced.

[2015-07-25 15:21:02 #4 type.registry] 
New type entity.Order

[2015-07-25 15:21:02 #5 type] 
Type entity.Order is not enhanced.

[2015-07-25 15:21:02 #6 type.registry] 
New type entity.ItemEntity

[2015-07-25 15:21:02 #7 type] 
Type entity.ItemEntity is not enhanced.

[2015-07-25 15:21:02 #8 store] 
Database 'D:\jsf work place\PurchaseSystem\build\web\WEB-INF\db\Users.odb' is closed by 5064@hello-PC

[2015-07-25 15:21:02 #9 store] 
Database 'D:\jsf work place\PurchaseSystem\build\web\WEB-INF\db\Supplier.odb' is opened by 5064@hello-PC

[2015-07-25 15:21:02 #10 type.registry] 
New type entity.Supplier

[2015-07-25 15:21:02 #11 type] 
Type entity.Supplier is not enhanced.

[2015-07-25 15:21:02 #12 store] 
Database 'D:\jsf work place\PurchaseSystem\build\web\WEB-INF\db\Supplier.odb' is closed by 5064@hello-PC

[2015-07-25 15:21:02 #13 store] 
Database 'D:\jsf work place\PurchaseSystem\build\web\WEB-INF\db\Users.odb' is opened by 5064@hello-PC

[2015-07-25 15:21:02 #14 type.registry] 
New type java.util.ArrayList<java.lang.Object>

[2015-07-25 15:21:02 #15 type.registry] 
New type java.util.ArrayList<entity.Order>

[2015-07-25 15:21:02 #16 type.registry] 
New type com.objectdb.o.LMT

[2015-07-25 15:21:02 #17 type.registry] 
New type com.objectdb.o.VAL

[2015-07-25 15:21:02 #18 type.registry] 
New type com.objectdb.o.RFV

[2015-07-25 15:21:02 #19 store] 
Database 'D:\jsf work place\PurchaseSystem\build\web\WEB-INF\db\Users.odb' is closed by 5064@hello-PC

[2015-07-25 15:21:03 #20 store] 
Database 'D:\jsf work place\PurchaseSystem\build\web\WEB-INF\db\Supplier.odb' is opened by 5064@hello-PC

[2015-07-25 15:21:03 #21 store] 
Database 'D:\jsf work place\PurchaseSystem\build\web\WEB-INF\db\Supplier.odb' is closed by 5064@hello-PC

------------------------------------------------------------------------------------------------------------------------

[2015-07-25 15:21:30 #1 store] 
Database 'D:\jsf work place\PurchaseSystem\build\web\WEB-INF\db\Users.odb' is opened by 5064@hello-PC

[2015-07-25 15:21:30 #2 type] 
Type entity.Users is not enhanced.

[2015-07-25 15:21:30 #3 type] 
Type entity.Order is not enhanced.

[2015-07-25 15:21:30 #4 type] 
Type entity.ItemEntity is not enhanced.

[2015-07-25 15:21:30 #5 store] 
Database 'D:\jsf work place\PurchaseSystem\build\web\WEB-INF\db\Users.odb' is closed by 5064@hello-PC

[2015-07-25 15:21:30 #6 store] 
Database 'D:\jsf work place\PurchaseSystem\build\web\WEB-INF\db\Supplier.odb' is opened by 5064@hello-PC

[2015-07-25 15:21:30 #7 type] 
Type entity.Supplier is not enhanced.

[2015-07-25 15:21:30 #8 store] 
Database 'D:\jsf work place\PurchaseSystem\build\web\WEB-INF\db\Supplier.odb' is closed by 5064@hello-PC

[2015-07-25 15:21:30 #9 store] 
Database 'D:\jsf work place\PurchaseSystem\build\web\WEB-INF\db\Users.odb' is opened by 5064@hello-PC

[2015-07-25 15:21:30 #10 store] 
Database 'D:\jsf work place\PurchaseSystem\build\web\WEB-INF\db\Users.odb' is closed by 5064@hello-PC

[2015-07-25 15:21:31 #11 store] 
Database 'D:\jsf work place\PurchaseSystem\build\web\WEB-INF\db\Supplier.odb' is opened by 5064@hello-PC

[2015-07-25 15:21:31 #12 store] 
Database 'D:\jsf work place\PurchaseSystem\build\web\WEB-INF\db\Supplier.odb' is closed by 5064@hello-PC

------------------------------------------------------------------------------------------------------------------------

[2015-07-25 15:21:54 #1 store] 
Database 'D:\jsf work place\PurchaseSystem\build\web\WEB-INF\db\Users.odb' is opened by 5064@hello-PC

[2015-07-25 15:21:54 #2 type.registry] 
New type entity.Users

[2015-07-25 15:21:54 #3 type] 
Type entity.Users is not enhanced.

[2015-07-25 15:21:54 #4 type.registry] 
New type entity.Order

[2015-07-25 15:21:54 #5 type] 
Type entity.Order is not enhanced.

[2015-07-25 15:21:54 #6 type.registry] 
New type entity.ItemEntity

[2015-07-25 15:21:54 #7 type] 
Type entity.ItemEntity is not enhanced.

[2015-07-25 15:21:54 #8 store] 
Database 'D:\jsf work place\PurchaseSystem\build\web\WEB-INF\db\Users.odb' is closed by 5064@hello-PC

[2015-07-25 15:21:55 #9 store] 
Database 'D:\jsf work place\PurchaseSystem\build\web\WEB-INF\db\Supplier.odb' is opened by 5064@hello-PC

[2015-07-25 15:21:55 #10 type.registry] 
New type entity.Supplier

[2015-07-25 15:21:55 #11 type] 
Type entity.Supplier is not enhanced.

[2015-07-25 15:21:55 #12 store] 
Database 'D:\jsf work place\PurchaseSystem\build\web\WEB-INF\db\Supplier.odb' is closed by 5064@hello-PC

[2015-07-25 15:21:55 #13 store] 
Database 'D:\jsf work place\PurchaseSystem\build\web\WEB-INF\db\Users.odb' is opened by 5064@hello-PC

[2015-07-25 15:21:55 #14 type.registry] 
New type java.util.ArrayList<java.lang.Object>

[2015-07-25 15:21:55 #15 type.registry] 
New type java.util.ArrayList<entity.Order>

[2015-07-25 15:21:55 #16 type.registry] 
New type com.objectdb.o.LMT

[2015-07-25 15:21:55 #17 type.registry] 
New type com.objectdb.o.VAL

[2015-07-25 15:21:55 #18 type.registry] 
New type com.objectdb.o.RFV

[2015-07-25 15:21:55 #19 store] 
Database 'D:\jsf work place\PurchaseSystem\build\web\WEB-INF\db\Users.odb' is closed by 5064@hello-PC

[2015-07-25 15:21:55 #20 store] 
Database 'D:\jsf work place\PurchaseSystem\build\web\WEB-INF\db\Supplier.odb' is opened by 5064@hello-PC

[2015-07-25 15:21:55 #21 store] 
Database 'D:\jsf work place\PurchaseSystem\build\web\WEB-INF\db\Supplier.odb' is closed by 5064@hello-PC

------------------------------------------------------------------------------------------------------------------------

[2015-07-25 15:23:04 #1 store] 
Database 'D:\jsf work place\PurchaseSystem\build\web\WEB-INF\db\Users.odb' is opened by 5064@hello-PC

[2015-07-25 15:23:04 #2 type.registry] 
New type entity.Users

[2015-07-25 15:23:04 #3 type] 
Type entity.Users is not enhanced.

[2015-07-25 15:23:04 #4 type.registry] 
New type entity.Order

[2015-07-25 15:23:04 #5 type] 
Type entity.Order is not enhanced.

[2015-07-25 15:23:04 #6 type.registry] 
New type entity.ItemEntity

[2015-07-25 15:23:04 #7 type] 
Type entity.ItemEntity is not enhanced.

[2015-07-25 15:23:04 #8 store] 
Database 'D:\jsf work place\PurchaseSystem\build\web\WEB-INF\db\Users.odb' is closed by 5064@hello-PC

[2015-07-25 15:23:04 #9 store] 
Database 'D:\jsf work place\PurchaseSystem\build\web\WEB-INF\db\Supplier.odb' is opened by 5064@hello-PC

[2015-07-25 15:23:04 #10 type.registry] 
New type entity.Supplier

[2015-07-25 15:23:04 #11 type] 
Type entity.Supplier is not enhanced.

[2015-07-25 15:23:04 #12 store] 
Database 'D:\jsf work place\PurchaseSystem\build\web\WEB-INF\db\Supplier.odb' is closed by 5064@hello-PC

[2015-07-25 15:23:05 #13 store] 
Database 'D:\jsf work place\PurchaseSystem\build\web\WEB-INF\db\Users.odb' is opened by 5064@hello-PC

[2015-07-25 15:23:05 #14 type.registry] 
New type java.util.ArrayList<java.lang.Object>

[2015-07-25 15:23:05 #15 type.registry] 
New type java.util.ArrayList<entity.Order>

[2015-07-25 15:23:05 #16 type.registry] 
New type com.objectdb.o.LMT

[2015-07-25 15:23:05 #17 type.registry] 
New type com.objectdb.o.VAL

[2015-07-25 15:23:05 #18 type.registry] 
New type com.objectdb.o.RFV

[2015-07-25 15:23:05 #19 store] 
Database 'D:\jsf work place\PurchaseSystem\build\web\WEB-INF\db\Users.odb' is closed by 5064@hello-PC

[2015-07-25 15:23:05 #20 store] 
Database 'D:\jsf work place\PurchaseSystem\build\web\WEB-INF\db\Supplier.odb' is opened by 5064@hello-PC

[2015-07-25 15:23:05 #21 store] 
Database 'D:\jsf work place\PurchaseSystem\build\web\WEB-INF\db\Supplier.odb' is closed by 5064@hello-PC

------------------------------------------------------------------------------------------------------------------------

[2015-07-25 15:23:42 #1 store] 
Database 'D:\jsf work place\PurchaseSystem\build\web\WEB-INF\db\Users.odb' is opened by 5064@hello-PC

[2015-07-25 15:23:43 #2 type.registry] 
New type entity.Users

[2015-07-25 15:23:43 #3 type] 
Type entity.Users is not enhanced.

[2015-07-25 15:23:43 #4 type.registry] 
New type entity.Order

[2015-07-25 15:23:43 #5 type] 
Type entity.Order is not enhanced.

[2015-07-25 15:23:43 #6 type.registry] 
New type entity.ItemEntity

[2015-07-25 15:23:43 #7 type] 
Type entity.ItemEntity is not enhanced.

[2015-07-25 15:23:43 #8 store] 
Database 'D:\jsf work place\PurchaseSystem\build\web\WEB-INF\db\Users.odb' is closed by 5064@hello-PC

[2015-07-25 15:23:43 #9 store] 
Database 'D:\jsf work place\PurchaseSystem\build\web\WEB-INF\db\Supplier.odb' is opened by 5064@hello-PC

[2015-07-25 15:23:43 #10 type.registry] 
New type entity.Supplier

[2015-07-25 15:23:43 #11 type] 
Type entity.Supplier is not enhanced.

[2015-07-25 15:23:43 #12 store] 
Database 'D:\jsf work place\PurchaseSystem\build\web\WEB-INF\db\Supplier.odb' is closed by 5064@hello-PC

[2015-07-25 15:23:43 #13 store] 
Database 'D:\jsf work place\PurchaseSystem\build\web\WEB-INF\db\Users.odb' is opened by 5064@hello-PC

[2015-07-25 15:23:43 #14 type.registry] 
New type java.util.ArrayList<java.lang.Object>

[2015-07-25 15:23:43 #15 type.registry] 
New type java.util.ArrayList<entity.Order>

[2015-07-25 15:23:43 #16 type.registry] 
New type com.objectdb.o.LMT

[2015-07-25 15:23:43 #17 type.registry] 
New type com.objectdb.o.VAL

[2015-07-25 15:23:43 #18 type.registry] 
New type com.objectdb.o.RFV

[2015-07-25 15:23:43 #19 store] 
Database 'D:\jsf work place\PurchaseSystem\build\web\WEB-INF\db\Users.odb' is closed by 5064@hello-PC

[2015-07-25 15:23:44 #20 store] 
Database 'D:\jsf work place\PurchaseSystem\build\web\WEB-INF\db\Supplier.odb' is opened by 5064@hello-PC

[2015-07-25 15:23:44 #21 store] 
Database 'D:\jsf work place\PurchaseSystem\build\web\WEB-INF\db\Supplier.odb' is closed by 5064@hello-PC

------------------------------------------------------------------------------------------------------------------------

[2015-07-25 15:25:09 #1 store] 
Database 'D:\jsf work place\PurchaseSystem\build\web\WEB-INF\db\Users.odb' is opened by 5064@hello-PC

[2015-07-25 15:25:10 #2 type] 
Type entity.Users is not enhanced.

[2015-07-25 15:25:10 #3 type] 
Type entity.Order is not enhanced.

[2015-07-25 15:25:10 #4 type] 
Type entity.ItemEntity is not enhanced.

[2015-07-25 15:25:10 #5 store] 
Database 'D:\jsf work place\PurchaseSystem\build\web\WEB-INF\db\Users.odb' is closed by 5064@hello-PC

[2015-07-25 15:25:10 #6 store] 
Database 'D:\jsf work place\PurchaseSystem\build\web\WEB-INF\db\Supplier.odb' is opened by 5064@hello-PC

[2015-07-25 15:25:10 #7 type] 
Type entity.Supplier is not enhanced.

[2015-07-25 15:25:10 #8 store] 
Database 'D:\jsf work place\PurchaseSystem\build\web\WEB-INF\db\Supplier.odb' is closed by 5064@hello-PC

------------------------------------------------------------------------------------------------------------------------

[2015-07-25 15:54:16 #1 store] 
Database 'D:\jsf work place\PurchaseSystem\build\web\WEB-INF\db\Users.odb' is opened by 1496@hello-PC

[2015-07-25 15:54:17 #2 type] 
Type entity.Users is not enhanced.

[2015-07-25 15:54:17 #3 type] 
Type entity.Order is not enhanced.

[2015-07-25 15:54:17 #4 type] 
Type entity.ItemEntity is not enhanced.

[2015-07-25 15:54:17 #5 store] 
Database 'D:\jsf work place\PurchaseSystem\build\web\WEB-INF\db\Users.odb' is closed by 1496@hello-PC

[2015-07-25 15:54:24 #6 store] 
Database 'D:\jsf work place\PurchaseSystem\build\web\WEB-INF\db\Supplier.odb' is opened by 1496@hello-PC

[2015-07-25 15:54:24 #7 type] 
Type entity.Supplier is not enhanced.

[2015-07-25 15:54:24 #8 store] 
Database 'D:\jsf work place\PurchaseSystem\build\web\WEB-INF\db\Supplier.odb' is closed by 1496@hello-PC

[2015-07-25 15:54:30 #9 store] 
Database 'D:\jsf work place\PurchaseSystem\build\web\WEB-INF\db\Order.odb' is opened by 1496@hello-PC

[2015-07-25 15:54:30 #10 type.registry] 
New type entity.Order

[2015-07-25 15:54:30 #11 type.registry] 
New type entity.ItemEntity

[2015-07-25 15:54:30 #12 type.registry] 
New type entity.Users

[2015-07-25 15:54:30 #13 type.registry] 
New type java.util.ArrayList<java.lang.Object>

[2015-07-25 15:54:30 #14 type.registry] 
New type java.util.ArrayList<entity.ItemEntity>

[2015-07-25 15:54:30 #15 store] 
Database 'D:\jsf work place\PurchaseSystem\build\web\WEB-INF\db\Order.odb' is closed by 1496@hello-PC

[2015-07-25 15:54:31 #16 store] 
Database 'D:\jsf work place\PurchaseSystem\build\web\WEB-INF\db\Order.odb' is opened by 1496@hello-PC

[2015-07-25 15:54:31 #17 type.registry] 
New type com.objectdb.o.LMT

[2015-07-25 15:54:31 #18 type.registry] 
New type com.objectdb.o.VAL

[2015-07-25 15:54:31 #19 type.registry] 
New type com.objectdb.o.RFV

[2015-07-25 15:54:31 #20 store] 
Database 'D:\jsf work place\PurchaseSystem\build\web\WEB-INF\db\Order.odb' is closed by 1496@hello-PC

[2015-07-25 15:57:33 #21 store] 
Database 'D:\jsf work place\PurchaseSystem\build\web\WEB-INF\db\Users.odb' is opened by 1496@hello-PC

[2015-07-25 15:57:33 #22 store] 
Database 'D:\jsf work place\PurchaseSystem\build\web\WEB-INF\db\Users.odb' is closed by 1496@hello-PC

[2015-07-25 15:58:01 #23 store] 
Database 'D:\jsf work place\PurchaseSystem\build\web\WEB-INF\db\Order.odb' is opened by 1496@hello-PC

[2015-07-25 15:58:01 #24 store] 
Database 'D:\jsf work place\PurchaseSystem\build\web\WEB-INF\db\Order.odb' is closed by 1496@hello-PC

[2015-07-25 15:58:02 #25 store] 
Database 'D:\jsf work place\PurchaseSystem\build\web\WEB-INF\db\Order.odb' is opened by 1496@hello-PC

[2015-07-25 15:58:02 #26 store] 
Database 'D:\jsf work place\PurchaseSystem\build\web\WEB-INF\db\Order.odb' is closed by 1496@hello-PC

[2015-07-25 15:59:09 #27 store] 
Database 'D:\jsf work place\PurchaseSystem\build\web\WEB-INF\db\Users.odb' is opened by 1496@hello-PC

[2015-07-25 15:59:09 #28 store] 
Database 'D:\jsf work place\PurchaseSystem\build\web\WEB-INF\db\Users.odb' is closed by 1496@hello-PC

[2015-07-25 15:59:27 #29 store] 
Database 'D:\jsf work place\PurchaseSystem\build\web\WEB-INF\db\Order.odb' is opened by 1496@hello-PC

[2015-07-25 15:59:27 #30 store] 
Database 'D:\jsf work place\PurchaseSystem\build\web\WEB-INF\db\Order.odb' is closed by 1496@hello-PC

[2015-07-25 15:59:29 #31 store] 
Database 'D:\jsf work place\PurchaseSystem\build\web\WEB-INF\db\Order.odb' is opened by 1496@hello-PC

[2015-07-25 15:59:29 #32 store] 
Database 'D:\jsf work place\PurchaseSystem\build\web\WEB-INF\db\Order.odb' is closed by 1496@hello-PC

[2015-07-25 16:00:31 #33 store] 
Database 'D:\jsf work place\PurchaseSystem\build\web\WEB-INF\db\Users.odb' is opened by 1496@hello-PC

[2015-07-25 16:00:31 #34 store] 
Database 'D:\jsf work place\PurchaseSystem\build\web\WEB-INF\db\Users.odb' is closed by 1496@hello-PC

[2015-07-25 16:01:12 #35 store] 
Database 'D:\jsf work place\PurchaseSystem\build\web\WEB-INF\db\Users.odb' is opened by 1496@hello-PC

[2015-07-25 16:01:12 #36 store] 
Database 'D:\jsf work place\PurchaseSystem\build\web\WEB-INF\db\Users.odb' is closed by 1496@hello-PC

[2015-07-25 16:01:29 #37 store] 
Database 'D:\jsf work place\PurchaseSystem\build\web\WEB-INF\db\Users.odb' is opened by 1496@hello-PC

[2015-07-25 16:01:29 #38 store] 
Database 'D:\jsf work place\PurchaseSystem\build\web\WEB-INF\db\Users.odb' is closed by 1496@hello-PC

[2015-07-25 16:02:03 #39 store] 
Database 'D:\jsf work place\PurchaseSystem\build\web\WEB-INF\db\Users.odb' is opened by 1496@hello-PC

[2015-07-25 16:02:03 #40 store] 
Database 'D:\jsf work place\PurchaseSystem\build\web\WEB-INF\db\Users.odb' is closed by 1496@hello-PC

[2015-07-25 16:02:17 #41 store] 
Database 'D:\jsf work place\PurchaseSystem\build\web\WEB-INF\db\Order.odb' is opened by 1496@hello-PC

[2015-07-25 16:02:17 #42 store] 
Database 'D:\jsf work place\PurchaseSystem\build\web\WEB-INF\db\Order.odb' is closed by 1496@hello-PC

[2015-07-25 16:02:18 #43 store] 
Database 'D:\jsf work place\PurchaseSystem\build\web\WEB-INF\db\Order.odb' is opened by 1496@hello-PC

[2015-07-25 16:02:18 #44 store] 
Database 'D:\jsf work place\PurchaseSystem\build\web\WEB-INF\db\Order.odb' is closed by 1496@hello-PC

[2015-07-25 16:04:20 #45 store] 
Database 'D:\jsf work place\PurchaseSystem\build\web\WEB-INF\db\Users.odb' is opened by 1496@hello-PC

[2015-07-25 16:04:20 #46 store] 
Database 'D:\jsf work place\PurchaseSystem\build\web\WEB-INF\db\Users.odb' is closed by 1496@hello-PC

[2015-07-25 16:04:32 #47 store] 
Database 'D:\jsf work place\PurchaseSystem\build\web\WEB-INF\db\Users.odb' is opened by 1496@hello-PC

[2015-07-25 16:04:32 #48 store] 
Database 'D:\jsf work place\PurchaseSystem\build\web\WEB-INF\db\Users.odb' is closed by 1496@hello-PC

[2015-07-25 16:04:43 #49 store] 
Database 'D:\jsf work place\PurchaseSystem\build\web\WEB-INF\db\Users.odb' is opened by 1496@hello-PC

[2015-07-25 16:04:43 #50 store] 
Database 'D:\jsf work place\PurchaseSystem\build\web\WEB-INF\db\Users.odb' is closed by 1496@hello-PC

[2015-07-25 16:13:40 #51 store] 
Database 'D:\jsf work place\PurchaseSystem\build\web\WEB-INF\db\Users.odb' is opened by 1496@hello-PC

[2015-07-25 16:13:40 #52 store] 
Database 'D:\jsf work place\PurchaseSystem\build\web\WEB-INF\db\Users.odb' is closed by 1496@hello-PC

[2015-07-25 16:15:05 #53 store] 
Database 'D:\jsf work place\PurchaseSystem\build\web\WEB-INF\db\Order.odb' is opened by 1496@hello-PC

[2015-07-25 16:15:05 #54 store] 
Database 'D:\jsf work place\PurchaseSystem\build\web\WEB-INF\db\Order.odb' is closed by 1496@hello-PC

[2015-07-25 16:15:14 #55 store] 
Database 'D:\jsf work place\PurchaseSystem\build\web\WEB-INF\db\Order.odb' is opened by 1496@hello-PC

[2015-07-25 16:15:14 #56 store] 
Database 'D:\jsf work place\PurchaseSystem\build\web\WEB-INF\db\Order.odb' is closed by 1496@hello-PC

------------------------------------------------------------------------------------------------------------------------

[2015-07-25 16:18:49 #1 store] 
Database 'D:\jsf work place\PurchaseSystem\build\web\WEB-INF\db\Users.odb' is opened by 1496@hello-PC

[2015-07-25 16:18:49 #2 type.registry] 
New type entity.Users

[2015-07-25 16:18:49 #3 type] 
Type entity.Users is not enhanced.

[2015-07-25 16:18:49 #4 type.registry] 
New type entity.Order

[2015-07-25 16:18:49 #5 type] 
Type entity.Order is not enhanced.

[2015-07-25 16:18:49 #6 type.registry] 
New type entity.ItemEntity

[2015-07-25 16:18:49 #7 type] 
Type entity.ItemEntity is not enhanced.

[2015-07-25 16:18:49 #8 store] 
Database 'D:\jsf work place\PurchaseSystem\build\web\WEB-INF\db\Users.odb' is closed by 1496@hello-PC

[2015-07-25 16:18:49 #9 store] 
Database 'D:\jsf work place\PurchaseSystem\build\web\WEB-INF\db\Users.odb' is opened by 1496@hello-PC

[2015-07-25 16:18:50 #10 type.registry] 
New type java.util.ArrayList<java.lang.Object>

[2015-07-25 16:18:50 #11 type.registry] 
New type java.util.ArrayList<entity.Order>

[2015-07-25 16:18:50 #12 type.registry] 
New type com.objectdb.o.LMT

[2015-07-25 16:18:50 #13 type.registry] 
New type com.objectdb.o.VAL

[2015-07-25 16:18:50 #14 type.registry] 
New type com.objectdb.o.RFV

[2015-07-25 16:18:50 #15 store] 
Database 'D:\jsf work place\PurchaseSystem\build\web\WEB-INF\db\Users.odb' is closed by 1496@hello-PC

[2015-07-25 16:18:59 #16 store] 
Database 'D:\jsf work place\PurchaseSystem\build\web\WEB-INF\db\Supplier.odb' is opened by 1496@hello-PC

[2015-07-25 16:18:59 #17 type.registry] 
New type entity.Supplier

[2015-07-25 16:18:59 #18 type] 
Type entity.Supplier is not enhanced.

[2015-07-25 16:18:59 #19 store] 
Database 'D:\jsf work place\PurchaseSystem\build\web\WEB-INF\db\Supplier.odb' is closed by 1496@hello-PC

[2015-07-25 16:18:59 #20 store] 
Database 'D:\jsf work place\PurchaseSystem\build\web\WEB-INF\db\Supplier.odb' is opened by 1496@hello-PC

[2015-07-25 16:18:59 #21 store] 
Database 'D:\jsf work place\PurchaseSystem\build\web\WEB-INF\db\Supplier.odb' is closed by 1496@hello-PC

[2015-07-25 16:19:09 #22 store] 
Database 'D:\jsf work place\PurchaseSystem\build\web\WEB-INF\db\Order.odb' is opened by 1496@hello-PC

[2015-07-25 16:19:09 #23 type.registry] 
New type entity.Order

[2015-07-25 16:19:09 #24 type.registry] 
New type entity.ItemEntity

[2015-07-25 16:19:09 #25 type.registry] 
New type entity.Users

[2015-07-25 16:19:09 #26 type.registry] 
New type java.util.ArrayList<java.lang.Object>

[2015-07-25 16:19:09 #27 type.registry] 
New type java.util.ArrayList<entity.ItemEntity>

[2015-07-25 16:19:09 #28 store] 
Database 'D:\jsf work place\PurchaseSystem\build\web\WEB-INF\db\Order.odb' is closed by 1496@hello-PC

[2015-07-25 16:19:10 #29 store] 
Database 'D:\jsf work place\PurchaseSystem\build\web\WEB-INF\db\Order.odb' is opened by 1496@hello-PC

[2015-07-25 16:19:10 #30 type.registry] 
New type com.objectdb.o.LMT

[2015-07-25 16:19:10 #31 type.registry] 
New type com.objectdb.o.VAL

[2015-07-25 16:19:10 #32 type.registry] 
New type com.objectdb.o.RFV

[2015-07-25 16:19:10 #33 store] 
Database 'D:\jsf work place\PurchaseSystem\build\web\WEB-INF\db\Order.odb' is closed by 1496@hello-PC

------------------------------------------------------------------------------------------------------------------------

[2015-07-25 16:19:57 #1 store] 
Database 'D:\jsf work place\PurchaseSystem\build\web\WEB-INF\db\Users.odb' is opened by 1496@hello-PC

[2015-07-25 16:19:57 #2 type] 
Type entity.Users is not enhanced.

[2015-07-25 16:19:57 #3 type] 
Type entity.Order is not enhanced.

[2015-07-25 16:19:57 #4 type] 
Type entity.ItemEntity is not enhanced.

[2015-07-25 16:19:58 #5 store] 
Database 'D:\jsf work place\PurchaseSystem\build\web\WEB-INF\db\Users.odb' is closed by 1496@hello-PC

[2015-07-25 16:20:07 #6 store] 
Database 'D:\jsf work place\PurchaseSystem\build\web\WEB-INF\db\Supplier.odb' is opened by 1496@hello-PC

[2015-07-25 16:20:07 #7 type] 
Type entity.Supplier is not enhanced.

[2015-07-25 16:20:07 #8 store] 
Database 'D:\jsf work place\PurchaseSystem\build\web\WEB-INF\db\Supplier.odb' is closed by 1496@hello-PC

[2015-07-25 16:20:28 #9 store] 
Database 'D:\jsf work place\PurchaseSystem\build\web\WEB-INF\db\Order.odb' is opened by 1496@hello-PC

[2015-07-25 16:20:28 #10 store] 
Database 'D:\jsf work place\PurchaseSystem\build\web\WEB-INF\db\Order.odb' is closed by 1496@hello-PC

[2015-07-25 16:20:30 #11 store] 
Database 'D:\jsf work place\PurchaseSystem\build\web\WEB-INF\db\Order.odb' is opened by 1496@hello-PC

[2015-07-25 16:20:30 #12 store] 
Database 'D:\jsf work place\PurchaseSystem\build\web\WEB-INF\db\Order.odb' is closed by 1496@hello-PC

[2015-07-25 16:28:11 #13 store] 
Database 'D:\jsf work place\PurchaseSystem\build\web\WEB-INF\db\Users.odb' is opened by 1496@hello-PC

[2015-07-25 16:28:11 #14 store] 
Database 'D:\jsf work place\PurchaseSystem\build\web\WEB-INF\db\Users.odb' is closed by 1496@hello-PC

[2015-07-25 16:29:31 #15 store] 
Database 'D:\jsf work place\PurchaseSystem\build\web\WEB-INF\db\Users.odb' is opened by 1496@hello-PC

[2015-07-25 16:29:31 #16 store] 
Database 'D:\jsf work place\PurchaseSystem\build\web\WEB-INF\db\Users.odb' is closed by 1496@hello-PC

[2015-07-25 16:35:14 #17 store] 
Database 'D:\jsf work place\PurchaseSystem\build\web\WEB-INF\db\Users.odb' is opened by 1496@hello-PC

[2015-07-25 16:35:14 #18 store] 
Database 'D:\jsf work place\PurchaseSystem\build\web\WEB-INF\db\Users.odb' is closed by 1496@hello-PC

[2015-07-25 16:37:25 #19 store] 
Database 'D:\jsf work place\PurchaseSystem\build\web\WEB-INF\db\Users.odb' is opened by 1496@hello-PC

[2015-07-25 16:37:25 #20 store] 
Database 'D:\jsf work place\PurchaseSystem\build\web\WEB-INF\db\Users.odb' is closed by 1496@hello-PC

[2015-07-25 16:37:50 #21 store] 
Database 'D:\jsf work place\PurchaseSystem\build\web\WEB-INF\db\Order.odb' is opened by 1496@hello-PC

[2015-07-25 16:37:50 #22 store] 
Database 'D:\jsf work place\PurchaseSystem\build\web\WEB-INF\db\Order.odb' is closed by 1496@hello-PC

[2015-07-25 16:37:52 #23 store] 
Database 'D:\jsf work place\PurchaseSystem\build\web\WEB-INF\db\Order.odb' is opened by 1496@hello-PC

[2015-07-25 16:37:52 #24 store] 
Database 'D:\jsf work place\PurchaseSystem\build\web\WEB-INF\db\Order.odb' is closed by 1496@hello-PC

