------------------------------------------------------------------------------------------------------------------------

[2015-07-26 09:13:58 #1 store] 
Database 'D:\jsf work place\PurchaseSystem\build\web\WEB-INF\db\Users.odb' is opened by 3216@hello-PC

[2015-07-26 09:13:59 #2 type] 
Type entity.Users is not enhanced.

[2015-07-26 09:13:59 #3 type] 
Type entity.Order is not enhanced.

[2015-07-26 09:13:59 #4 type] 
Type entity.ItemEntity is not enhanced.

[2015-07-26 09:13:59 #5 store] 
Database 'D:\jsf work place\PurchaseSystem\build\web\WEB-INF\db\Users.odb' is closed by 3216@hello-PC

[2015-07-26 09:14:10 #6 store] 
Database 'D:\jsf work place\PurchaseSystem\build\web\WEB-INF\db\Supplier.odb' is opened by 3216@hello-PC

[2015-07-26 09:14:10 #7 type] 
Type entity.Supplier is not enhanced.

[2015-07-26 09:14:10 #8 store] 
Database 'D:\jsf work place\PurchaseSystem\build\web\WEB-INF\db\Supplier.odb' is closed by 3216@hello-PC

[2015-07-26 09:14:29 #9 store] 
Database 'D:\jsf work place\PurchaseSystem\build\web\WEB-INF\db\Order.odb' is opened by 3216@hello-PC

[2015-07-26 09:14:29 #10 store] 
Database 'D:\jsf work place\PurchaseSystem\build\web\WEB-INF\db\Order.odb' is closed by 3216@hello-PC

[2015-07-26 09:14:31 #11 store] 
Database 'D:\jsf work place\PurchaseSystem\build\web\WEB-INF\db\Order.odb' is opened by 3216@hello-PC

[2015-07-26 09:14:31 #12 store] 
Database 'D:\jsf work place\PurchaseSystem\build\web\WEB-INF\db\Order.odb' is closed by 3216@hello-PC

[2015-07-26 09:14:58 #13 store] 
Database 'D:\jsf work place\PurchaseSystem\build\web\WEB-INF\db\Users.odb' is opened by 3216@hello-PC

[2015-07-26 09:14:58 #14 store] 
Database 'D:\jsf work place\PurchaseSystem\build\web\WEB-INF\db\Users.odb' is closed by 3216@hello-PC

[2015-07-26 09:15:08 #15 store] 
Database 'D:\jsf work place\PurchaseSystem\build\web\WEB-INF\db\Users.odb' is opened by 3216@hello-PC

[2015-07-26 09:15:08 #16 store] 
Database 'D:\jsf work place\PurchaseSystem\build\web\WEB-INF\db\Users.odb' is closed by 3216@hello-PC

[2015-07-26 09:15:37 #17 store] 
Database 'D:\jsf work place\PurchaseSystem\build\web\WEB-INF\db\Order.odb' is opened by 3216@hello-PC

[2015-07-26 09:15:37 #18 store] 
Database 'D:\jsf work place\PurchaseSystem\build\web\WEB-INF\db\Order.odb' is closed by 3216@hello-PC

[2015-07-26 09:15:40 #19 store] 
Database 'D:\jsf work place\PurchaseSystem\build\web\WEB-INF\db\Order.odb' is opened by 3216@hello-PC

[2015-07-26 09:15:40 #20 store] 
Database 'D:\jsf work place\PurchaseSystem\build\web\WEB-INF\db\Order.odb' is closed by 3216@hello-PC

[2015-07-26 09:20:04 #21 store] 
Database 'D:\jsf work place\PurchaseSystem\build\web\WEB-INF\db\Users.odb' is opened by 3216@hello-PC

[2015-07-26 09:20:04 #22 store] 
Database 'D:\jsf work place\PurchaseSystem\build\web\WEB-INF\db\Users.odb' is closed by 3216@hello-PC

[2015-07-26 09:20:33 #23 store] 
Database 'D:\jsf work place\PurchaseSystem\build\web\WEB-INF\db\Users.odb' is opened by 3216@hello-PC

[2015-07-26 09:20:33 #24 store] 
Database 'D:\jsf work place\PurchaseSystem\build\web\WEB-INF\db\Users.odb' is closed by 3216@hello-PC

[2015-07-26 09:20:47 #25 store] 
Database 'D:\jsf work place\PurchaseSystem\build\web\WEB-INF\db\Users.odb' is opened by 3216@hello-PC

[2015-07-26 09:20:47 #26 store] 
Database 'D:\jsf work place\PurchaseSystem\build\web\WEB-INF\db\Users.odb' is closed by 3216@hello-PC

[2015-07-26 09:21:30 #27 store] 
Database 'D:\jsf work place\PurchaseSystem\build\web\WEB-INF\db\Order.odb' is opened by 3216@hello-PC

[2015-07-26 09:21:30 #28 store] 
Database 'D:\jsf work place\PurchaseSystem\build\web\WEB-INF\db\Order.odb' is closed by 3216@hello-PC

[2015-07-26 09:21:32 #29 store] 
Database 'D:\jsf work place\PurchaseSystem\build\web\WEB-INF\db\Order.odb' is opened by 3216@hello-PC

[2015-07-26 09:21:32 #30 store] 
Database 'D:\jsf work place\PurchaseSystem\build\web\WEB-INF\db\Order.odb' is closed by 3216@hello-PC

[2015-07-26 09:27:11 #31 store] 
Database 'D:\jsf work place\PurchaseSystem\build\web\WEB-INF\db\Users.odb' is opened by 3216@hello-PC

[2015-07-26 09:27:11 #32 store] 
Database 'D:\jsf work place\PurchaseSystem\build\web\WEB-INF\db\Users.odb' is closed by 3216@hello-PC

[2015-07-26 09:31:00 #33 store] 
Database 'D:\jsf work place\PurchaseSystem\build\web\WEB-INF\db\Users.odb' is opened by 3216@hello-PC

[2015-07-26 09:31:00 #34 store] 
Database 'D:\jsf work place\PurchaseSystem\build\web\WEB-INF\db\Users.odb' is closed by 3216@hello-PC

[2015-07-26 09:31:27 #35 store] 
Database 'D:\jsf work place\PurchaseSystem\build\web\WEB-INF\db\Users.odb' is opened by 3216@hello-PC

[2015-07-26 09:31:27 #36 store] 
Database 'D:\jsf work place\PurchaseSystem\build\web\WEB-INF\db\Users.odb' is closed by 3216@hello-PC

[2015-07-26 09:32:00 #37 store] 
Database 'D:\jsf work place\PurchaseSystem\build\web\WEB-INF\db\Users.odb' is opened by 3216@hello-PC

[2015-07-26 09:32:00 #38 store] 
Database 'D:\jsf work place\PurchaseSystem\build\web\WEB-INF\db\Users.odb' is closed by 3216@hello-PC

[2015-07-26 09:32:44 #39 store] 
Database 'D:\jsf work place\PurchaseSystem\build\web\WEB-INF\db\Users.odb' is opened by 3216@hello-PC

[2015-07-26 09:32:44 #40 store] 
Database 'D:\jsf work place\PurchaseSystem\build\web\WEB-INF\db\Users.odb' is closed by 3216@hello-PC

------------------------------------------------------------------------------------------------------------------------

[2015-07-26 09:34:02 #1 store] 
Database 'D:\jsf work place\PurchaseSystem\build\web\WEB-INF\db\Users.odb' is opened by 3320@hello-PC

[2015-07-26 09:34:03 #2 type] 
Type entity.Users is not enhanced.

[2015-07-26 09:34:03 #3 type] 
Type entity.Order is not enhanced.

[2015-07-26 09:34:03 #4 type] 
Type entity.ItemEntity is not enhanced.

[2015-07-26 09:34:03 #5 store] 
Database 'D:\jsf work place\PurchaseSystem\build\web\WEB-INF\db\Users.odb' is closed by 3320@hello-PC

[2015-07-26 09:35:09 #6 store] 
Database 'D:\jsf work place\PurchaseSystem\build\web\WEB-INF\db\Users.odb' is opened by 3320@hello-PC

[2015-07-26 09:35:09 #7 store] 
Database 'D:\jsf work place\PurchaseSystem\build\web\WEB-INF\db\Users.odb' is closed by 3320@hello-PC

[2015-07-26 09:37:12 #8 store] 
Database 'D:\jsf work place\PurchaseSystem\build\web\WEB-INF\db\Users.odb' is opened by 3320@hello-PC

[2015-07-26 09:37:12 #9 store] 
Database 'D:\jsf work place\PurchaseSystem\build\web\WEB-INF\db\Users.odb' is closed by 3320@hello-PC

[2015-07-26 09:38:37 #10 store] 
Database 'D:\jsf work place\PurchaseSystem\build\web\WEB-INF\db\Users.odb' is opened by 3320@hello-PC

[2015-07-26 09:38:37 #11 store] 
Database 'D:\jsf work place\PurchaseSystem\build\web\WEB-INF\db\Users.odb' is closed by 3320@hello-PC

[2015-07-26 09:39:50 #12 store] 
Database 'D:\jsf work place\PurchaseSystem\build\web\WEB-INF\db\Users.odb' is opened by 3320@hello-PC

[2015-07-26 09:39:50 #13 store] 
Database 'D:\jsf work place\PurchaseSystem\build\web\WEB-INF\db\Users.odb' is closed by 3320@hello-PC

[2015-07-26 09:40:20 #14 store] 
Database 'D:\jsf work place\PurchaseSystem\build\web\WEB-INF\db\Users.odb' is opened by 3320@hello-PC

[2015-07-26 09:40:20 #15 store] 
Database 'D:\jsf work place\PurchaseSystem\build\web\WEB-INF\db\Users.odb' is closed by 3320@hello-PC

[2015-07-26 09:40:47 #16 store] 
Database 'D:\jsf work place\PurchaseSystem\build\web\WEB-INF\db\Users.odb' is opened by 3320@hello-PC

[2015-07-26 09:40:47 #17 store] 
Database 'D:\jsf work place\PurchaseSystem\build\web\WEB-INF\db\Users.odb' is closed by 3320@hello-PC

[2015-07-26 09:41:20 #18 store] 
Database 'D:\jsf work place\PurchaseSystem\build\web\WEB-INF\db\Users.odb' is opened by 3320@hello-PC

[2015-07-26 09:41:20 #19 store] 
Database 'D:\jsf work place\PurchaseSystem\build\web\WEB-INF\db\Users.odb' is closed by 3320@hello-PC

[2015-07-26 09:42:40 #20 store] 
Database 'D:\jsf work place\PurchaseSystem\build\web\WEB-INF\db\Users.odb' is opened by 3320@hello-PC

[2015-07-26 09:42:40 #21 store] 
Database 'D:\jsf work place\PurchaseSystem\build\web\WEB-INF\db\Users.odb' is closed by 3320@hello-PC

[2015-07-26 09:46:30 #22 store] 
Database 'D:\jsf work place\PurchaseSystem\build\web\WEB-INF\db\Users.odb' is opened by 3320@hello-PC

[2015-07-26 09:46:30 #23 store] 
Database 'D:\jsf work place\PurchaseSystem\build\web\WEB-INF\db\Users.odb' is closed by 3320@hello-PC

[2015-07-26 09:47:09 #24 store] 
Database 'D:\jsf work place\PurchaseSystem\build\web\WEB-INF\db\Users.odb' is opened by 3320@hello-PC

[2015-07-26 09:47:09 #25 store] 
Database 'D:\jsf work place\PurchaseSystem\build\web\WEB-INF\db\Users.odb' is closed by 3320@hello-PC

[2015-07-26 09:47:09 #26 store] 
Database 'D:\jsf work place\PurchaseSystem\build\web\WEB-INF\db\Order.odb' is opened by 3320@hello-PC

[2015-07-26 09:47:09 #27 store] 
Database 'D:\jsf work place\PurchaseSystem\build\web\WEB-INF\db\Order.odb' is closed by 3320@hello-PC

[2015-07-26 09:47:34 #28 store] 
Database 'D:\jsf work place\PurchaseSystem\build\web\WEB-INF\db\Users.odb' is opened by 3320@hello-PC

[2015-07-26 09:47:34 #29 store] 
Database 'D:\jsf work place\PurchaseSystem\build\web\WEB-INF\db\Users.odb' is closed by 3320@hello-PC

[2015-07-26 09:48:44 #30 store] 
Database 'D:\jsf work place\PurchaseSystem\build\web\WEB-INF\db\Users.odb' is opened by 3320@hello-PC

[2015-07-26 09:48:44 #31 store] 
Database 'D:\jsf work place\PurchaseSystem\build\web\WEB-INF\db\Users.odb' is closed by 3320@hello-PC

[2015-07-26 09:48:58 #32 store] 
Database 'D:\jsf work place\PurchaseSystem\build\web\WEB-INF\db\Supplier.odb' is opened by 3320@hello-PC

[2015-07-26 09:48:58 #33 type] 
Type entity.Supplier is not enhanced.

[2015-07-26 09:48:58 #34 store] 
Database 'D:\jsf work place\PurchaseSystem\build\web\WEB-INF\db\Supplier.odb' is closed by 3320@hello-PC

[2015-07-26 09:49:03 #35 store] 
Database 'D:\jsf work place\PurchaseSystem\build\web\WEB-INF\db\Order.odb' is opened by 3320@hello-PC

[2015-07-26 09:49:03 #36 store] 
Database 'D:\jsf work place\PurchaseSystem\build\web\WEB-INF\db\Order.odb' is closed by 3320@hello-PC

[2015-07-26 09:49:05 #37 store] 
Database 'D:\jsf work place\PurchaseSystem\build\web\WEB-INF\db\Order.odb' is opened by 3320@hello-PC

[2015-07-26 09:49:05 #38 store] 
Database 'D:\jsf work place\PurchaseSystem\build\web\WEB-INF\db\Order.odb' is closed by 3320@hello-PC

[2015-07-26 09:50:19 #39 store] 
Database 'D:\jsf work place\PurchaseSystem\build\web\WEB-INF\db\Users.odb' is opened by 3320@hello-PC

[2015-07-26 09:50:19 #40 store] 
Database 'D:\jsf work place\PurchaseSystem\build\web\WEB-INF\db\Users.odb' is closed by 3320@hello-PC

[2015-07-26 09:50:23 #41 store] 
Database 'D:\jsf work place\PurchaseSystem\build\web\WEB-INF\db\Order.odb' is opened by 3320@hello-PC

[2015-07-26 09:50:23 #42 store] 
Database 'D:\jsf work place\PurchaseSystem\build\web\WEB-INF\db\Order.odb' is closed by 3320@hello-PC

[2015-07-26 09:50:52 #43 store] 
Database 'D:\jsf work place\PurchaseSystem\build\web\WEB-INF\db\Users.odb' is opened by 3320@hello-PC

[2015-07-26 09:50:52 #44 store] 
Database 'D:\jsf work place\PurchaseSystem\build\web\WEB-INF\db\Users.odb' is closed by 3320@hello-PC

[2015-07-26 09:50:56 #45 store] 
Database 'D:\jsf work place\PurchaseSystem\build\web\WEB-INF\db\Users.odb' is opened by 3320@hello-PC

[2015-07-26 09:50:56 #46 store] 
Database 'D:\jsf work place\PurchaseSystem\build\web\WEB-INF\db\Users.odb' is closed by 3320@hello-PC

[2015-07-26 09:52:33 #47 store] 
Database 'D:\jsf work place\PurchaseSystem\build\web\WEB-INF\db\Users.odb' is opened by 3320@hello-PC

[2015-07-26 09:52:33 #48 store] 
Database 'D:\jsf work place\PurchaseSystem\build\web\WEB-INF\db\Users.odb' is closed by 3320@hello-PC

[2015-07-26 09:52:54 #49 store] 
Database 'D:\jsf work place\PurchaseSystem\build\web\WEB-INF\db\Users.odb' is opened by 3320@hello-PC

[2015-07-26 09:52:54 #50 store] 
Database 'D:\jsf work place\PurchaseSystem\build\web\WEB-INF\db\Users.odb' is closed by 3320@hello-PC

[2015-07-26 09:57:07 #51 store] 
Database 'D:\jsf work place\PurchaseSystem\build\web\WEB-INF\db\Users.odb' is opened by 3320@hello-PC

[2015-07-26 09:57:07 #52 store] 
Database 'D:\jsf work place\PurchaseSystem\build\web\WEB-INF\db\Users.odb' is closed by 3320@hello-PC

------------------------------------------------------------------------------------------------------------------------

[2015-07-26 10:02:21 #1 store] 
Database 'D:\jsf work place\PurchaseSystem\build\web\WEB-INF\db\Users.odb' is opened by 3320@hello-PC

[2015-07-26 10:02:21 #2 type] 
Type entity.Users is not enhanced.

[2015-07-26 10:02:21 #3 type] 
Type entity.Order is not enhanced.

[2015-07-26 10:02:21 #4 type] 
Type entity.ItemEntity is not enhanced.

[2015-07-26 10:02:21 #5 store] 
Database 'D:\jsf work place\PurchaseSystem\build\web\WEB-INF\db\Users.odb' is closed by 3320@hello-PC

[2015-07-26 10:02:54 #6 store] 
Database 'D:\jsf work place\PurchaseSystem\build\web\WEB-INF\db\Users.odb' is opened by 3320@hello-PC

[2015-07-26 10:02:54 #7 store] 
Database 'D:\jsf work place\PurchaseSystem\build\web\WEB-INF\db\Users.odb' is closed by 3320@hello-PC

[2015-07-26 10:02:57 #8 store] 
Database 'D:\jsf work place\PurchaseSystem\build\web\WEB-INF\db\Order.odb' is opened by 3320@hello-PC

[2015-07-26 10:02:57 #9 store] 
Database 'D:\jsf work place\PurchaseSystem\build\web\WEB-INF\db\Order.odb' is closed by 3320@hello-PC

[2015-07-26 10:03:00 #10 store] 
Database 'D:\jsf work place\PurchaseSystem\build\web\WEB-INF\db\Order.odb' is opened by 3320@hello-PC

[2015-07-26 10:03:00 #11 store] 
Database 'D:\jsf work place\PurchaseSystem\build\web\WEB-INF\db\Order.odb' is closed by 3320@hello-PC

[2015-07-26 10:03:01 #12 store] 
Database 'D:\jsf work place\PurchaseSystem\build\web\WEB-INF\db\Order.odb' is opened by 3320@hello-PC

[2015-07-26 10:03:01 #13 store] 
Database 'D:\jsf work place\PurchaseSystem\build\web\WEB-INF\db\Order.odb' is closed by 3320@hello-PC

[2015-07-26 10:03:41 #14 store] 
Database 'D:\jsf work place\PurchaseSystem\build\web\WEB-INF\db\Users.odb' is opened by 3320@hello-PC

[2015-07-26 10:03:41 #15 store] 
Database 'D:\jsf work place\PurchaseSystem\build\web\WEB-INF\db\Users.odb' is closed by 3320@hello-PC

[2015-07-26 10:03:43 #16 store] 
Database 'D:\jsf work place\PurchaseSystem\build\web\WEB-INF\db\Order.odb' is opened by 3320@hello-PC

[2015-07-26 10:03:43 #17 store] 
Database 'D:\jsf work place\PurchaseSystem\build\web\WEB-INF\db\Order.odb' is closed by 3320@hello-PC

------------------------------------------------------------------------------------------------------------------------

[2015-07-26 10:08:24 #1 store] 
Database 'D:\jsf work place\PurchaseSystem\build\web\WEB-INF\db\Users.odb' is opened by 3320@hello-PC

[2015-07-26 10:08:25 #2 type] 
Type entity.Users is not enhanced.

[2015-07-26 10:08:25 #3 type] 
Type entity.Order is not enhanced.

[2015-07-26 10:08:25 #4 type] 
Type entity.ItemEntity is not enhanced.

[2015-07-26 10:08:25 #5 store] 
Database 'D:\jsf work place\PurchaseSystem\build\web\WEB-INF\db\Users.odb' is closed by 3320@hello-PC

[2015-07-26 10:08:39 #6 store] 
Database 'D:\jsf work place\PurchaseSystem\build\web\WEB-INF\db\Supplier.odb' is opened by 3320@hello-PC

[2015-07-26 10:08:39 #7 type] 
Type entity.Supplier is not enhanced.

[2015-07-26 10:08:39 #8 store] 
Database 'D:\jsf work place\PurchaseSystem\build\web\WEB-INF\db\Supplier.odb' is closed by 3320@hello-PC

[2015-07-26 10:08:50 #9 store] 
Database 'D:\jsf work place\PurchaseSystem\build\web\WEB-INF\db\Order.odb' is opened by 3320@hello-PC

[2015-07-26 10:08:50 #10 type.registry] 
New type View.Item

------------------------------------------------------------------------------------------------------------------------

[2015-07-26 10:09:26 #1 store] 
Database 'D:\jsf work place\PurchaseSystem\build\web\WEB-INF\db\Users.odb' is opened by 3320@hello-PC

[2015-07-26 10:09:26 #2 type] 
Type entity.Users is not enhanced.

[2015-07-26 10:09:26 #3 type] 
Type entity.Order is not enhanced.

[2015-07-26 10:09:26 #4 type] 
Type entity.ItemEntity is not enhanced.

[2015-07-26 10:09:27 #5 store] 
Database 'D:\jsf work place\PurchaseSystem\build\web\WEB-INF\db\Users.odb' is closed by 3320@hello-PC

[2015-07-26 10:09:33 #6 store] 
Database 'D:\jsf work place\PurchaseSystem\build\web\WEB-INF\db\Supplier.odb' is opened by 3320@hello-PC

[2015-07-26 10:09:33 #7 type] 
Type entity.Supplier is not enhanced.

[2015-07-26 10:09:33 #8 store] 
Database 'D:\jsf work place\PurchaseSystem\build\web\WEB-INF\db\Supplier.odb' is closed by 3320@hello-PC

------------------------------------------------------------------------------------------------------------------------

[2015-07-26 10:12:33 #1 store] 
Database 'D:\jsf work place\PurchaseSystem\build\web\WEB-INF\db\Users.odb' is opened by 5108@hello-PC

[2015-07-26 10:12:33 #2 type] 
Type entity.Users is not enhanced.

[2015-07-26 10:12:33 #3 type] 
Type entity.Order is not enhanced.

[2015-07-26 10:12:33 #4 type] 
Type entity.ItemEntity is not enhanced.

[2015-07-26 10:12:33 #5 store] 
Database 'D:\jsf work place\PurchaseSystem\build\web\WEB-INF\db\Users.odb' is closed by 5108@hello-PC

[2015-07-26 10:12:33 #6 store] 
Database 'D:\jsf work place\PurchaseSystem\build\web\WEB-INF\db\Users.odb' is opened by 5108@hello-PC

[2015-07-26 10:12:33 #7 store] 
Database 'D:\jsf work place\PurchaseSystem\build\web\WEB-INF\db\Users.odb' is closed by 5108@hello-PC

[2015-07-26 10:12:34 #8 store] 
Database 'D:\jsf work place\PurchaseSystem\build\web\WEB-INF\db\Users.odb' is opened by 5108@hello-PC

[2015-07-26 10:12:34 #9 store] 
Database 'D:\jsf work place\PurchaseSystem\build\web\WEB-INF\db\Users.odb' is closed by 5108@hello-PC

[2015-07-26 10:12:34 #10 store] 
Database 'D:\jsf work place\PurchaseSystem\build\web\WEB-INF\db\Users.odb' is opened by 5108@hello-PC

[2015-07-26 10:12:34 #11 store] 
Database 'D:\jsf work place\PurchaseSystem\build\web\WEB-INF\db\Users.odb' is closed by 5108@hello-PC

[2015-07-26 10:12:40 #12 store] 
Database 'D:\jsf work place\PurchaseSystem\build\web\WEB-INF\db\Supplier.odb' is opened by 5108@hello-PC

[2015-07-26 10:12:40 #13 type] 
Type entity.Supplier is not enhanced.

[2015-07-26 10:12:40 #14 store] 
Database 'D:\jsf work place\PurchaseSystem\build\web\WEB-INF\db\Supplier.odb' is closed by 5108@hello-PC

[2015-07-26 10:12:40 #15 store] 
Database 'D:\jsf work place\PurchaseSystem\build\web\WEB-INF\db\Supplier.odb' is opened by 5108@hello-PC

[2015-07-26 10:12:40 #16 store] 
Database 'D:\jsf work place\PurchaseSystem\build\web\WEB-INF\db\Supplier.odb' is closed by 5108@hello-PC

[2015-07-26 10:12:52 #17 store] 
Database 'D:\jsf work place\PurchaseSystem\build\web\WEB-INF\db\Order.odb' has been recovered (tr. 15-16)

[2015-07-26 10:12:52 #18 store] 
Database 'D:\jsf work place\PurchaseSystem\build\web\WEB-INF\db\Order.odb' is opened by 5108@hello-PC

[2015-07-26 10:12:52 #19 store] 
Database 'D:\jsf work place\PurchaseSystem\build\web\WEB-INF\db\Order.odb' is closed by 5108@hello-PC

[2015-07-26 10:12:54 #20 store] 
Database 'D:\jsf work place\PurchaseSystem\build\web\WEB-INF\db\Order.odb' is opened by 5108@hello-PC

[2015-07-26 10:12:54 #21 store] 
Database 'D:\jsf work place\PurchaseSystem\build\web\WEB-INF\db\Order.odb' is closed by 5108@hello-PC

[2015-07-26 10:13:20 #22 store] 
Database 'D:\jsf work place\PurchaseSystem\build\web\WEB-INF\db\Order.odb' is opened by 5108@hello-PC

[2015-07-26 10:13:20 #23 store] 
Database 'D:\jsf work place\PurchaseSystem\build\web\WEB-INF\db\Order.odb' is closed by 5108@hello-PC

[2015-07-26 10:13:22 #24 store] 
Database 'D:\jsf work place\PurchaseSystem\build\web\WEB-INF\db\Order.odb' is opened by 5108@hello-PC

[2015-07-26 10:13:22 #25 store] 
Database 'D:\jsf work place\PurchaseSystem\build\web\WEB-INF\db\Order.odb' is closed by 5108@hello-PC

------------------------------------------------------------------------------------------------------------------------

[2015-07-26 10:16:06 #1 store] 
Database 'D:\jsf work place\PurchaseSystem\build\web\WEB-INF\db\Users.odb' is opened by 1416@hello-PC

[2015-07-26 10:16:07 #2 type] 
Type entity.Users is not enhanced.

[2015-07-26 10:16:07 #3 type] 
Type entity.Order is not enhanced.

[2015-07-26 10:16:07 #4 type] 
Type entity.ItemEntity is not enhanced.

[2015-07-26 10:16:07 #5 store] 
Database 'D:\jsf work place\PurchaseSystem\build\web\WEB-INF\db\Users.odb' is closed by 1416@hello-PC

[2015-07-26 10:16:07 #6 store] 
Database 'D:\jsf work place\PurchaseSystem\build\web\WEB-INF\db\Users.odb' is opened by 1416@hello-PC

[2015-07-26 10:16:07 #7 store] 
Database 'D:\jsf work place\PurchaseSystem\build\web\WEB-INF\db\Users.odb' is closed by 1416@hello-PC

[2015-07-26 10:16:15 #8 store] 
Database 'D:\jsf work place\PurchaseSystem\build\web\WEB-INF\db\Supplier.odb' is opened by 1416@hello-PC

[2015-07-26 10:16:15 #9 type] 
Type entity.Supplier is not enhanced.

[2015-07-26 10:16:15 #10 store] 
Database 'D:\jsf work place\PurchaseSystem\build\web\WEB-INF\db\Supplier.odb' is closed by 1416@hello-PC

[2015-07-26 10:16:15 #11 store] 
Database 'D:\jsf work place\PurchaseSystem\build\web\WEB-INF\db\Supplier.odb' is opened by 1416@hello-PC

[2015-07-26 10:16:15 #12 store] 
Database 'D:\jsf work place\PurchaseSystem\build\web\WEB-INF\db\Supplier.odb' is closed by 1416@hello-PC

[2015-07-26 10:16:20 #13 store] 
Database 'D:\jsf work place\PurchaseSystem\build\web\WEB-INF\db\Order.odb' is opened by 1416@hello-PC

[2015-07-26 10:16:20 #14 store] 
Database 'D:\jsf work place\PurchaseSystem\build\web\WEB-INF\db\Order.odb' is closed by 1416@hello-PC

[2015-07-26 10:16:29 #15 store] 
Database 'D:\jsf work place\PurchaseSystem\build\web\WEB-INF\db\Order.odb' is opened by 1416@hello-PC

[2015-07-26 10:16:30 #16 store] 
Database 'D:\jsf work place\PurchaseSystem\build\web\WEB-INF\db\Order.odb' is closed by 1416@hello-PC

[2015-07-26 10:16:32 #17 store] 
Database 'D:\jsf work place\PurchaseSystem\build\web\WEB-INF\db\Order.odb' is opened by 1416@hello-PC

[2015-07-26 10:16:32 #18 store] 
Database 'D:\jsf work place\PurchaseSystem\build\web\WEB-INF\db\Order.odb' is closed by 1416@hello-PC

------------------------------------------------------------------------------------------------------------------------

[2015-07-26 10:19:03 #1 store] 
Database 'D:\jsf work place\PurchaseSystem\build\web\WEB-INF\db\Users.odb' is opened by 1416@hello-PC

[2015-07-26 10:19:03 #2 type.registry] 
New type entity.Users

[2015-07-26 10:19:03 #3 type] 
Type entity.Users is not enhanced.

[2015-07-26 10:19:03 #4 type.registry] 
New type entity.Order

[2015-07-26 10:19:03 #5 type] 
Type entity.Order is not enhanced.

[2015-07-26 10:19:03 #6 type.registry] 
New type entity.ItemEntity

[2015-07-26 10:19:03 #7 type] 
Type entity.ItemEntity is not enhanced.

[2015-07-26 10:19:03 #8 store] 
Database 'D:\jsf work place\PurchaseSystem\build\web\WEB-INF\db\Users.odb' is closed by 1416@hello-PC

[2015-07-26 10:19:04 #9 store] 
Database 'D:\jsf work place\PurchaseSystem\build\web\WEB-INF\db\Users.odb' is opened by 1416@hello-PC

[2015-07-26 10:19:04 #10 type.registry] 
New type java.util.ArrayList<java.lang.Object>

[2015-07-26 10:19:04 #11 type.registry] 
New type java.util.ArrayList<entity.Order>

[2015-07-26 10:19:04 #12 type.registry] 
New type com.objectdb.o.LMT

[2015-07-26 10:19:04 #13 type.registry] 
New type com.objectdb.o.VAL

[2015-07-26 10:19:04 #14 type.registry] 
New type com.objectdb.o.RFV

[2015-07-26 10:19:04 #15 store] 
Database 'D:\jsf work place\PurchaseSystem\build\web\WEB-INF\db\Users.odb' is closed by 1416@hello-PC

[2015-07-26 10:19:08 #16 store] 
Database 'D:\jsf work place\PurchaseSystem\build\web\WEB-INF\db\Supplier.odb' is opened by 1416@hello-PC

[2015-07-26 10:19:08 #17 type.registry] 
New type entity.Supplier

[2015-07-26 10:19:08 #18 type] 
Type entity.Supplier is not enhanced.

[2015-07-26 10:19:08 #19 store] 
Database 'D:\jsf work place\PurchaseSystem\build\web\WEB-INF\db\Supplier.odb' is closed by 1416@hello-PC

[2015-07-26 10:19:08 #20 store] 
Database 'D:\jsf work place\PurchaseSystem\build\web\WEB-INF\db\Supplier.odb' is opened by 1416@hello-PC

[2015-07-26 10:19:08 #21 store] 
Database 'D:\jsf work place\PurchaseSystem\build\web\WEB-INF\db\Supplier.odb' is closed by 1416@hello-PC

[2015-07-26 10:19:13 #22 store] 
Database 'D:\jsf work place\PurchaseSystem\build\web\WEB-INF\db\Order.odb' is opened by 1416@hello-PC

[2015-07-26 10:19:13 #23 type.registry] 
New type entity.Order

[2015-07-26 10:19:13 #24 type.registry] 
New type entity.ItemEntity

[2015-07-26 10:19:13 #25 type.registry] 
New type entity.Users

[2015-07-26 10:19:13 #26 store] 
Database 'D:\jsf work place\PurchaseSystem\build\web\WEB-INF\db\Order.odb' is closed by 1416@hello-PC

[2015-07-26 10:19:15 #27 store] 
Database 'D:\jsf work place\PurchaseSystem\build\web\WEB-INF\db\Order.odb' is opened by 1416@hello-PC

[2015-07-26 10:19:15 #28 type.registry] 
New type java.util.ArrayList<java.lang.Object>

[2015-07-26 10:19:15 #29 type.registry] 
New type java.util.ArrayList<entity.ItemEntity>

[2015-07-26 10:19:15 #30 type.registry] 
New type com.objectdb.o.LMT

[2015-07-26 10:19:15 #31 type.registry] 
New type com.objectdb.o.VAL

[2015-07-26 10:19:15 #32 type.registry] 
New type com.objectdb.o.RFV

[2015-07-26 10:19:15 #33 store] 
Database 'D:\jsf work place\PurchaseSystem\build\web\WEB-INF\db\Order.odb' is closed by 1416@hello-PC

------------------------------------------------------------------------------------------------------------------------

[2015-07-26 10:35:31 #1 store] 
Database 'D:\jsf work place\PurchaseSystem\build\web\WEB-INF\db\Users.odb' is opened by 1416@hello-PC

[2015-07-26 10:35:31 #2 type] 
Type entity.Users is not enhanced.

[2015-07-26 10:35:31 #3 type] 
Type entity.Order is not enhanced.

[2015-07-26 10:35:31 #4 type] 
Type entity.ItemEntity is not enhanced.

[2015-07-26 10:35:31 #5 store] 
Database 'D:\jsf work place\PurchaseSystem\build\web\WEB-INF\db\Users.odb' is closed by 1416@hello-PC

[2015-07-26 10:35:31 #6 store] 
Database 'D:\jsf work place\PurchaseSystem\build\web\WEB-INF\db\Users.odb' is opened by 1416@hello-PC

[2015-07-26 10:35:31 #7 store] 
Database 'D:\jsf work place\PurchaseSystem\build\web\WEB-INF\db\Users.odb' is closed by 1416@hello-PC

[2015-07-26 10:35:36 #8 store] 
Database 'D:\jsf work place\PurchaseSystem\build\web\WEB-INF\db\Supplier.odb' is opened by 1416@hello-PC

[2015-07-26 10:35:36 #9 type] 
Type entity.Supplier is not enhanced.

[2015-07-26 10:35:36 #10 store] 
Database 'D:\jsf work place\PurchaseSystem\build\web\WEB-INF\db\Supplier.odb' is closed by 1416@hello-PC

[2015-07-26 10:35:36 #11 store] 
Database 'D:\jsf work place\PurchaseSystem\build\web\WEB-INF\db\Supplier.odb' is opened by 1416@hello-PC

[2015-07-26 10:35:36 #12 store] 
Database 'D:\jsf work place\PurchaseSystem\build\web\WEB-INF\db\Supplier.odb' is closed by 1416@hello-PC

[2015-07-26 10:35:41 #13 store] 
Database 'D:\jsf work place\PurchaseSystem\build\web\WEB-INF\db\Order.odb' is opened by 1416@hello-PC

[2015-07-26 10:35:41 #14 store] 
Database 'D:\jsf work place\PurchaseSystem\build\web\WEB-INF\db\Order.odb' is closed by 1416@hello-PC

[2015-07-26 10:35:43 #15 store] 
Database 'D:\jsf work place\PurchaseSystem\build\web\WEB-INF\db\Order.odb' is opened by 1416@hello-PC

[2015-07-26 10:35:43 #16 store] 
Database 'D:\jsf work place\PurchaseSystem\build\web\WEB-INF\db\Order.odb' is closed by 1416@hello-PC

------------------------------------------------------------------------------------------------------------------------

[2015-07-26 10:37:47 #1 store] 
Database 'D:\jsf work place\PurchaseSystem\build\web\WEB-INF\db\Users.odb' is opened by 1416@hello-PC

[2015-07-26 10:37:48 #2 type] 
Type entity.Users is not enhanced.

[2015-07-26 10:37:48 #3 type] 
Type entity.Order is not enhanced.

[2015-07-26 10:37:48 #4 type] 
Type entity.ItemEntity is not enhanced.

[2015-07-26 10:37:48 #5 store] 
Database 'D:\jsf work place\PurchaseSystem\build\web\WEB-INF\db\Users.odb' is closed by 1416@hello-PC

[2015-07-26 10:37:48 #6 store] 
Database 'D:\jsf work place\PurchaseSystem\build\web\WEB-INF\db\Users.odb' is opened by 1416@hello-PC

[2015-07-26 10:37:48 #7 store] 
Database 'D:\jsf work place\PurchaseSystem\build\web\WEB-INF\db\Users.odb' is closed by 1416@hello-PC

[2015-07-26 10:37:54 #8 store] 
Database 'D:\jsf work place\PurchaseSystem\build\web\WEB-INF\db\Order.odb' is opened by 1416@hello-PC

[2015-07-26 10:37:54 #9 store] 
Database 'D:\jsf work place\PurchaseSystem\build\web\WEB-INF\db\Order.odb' is closed by 1416@hello-PC

------------------------------------------------------------------------------------------------------------------------

[2015-07-26 10:57:33 #1 store] 
Database 'D:\jsf work place\PurchaseSystem\build\web\WEB-INF\db\Users.odb' is opened by 1416@hello-PC

[2015-07-26 10:57:34 #2 type] 
Type entity.Users is not enhanced.

[2015-07-26 10:57:34 #3 type] 
Type entity.Order is not enhanced.

[2015-07-26 10:57:34 #4 type] 
Type entity.ItemEntity is not enhanced.

[2015-07-26 10:57:34 #5 store] 
Database 'D:\jsf work place\PurchaseSystem\build\web\WEB-INF\db\Users.odb' is closed by 1416@hello-PC

[2015-07-26 10:57:34 #6 store] 
Database 'D:\jsf work place\PurchaseSystem\build\web\WEB-INF\db\Users.odb' is opened by 1416@hello-PC

[2015-07-26 10:57:34 #7 store] 
Database 'D:\jsf work place\PurchaseSystem\build\web\WEB-INF\db\Users.odb' is closed by 1416@hello-PC

[2015-07-26 10:57:40 #8 store] 
Database 'D:\jsf work place\PurchaseSystem\build\web\WEB-INF\db\Supplier.odb' is opened by 1416@hello-PC

[2015-07-26 10:57:40 #9 type] 
Type entity.Supplier is not enhanced.

[2015-07-26 10:57:40 #10 store] 
Database 'D:\jsf work place\PurchaseSystem\build\web\WEB-INF\db\Supplier.odb' is closed by 1416@hello-PC

[2015-07-26 10:57:40 #11 store] 
Database 'D:\jsf work place\PurchaseSystem\build\web\WEB-INF\db\Supplier.odb' is opened by 1416@hello-PC

[2015-07-26 10:57:40 #12 store] 
Database 'D:\jsf work place\PurchaseSystem\build\web\WEB-INF\db\Supplier.odb' is closed by 1416@hello-PC

[2015-07-26 10:57:47 #13 store] 
Database 'D:\jsf work place\PurchaseSystem\build\web\WEB-INF\db\Order.odb' is opened by 1416@hello-PC

[2015-07-26 10:57:47 #14 store] 
Database 'D:\jsf work place\PurchaseSystem\build\web\WEB-INF\db\Order.odb' is closed by 1416@hello-PC

[2015-07-26 10:57:49 #15 store] 
Database 'D:\jsf work place\PurchaseSystem\build\web\WEB-INF\db\Order.odb' is opened by 1416@hello-PC

[2015-07-26 10:57:49 #16 store] 
Database 'D:\jsf work place\PurchaseSystem\build\web\WEB-INF\db\Order.odb' is closed by 1416@hello-PC

[2015-07-26 10:58:14 #17 store] 
Database 'D:\jsf work place\PurchaseSystem\build\web\WEB-INF\db\Order.odb' is opened by 1416@hello-PC

[2015-07-26 10:58:14 #18 store] 
Database 'D:\jsf work place\PurchaseSystem\build\web\WEB-INF\db\Order.odb' is closed by 1416@hello-PC

[2015-07-26 10:58:16 #19 store] 
Database 'D:\jsf work place\PurchaseSystem\build\web\WEB-INF\db\Order.odb' is opened by 1416@hello-PC

[2015-07-26 10:58:16 #20 store] 
Database 'D:\jsf work place\PurchaseSystem\build\web\WEB-INF\db\Order.odb' is closed by 1416@hello-PC

------------------------------------------------------------------------------------------------------------------------

[2015-07-26 11:02:38 #1 store] 
Database 'D:\jsf work place\PurchaseSystem\build\web\WEB-INF\db\Users.odb' is opened by 1416@hello-PC

[2015-07-26 11:02:38 #2 type] 
Type entity.Users is not enhanced.

[2015-07-26 11:02:38 #3 type] 
Type entity.Order is not enhanced.

[2015-07-26 11:02:38 #4 type] 
Type entity.ItemEntity is not enhanced.

[2015-07-26 11:02:38 #5 store] 
Database 'D:\jsf work place\PurchaseSystem\build\web\WEB-INF\db\Users.odb' is closed by 1416@hello-PC

[2015-07-26 11:02:39 #6 store] 
Database 'D:\jsf work place\PurchaseSystem\build\web\WEB-INF\db\Users.odb' is opened by 1416@hello-PC

[2015-07-26 11:02:39 #7 store] 
Database 'D:\jsf work place\PurchaseSystem\build\web\WEB-INF\db\Users.odb' is closed by 1416@hello-PC

[2015-07-26 11:02:47 #8 store] 
Database 'D:\jsf work place\PurchaseSystem\build\web\WEB-INF\db\Supplier.odb' is opened by 1416@hello-PC

[2015-07-26 11:02:47 #9 type] 
Type entity.Supplier is not enhanced.

[2015-07-26 11:02:47 #10 store] 
Database 'D:\jsf work place\PurchaseSystem\build\web\WEB-INF\db\Supplier.odb' is closed by 1416@hello-PC

[2015-07-26 11:02:47 #11 store] 
Database 'D:\jsf work place\PurchaseSystem\build\web\WEB-INF\db\Supplier.odb' is opened by 1416@hello-PC

[2015-07-26 11:02:47 #12 store] 
Database 'D:\jsf work place\PurchaseSystem\build\web\WEB-INF\db\Supplier.odb' is closed by 1416@hello-PC

[2015-07-26 11:02:53 #13 store] 
Database 'D:\jsf work place\PurchaseSystem\build\web\WEB-INF\db\Order.odb' is opened by 1416@hello-PC

[2015-07-26 11:02:53 #14 store] 
Database 'D:\jsf work place\PurchaseSystem\build\web\WEB-INF\db\Order.odb' is closed by 1416@hello-PC

[2015-07-26 11:02:55 #15 store] 
Database 'D:\jsf work place\PurchaseSystem\build\web\WEB-INF\db\Order.odb' is opened by 1416@hello-PC

[2015-07-26 11:02:55 #16 store] 
Database 'D:\jsf work place\PurchaseSystem\build\web\WEB-INF\db\Order.odb' is closed by 1416@hello-PC

------------------------------------------------------------------------------------------------------------------------

[2015-07-26 11:04:58 #1 store] 
Database 'D:\jsf work place\PurchaseSystem\build\web\WEB-INF\db\Users.odb' is opened by 1416@hello-PC

[2015-07-26 11:04:58 #2 type] 
Type entity.Users is not enhanced.

[2015-07-26 11:04:58 #3 type] 
Type entity.Order is not enhanced.

[2015-07-26 11:04:58 #4 type] 
Type entity.ItemEntity is not enhanced.

[2015-07-26 11:04:58 #5 store] 
Database 'D:\jsf work place\PurchaseSystem\build\web\WEB-INF\db\Users.odb' is closed by 1416@hello-PC

[2015-07-26 11:04:59 #6 store] 
Database 'D:\jsf work place\PurchaseSystem\build\web\WEB-INF\db\Users.odb' is opened by 1416@hello-PC

[2015-07-26 11:04:59 #7 store] 
Database 'D:\jsf work place\PurchaseSystem\build\web\WEB-INF\db\Users.odb' is closed by 1416@hello-PC

[2015-07-26 11:04:59 #8 store] 
Database 'D:\jsf work place\PurchaseSystem\build\web\WEB-INF\db\Users.odb' is opened by 1416@hello-PC

[2015-07-26 11:04:59 #9 store] 
Database 'D:\jsf work place\PurchaseSystem\build\web\WEB-INF\db\Users.odb' is closed by 1416@hello-PC

[2015-07-26 11:04:59 #10 store] 
Database 'D:\jsf work place\PurchaseSystem\build\web\WEB-INF\db\Users.odb' is opened by 1416@hello-PC

[2015-07-26 11:04:59 #11 store] 
Database 'D:\jsf work place\PurchaseSystem\build\web\WEB-INF\db\Users.odb' is closed by 1416@hello-PC

[2015-07-26 11:05:08 #12 store] 
Database 'D:\jsf work place\PurchaseSystem\build\web\WEB-INF\db\Supplier.odb' is opened by 1416@hello-PC

[2015-07-26 11:05:08 #13 type] 
Type entity.Supplier is not enhanced.

[2015-07-26 11:05:08 #14 store] 
Database 'D:\jsf work place\PurchaseSystem\build\web\WEB-INF\db\Supplier.odb' is closed by 1416@hello-PC

[2015-07-26 11:05:08 #15 store] 
Database 'D:\jsf work place\PurchaseSystem\build\web\WEB-INF\db\Supplier.odb' is opened by 1416@hello-PC

[2015-07-26 11:05:08 #16 store] 
Database 'D:\jsf work place\PurchaseSystem\build\web\WEB-INF\db\Supplier.odb' is closed by 1416@hello-PC

[2015-07-26 11:05:15 #17 store] 
Database 'D:\jsf work place\PurchaseSystem\build\web\WEB-INF\db\Order.odb' is opened by 1416@hello-PC

[2015-07-26 11:05:15 #18 store] 
Database 'D:\jsf work place\PurchaseSystem\build\web\WEB-INF\db\Order.odb' is closed by 1416@hello-PC

[2015-07-26 11:05:17 #19 store] 
Database 'D:\jsf work place\PurchaseSystem\build\web\WEB-INF\db\Order.odb' is opened by 1416@hello-PC

[2015-07-26 11:05:17 #20 store] 
Database 'D:\jsf work place\PurchaseSystem\build\web\WEB-INF\db\Order.odb' is closed by 1416@hello-PC

------------------------------------------------------------------------------------------------------------------------

[2015-07-26 11:44:11 #1 store] 
Database 'D:\jsf work place\PurchaseSystem\build\web\WEB-INF\db\Users.odb' is opened by 1828@hello-PC

[2015-07-26 11:44:11 #2 type] 
Type entity.Users is not enhanced.

[2015-07-26 11:44:11 #3 type] 
Type entity.Order is not enhanced.

[2015-07-26 11:44:11 #4 type] 
Type entity.ItemEntity is not enhanced.

[2015-07-26 11:44:11 #5 store] 
Database 'D:\jsf work place\PurchaseSystem\build\web\WEB-INF\db\Users.odb' is closed by 1828@hello-PC

[2015-07-26 11:44:12 #6 store] 
Database 'D:\jsf work place\PurchaseSystem\build\web\WEB-INF\db\Users.odb' is opened by 1828@hello-PC

[2015-07-26 11:44:12 #7 store] 
Database 'D:\jsf work place\PurchaseSystem\build\web\WEB-INF\db\Users.odb' is closed by 1828@hello-PC

[2015-07-26 11:44:21 #8 store] 
Database 'D:\jsf work place\PurchaseSystem\build\web\WEB-INF\db\Supplier.odb' is opened by 1828@hello-PC

[2015-07-26 11:44:21 #9 type] 
Type entity.Supplier is not enhanced.

[2015-07-26 11:44:21 #10 store] 
Database 'D:\jsf work place\PurchaseSystem\build\web\WEB-INF\db\Supplier.odb' is closed by 1828@hello-PC

[2015-07-26 11:44:22 #11 store] 
Database 'D:\jsf work place\PurchaseSystem\build\web\WEB-INF\db\Supplier.odb' is opened by 1828@hello-PC

[2015-07-26 11:44:22 #12 store] 
Database 'D:\jsf work place\PurchaseSystem\build\web\WEB-INF\db\Supplier.odb' is closed by 1828@hello-PC

[2015-07-26 11:44:32 #13 store] 
Database 'D:\jsf work place\PurchaseSystem\build\web\WEB-INF\db\Order.odb' is opened by 1828@hello-PC

[2015-07-26 11:44:32 #14 store] 
Database 'D:\jsf work place\PurchaseSystem\build\web\WEB-INF\db\Order.odb' is closed by 1828@hello-PC

------------------------------------------------------------------------------------------------------------------------

[2015-07-26 11:53:59 #1 store] 
Database 'D:\jsf work place\PurchaseSystem\build\web\WEB-INF\db\Users.odb' is opened by 1828@hello-PC

[2015-07-26 11:54:00 #2 type] 
Type entity.Users is not enhanced.

[2015-07-26 11:54:00 #3 type] 
Type entity.Order is not enhanced.

[2015-07-26 11:54:00 #4 type] 
Type entity.ItemEntity is not enhanced.

[2015-07-26 11:54:00 #5 store] 
Database 'D:\jsf work place\PurchaseSystem\build\web\WEB-INF\db\Users.odb' is closed by 1828@hello-PC

[2015-07-26 11:54:00 #6 store] 
Database 'D:\jsf work place\PurchaseSystem\build\web\WEB-INF\db\Users.odb' is opened by 1828@hello-PC

[2015-07-26 11:54:00 #7 store] 
Database 'D:\jsf work place\PurchaseSystem\build\web\WEB-INF\db\Users.odb' is closed by 1828@hello-PC

[2015-07-26 11:54:08 #8 store] 
Database 'D:\jsf work place\PurchaseSystem\build\web\WEB-INF\db\Supplier.odb' is opened by 1828@hello-PC

[2015-07-26 11:54:08 #9 type] 
Type entity.Supplier is not enhanced.

[2015-07-26 11:54:08 #10 store] 
Database 'D:\jsf work place\PurchaseSystem\build\web\WEB-INF\db\Supplier.odb' is closed by 1828@hello-PC

[2015-07-26 11:54:08 #11 store] 
Database 'D:\jsf work place\PurchaseSystem\build\web\WEB-INF\db\Supplier.odb' is opened by 1828@hello-PC

[2015-07-26 11:54:08 #12 store] 
Database 'D:\jsf work place\PurchaseSystem\build\web\WEB-INF\db\Supplier.odb' is closed by 1828@hello-PC

[2015-07-26 11:54:12 #13 store] 
Database 'D:\jsf work place\PurchaseSystem\build\web\WEB-INF\db\Order.odb' is opened by 1828@hello-PC

[2015-07-26 11:54:12 #14 store] 
Database 'D:\jsf work place\PurchaseSystem\build\web\WEB-INF\db\Order.odb' is closed by 1828@hello-PC

[2015-07-26 11:54:14 #15 store] 
Database 'D:\jsf work place\PurchaseSystem\build\web\WEB-INF\db\Users.odb' is opened by 1828@hello-PC

[2015-07-26 11:54:14 #16 store] 
Database 'D:\jsf work place\PurchaseSystem\build\web\WEB-INF\db\Users.odb' is closed by 1828@hello-PC

[2015-07-26 11:54:38 #17 store] 
Database 'D:\jsf work place\PurchaseSystem\build\web\WEB-INF\db\Order.odb' is opened by 1828@hello-PC

[2015-07-26 11:54:38 #18 store] 
Database 'D:\jsf work place\PurchaseSystem\build\web\WEB-INF\db\Order.odb' is closed by 1828@hello-PC

[2015-07-26 11:54:39 #19 store] 
Database 'D:\jsf work place\PurchaseSystem\build\web\WEB-INF\db\Users.odb' is opened by 1828@hello-PC

[2015-07-26 11:54:39 #20 store] 
Database 'D:\jsf work place\PurchaseSystem\build\web\WEB-INF\db\Users.odb' is closed by 1828@hello-PC

------------------------------------------------------------------------------------------------------------------------

[2015-07-26 12:05:14 #1 store] 
Database 'D:\jsf work place\PurchaseSystem\build\web\WEB-INF\db\Users.odb' is opened by 1828@hello-PC

[2015-07-26 12:05:14 #2 type] 
Type entity.Users is not enhanced.

[2015-07-26 12:05:14 #3 type] 
Type entity.Order is not enhanced.

[2015-07-26 12:05:14 #4 type] 
Type entity.ItemEntity is not enhanced.

[2015-07-26 12:05:14 #5 store] 
Database 'D:\jsf work place\PurchaseSystem\build\web\WEB-INF\db\Users.odb' is closed by 1828@hello-PC

[2015-07-26 12:05:14 #6 store] 
Database 'D:\jsf work place\PurchaseSystem\build\web\WEB-INF\db\Users.odb' is opened by 1828@hello-PC

[2015-07-26 12:05:15 #7 store] 
Database 'D:\jsf work place\PurchaseSystem\build\web\WEB-INF\db\Users.odb' is closed by 1828@hello-PC

[2015-07-26 12:05:19 #8 store] 
Database 'D:\jsf work place\PurchaseSystem\build\web\WEB-INF\db\Supplier.odb' is opened by 1828@hello-PC

[2015-07-26 12:05:20 #9 type] 
Type entity.Supplier is not enhanced.

[2015-07-26 12:05:20 #10 store] 
Database 'D:\jsf work place\PurchaseSystem\build\web\WEB-INF\db\Supplier.odb' is closed by 1828@hello-PC

[2015-07-26 12:05:20 #11 store] 
Database 'D:\jsf work place\PurchaseSystem\build\web\WEB-INF\db\Supplier.odb' is opened by 1828@hello-PC

[2015-07-26 12:05:20 #12 store] 
Database 'D:\jsf work place\PurchaseSystem\build\web\WEB-INF\db\Supplier.odb' is closed by 1828@hello-PC

[2015-07-26 12:05:25 #13 store] 
Database 'D:\jsf work place\PurchaseSystem\build\web\WEB-INF\db\Order.odb' is opened by 1828@hello-PC

[2015-07-26 12:05:25 #14 store] 
Database 'D:\jsf work place\PurchaseSystem\build\web\WEB-INF\db\Order.odb' is closed by 1828@hello-PC

[2015-07-26 12:05:27 #15 store] 
Database 'D:\jsf work place\PurchaseSystem\build\web\WEB-INF\db\Users.odb' is opened by 1828@hello-PC

[2015-07-26 12:05:27 #16 store] 
Database 'D:\jsf work place\PurchaseSystem\build\web\WEB-INF\db\Users.odb' is closed by 1828@hello-PC

------------------------------------------------------------------------------------------------------------------------

[2015-07-26 12:13:57 #1 store] 
Database 'D:\jsf work place\PurchaseSystem\build\web\WEB-INF\db\Users.odb' is opened by 1828@hello-PC

[2015-07-26 12:13:58 #2 type] 
Type entity.Users is not enhanced.

[2015-07-26 12:13:58 #3 type] 
Type entity.Order is not enhanced.

[2015-07-26 12:13:58 #4 type] 
Type entity.ItemEntity is not enhanced.

[2015-07-26 12:13:58 #5 store] 
Database 'D:\jsf work place\PurchaseSystem\build\web\WEB-INF\db\Users.odb' is closed by 1828@hello-PC

[2015-07-26 12:13:58 #6 store] 
Database 'D:\jsf work place\PurchaseSystem\build\web\WEB-INF\db\Users.odb' is opened by 1828@hello-PC

[2015-07-26 12:13:58 #7 store] 
Database 'D:\jsf work place\PurchaseSystem\build\web\WEB-INF\db\Users.odb' is closed by 1828@hello-PC

[2015-07-26 12:13:59 #8 store] 
Database 'D:\jsf work place\PurchaseSystem\build\web\WEB-INF\db\Users.odb' is opened by 1828@hello-PC

[2015-07-26 12:13:59 #9 store] 
Database 'D:\jsf work place\PurchaseSystem\build\web\WEB-INF\db\Users.odb' is closed by 1828@hello-PC

[2015-07-26 12:13:59 #10 store] 
Database 'D:\jsf work place\PurchaseSystem\build\web\WEB-INF\db\Users.odb' is opened by 1828@hello-PC

[2015-07-26 12:13:59 #11 store] 
Database 'D:\jsf work place\PurchaseSystem\build\web\WEB-INF\db\Users.odb' is closed by 1828@hello-PC

[2015-07-26 12:14:09 #12 store] 
Database 'D:\jsf work place\PurchaseSystem\build\web\WEB-INF\db\Order.odb' is opened by 1828@hello-PC

[2015-07-26 12:14:09 #13 store] 
Database 'D:\jsf work place\PurchaseSystem\build\web\WEB-INF\db\Order.odb' is closed by 1828@hello-PC

[2015-07-26 12:14:11 #14 store] 
Database 'D:\jsf work place\PurchaseSystem\build\web\WEB-INF\db\Supplier.odb' is opened by 1828@hello-PC

[2015-07-26 12:14:11 #15 type] 
Type entity.Supplier is not enhanced.

[2015-07-26 12:14:11 #16 store] 
Database 'D:\jsf work place\PurchaseSystem\build\web\WEB-INF\db\Supplier.odb' is closed by 1828@hello-PC

[2015-07-26 12:14:11 #17 store] 
Database 'D:\jsf work place\PurchaseSystem\build\web\WEB-INF\db\Supplier.odb' is opened by 1828@hello-PC

[2015-07-26 12:14:11 #18 store] 
Database 'D:\jsf work place\PurchaseSystem\build\web\WEB-INF\db\Supplier.odb' is closed by 1828@hello-PC

[2015-07-26 12:14:16 #19 store] 
Database 'D:\jsf work place\PurchaseSystem\build\web\WEB-INF\db\Order.odb' is opened by 1828@hello-PC

[2015-07-26 12:14:16 #20 store] 
Database 'D:\jsf work place\PurchaseSystem\build\web\WEB-INF\db\Order.odb' is closed by 1828@hello-PC

[2015-07-26 12:14:17 #21 store] 
Database 'D:\jsf work place\PurchaseSystem\build\web\WEB-INF\db\Users.odb' is opened by 1828@hello-PC

[2015-07-26 12:14:17 #22 store] 
Database 'D:\jsf work place\PurchaseSystem\build\web\WEB-INF\db\Users.odb' is closed by 1828@hello-PC

[2015-07-26 12:15:50 #23 store] 
Database 'D:\jsf work place\PurchaseSystem\build\web\WEB-INF\db\Users.odb' is opened by 1828@hello-PC

[2015-07-26 12:15:50 #24 store] 
Database 'D:\jsf work place\PurchaseSystem\build\web\WEB-INF\db\Users.odb' is closed by 1828@hello-PC

[2015-07-26 12:15:50 #25 store] 
Database 'D:\jsf work place\PurchaseSystem\build\web\WEB-INF\db\Users.odb' is opened by 1828@hello-PC

[2015-07-26 12:15:50 #26 store] 
Database 'D:\jsf work place\PurchaseSystem\build\web\WEB-INF\db\Users.odb' is closed by 1828@hello-PC

[2015-07-26 12:16:01 #27 store] 
Database 'D:\jsf work place\PurchaseSystem\build\web\WEB-INF\db\Order.odb' is opened by 1828@hello-PC

[2015-07-26 12:16:01 #28 store] 
Database 'D:\jsf work place\PurchaseSystem\build\web\WEB-INF\db\Order.odb' is closed by 1828@hello-PC

[2015-07-26 12:16:03 #29 store] 
Database 'D:\jsf work place\PurchaseSystem\build\web\WEB-INF\db\Users.odb' is opened by 1828@hello-PC

[2015-07-26 12:16:03 #30 store] 
Database 'D:\jsf work place\PurchaseSystem\build\web\WEB-INF\db\Users.odb' is closed by 1828@hello-PC

------------------------------------------------------------------------------------------------------------------------

[2015-07-26 12:17:01 #1 store] 
Database 'D:\jsf work place\PurchaseSystem\build\web\WEB-INF\db\Users.odb' is opened by 1828@hello-PC

[2015-07-26 12:17:01 #2 type] 
Type entity.Users is not enhanced.

[2015-07-26 12:17:01 #3 type] 
Type entity.Order is not enhanced.

[2015-07-26 12:17:01 #4 type] 
Type entity.ItemEntity is not enhanced.

[2015-07-26 12:17:01 #5 store] 
Database 'D:\jsf work place\PurchaseSystem\build\web\WEB-INF\db\Users.odb' is closed by 1828@hello-PC

[2015-07-26 12:17:01 #6 store] 
Database 'D:\jsf work place\PurchaseSystem\build\web\WEB-INF\db\Users.odb' is opened by 1828@hello-PC

[2015-07-26 12:17:02 #7 store] 
Database 'D:\jsf work place\PurchaseSystem\build\web\WEB-INF\db\Users.odb' is closed by 1828@hello-PC

[2015-07-26 12:17:09 #8 store] 
Database 'D:\jsf work place\PurchaseSystem\build\web\WEB-INF\db\Supplier.odb' is opened by 1828@hello-PC

[2015-07-26 12:17:09 #9 type] 
Type entity.Supplier is not enhanced.

[2015-07-26 12:17:09 #10 store] 
Database 'D:\jsf work place\PurchaseSystem\build\web\WEB-INF\db\Supplier.odb' is closed by 1828@hello-PC

[2015-07-26 12:17:10 #11 store] 
Database 'D:\jsf work place\PurchaseSystem\build\web\WEB-INF\db\Supplier.odb' is opened by 1828@hello-PC

[2015-07-26 12:17:10 #12 store] 
Database 'D:\jsf work place\PurchaseSystem\build\web\WEB-INF\db\Supplier.odb' is closed by 1828@hello-PC

[2015-07-26 12:17:15 #13 store] 
Database 'D:\jsf work place\PurchaseSystem\build\web\WEB-INF\db\Order.odb' is opened by 1828@hello-PC

[2015-07-26 12:17:15 #14 store] 
Database 'D:\jsf work place\PurchaseSystem\build\web\WEB-INF\db\Order.odb' is closed by 1828@hello-PC

[2015-07-26 12:17:17 #15 store] 
Database 'D:\jsf work place\PurchaseSystem\build\web\WEB-INF\db\Users.odb' is opened by 1828@hello-PC

[2015-07-26 12:17:17 #16 store] 
Database 'D:\jsf work place\PurchaseSystem\build\web\WEB-INF\db\Users.odb' is closed by 1828@hello-PC

[2015-07-26 12:20:50 #17 store] 
Database 'D:\jsf work place\PurchaseSystem\build\web\WEB-INF\db\Users.odb' is opened by 1828@hello-PC

[2015-07-26 12:20:50 #18 store] 
Database 'D:\jsf work place\PurchaseSystem\build\web\WEB-INF\db\Users.odb' is closed by 1828@hello-PC

[2015-07-26 12:20:50 #19 store] 
Database 'D:\jsf work place\PurchaseSystem\build\web\WEB-INF\db\Users.odb' is opened by 1828@hello-PC

[2015-07-26 12:20:50 #20 store] 
Database 'D:\jsf work place\PurchaseSystem\build\web\WEB-INF\db\Users.odb' is closed by 1828@hello-PC

[2015-07-26 12:21:29 #21 store] 
Database 'D:\jsf work place\PurchaseSystem\build\web\WEB-INF\db\Users.odb' is opened by 1828@hello-PC

[2015-07-26 12:21:29 #22 store] 
Database 'D:\jsf work place\PurchaseSystem\build\web\WEB-INF\db\Users.odb' is closed by 1828@hello-PC

[2015-07-26 12:21:29 #23 store] 
Database 'D:\jsf work place\PurchaseSystem\build\web\WEB-INF\db\Users.odb' is opened by 1828@hello-PC

[2015-07-26 12:21:29 #24 store] 
Database 'D:\jsf work place\PurchaseSystem\build\web\WEB-INF\db\Users.odb' is closed by 1828@hello-PC

[2015-07-26 12:22:08 #25 store] 
Database 'D:\jsf work place\PurchaseSystem\build\web\WEB-INF\db\Users.odb' is opened by 1828@hello-PC

[2015-07-26 12:22:08 #26 store] 
Database 'D:\jsf work place\PurchaseSystem\build\web\WEB-INF\db\Users.odb' is closed by 1828@hello-PC

[2015-07-26 12:22:08 #27 store] 
Database 'D:\jsf work place\PurchaseSystem\build\web\WEB-INF\db\Users.odb' is opened by 1828@hello-PC

[2015-07-26 12:22:08 #28 store] 
Database 'D:\jsf work place\PurchaseSystem\build\web\WEB-INF\db\Users.odb' is closed by 1828@hello-PC

------------------------------------------------------------------------------------------------------------------------

[2015-07-26 12:24:33 #1 store] 
Database 'D:\jsf work place\PurchaseSystem\build\web\WEB-INF\db\Users.odb' is opened by 1828@hello-PC

[2015-07-26 12:24:33 #2 type] 
Type entity.Users is not enhanced.

[2015-07-26 12:24:33 #3 type] 
Type entity.Order is not enhanced.

[2015-07-26 12:24:33 #4 type] 
Type entity.ItemEntity is not enhanced.

[2015-07-26 12:24:33 #5 store] 
Database 'D:\jsf work place\PurchaseSystem\build\web\WEB-INF\db\Users.odb' is closed by 1828@hello-PC

[2015-07-26 12:24:33 #6 store] 
Database 'D:\jsf work place\PurchaseSystem\build\web\WEB-INF\db\Users.odb' is opened by 1828@hello-PC

[2015-07-26 12:24:34 #7 store] 
Database 'D:\jsf work place\PurchaseSystem\build\web\WEB-INF\db\Users.odb' is closed by 1828@hello-PC

[2015-07-26 12:26:50 #8 store] 
Database 'D:\jsf work place\PurchaseSystem\build\web\WEB-INF\db\Users.odb' is opened by 1828@hello-PC

[2015-07-26 12:26:50 #9 store] 
Database 'D:\jsf work place\PurchaseSystem\build\web\WEB-INF\db\Users.odb' is closed by 1828@hello-PC

[2015-07-26 12:26:50 #10 store] 
Database 'D:\jsf work place\PurchaseSystem\build\web\WEB-INF\db\Users.odb' is opened by 1828@hello-PC

[2015-07-26 12:26:50 #11 store] 
Database 'D:\jsf work place\PurchaseSystem\build\web\WEB-INF\db\Users.odb' is closed by 1828@hello-PC

------------------------------------------------------------------------------------------------------------------------

[2015-07-26 12:30:44 #1 store] 
Database 'D:\jsf work place\PurchaseSystem\build\web\WEB-INF\db\Users.odb' is opened by 1828@hello-PC

[2015-07-26 12:30:44 #2 type] 
Type entity.Users is not enhanced.

[2015-07-26 12:30:44 #3 type] 
Type entity.Order is not enhanced.

[2015-07-26 12:30:44 #4 type] 
Type entity.ItemEntity is not enhanced.

[2015-07-26 12:30:44 #5 store] 
Database 'D:\jsf work place\PurchaseSystem\build\web\WEB-INF\db\Users.odb' is closed by 1828@hello-PC

[2015-07-26 12:30:45 #6 store] 
Database 'D:\jsf work place\PurchaseSystem\build\web\WEB-INF\db\Users.odb' is opened by 1828@hello-PC

[2015-07-26 12:30:45 #7 store] 
Database 'D:\jsf work place\PurchaseSystem\build\web\WEB-INF\db\Users.odb' is closed by 1828@hello-PC

------------------------------------------------------------------------------------------------------------------------

[2015-07-26 12:37:45 #1 store] 
Database 'D:\jsf work place\PurchaseSystem\build\web\WEB-INF\db\Users.odb' is opened by 4984@hello-PC

[2015-07-26 12:37:45 #2 type] 
Type entity.Users is not enhanced.

[2015-07-26 12:37:45 #3 type] 
Type entity.Order is not enhanced.

[2015-07-26 12:37:45 #4 type] 
Type entity.ItemEntity is not enhanced.

[2015-07-26 12:37:45 #5 store] 
Database 'D:\jsf work place\PurchaseSystem\build\web\WEB-INF\db\Users.odb' is closed by 4984@hello-PC

[2015-07-26 12:37:45 #6 store] 
Database 'D:\jsf work place\PurchaseSystem\build\web\WEB-INF\db\Users.odb' is opened by 4984@hello-PC

[2015-07-26 12:37:46 #7 store] 
Database 'D:\jsf work place\PurchaseSystem\build\web\WEB-INF\db\Users.odb' is closed by 4984@hello-PC

------------------------------------------------------------------------------------------------------------------------

[2015-07-26 12:44:06 #1 store] 
Database 'D:\jsf work place\PurchaseSystem\build\web\WEB-INF\db\Users.odb' is opened by 4984@hello-PC

[2015-07-26 12:44:06 #2 type] 
Type entity.Users is not enhanced.

[2015-07-26 12:44:06 #3 type] 
Type entity.Order is not enhanced.

[2015-07-26 12:44:06 #4 type] 
Type entity.ItemEntity is not enhanced.

[2015-07-26 12:44:06 #5 store] 
Database 'D:\jsf work place\PurchaseSystem\build\web\WEB-INF\db\Users.odb' is closed by 4984@hello-PC

[2015-07-26 12:44:07 #6 store] 
Database 'D:\jsf work place\PurchaseSystem\build\web\WEB-INF\db\Users.odb' is opened by 4984@hello-PC

[2015-07-26 12:44:07 #7 store] 
Database 'D:\jsf work place\PurchaseSystem\build\web\WEB-INF\db\Users.odb' is closed by 4984@hello-PC

[2015-07-26 12:44:51 #8 store] 
Database 'D:\jsf work place\PurchaseSystem\build\web\WEB-INF\db\Supplier.odb' is opened by 4984@hello-PC

[2015-07-26 12:44:51 #9 type] 
Type entity.Supplier is not enhanced.

[2015-07-26 12:44:51 #10 store] 
Database 'D:\jsf work place\PurchaseSystem\build\web\WEB-INF\db\Supplier.odb' is closed by 4984@hello-PC

[2015-07-26 12:44:51 #11 store] 
Database 'D:\jsf work place\PurchaseSystem\build\web\WEB-INF\db\Supplier.odb' is opened by 4984@hello-PC

[2015-07-26 12:44:51 #12 store] 
Database 'D:\jsf work place\PurchaseSystem\build\web\WEB-INF\db\Supplier.odb' is closed by 4984@hello-PC

[2015-07-26 12:47:15 #13 store] 
Database 'D:\jsf work place\PurchaseSystem\build\web\WEB-INF\db\Users.odb' is opened by 4984@hello-PC

[2015-07-26 12:47:15 #14 store] 
Database 'D:\jsf work place\PurchaseSystem\build\web\WEB-INF\db\Users.odb' is closed by 4984@hello-PC

[2015-07-26 12:47:16 #15 store] 
Database 'D:\jsf work place\PurchaseSystem\build\web\WEB-INF\db\Users.odb' is opened by 4984@hello-PC

[2015-07-26 12:47:16 #16 store] 
Database 'D:\jsf work place\PurchaseSystem\build\web\WEB-INF\db\Users.odb' is closed by 4984@hello-PC

[2015-07-26 12:49:43 #17 store] 
Database 'D:\jsf work place\PurchaseSystem\build\web\WEB-INF\db\Users.odb' is opened by 4984@hello-PC

[2015-07-26 12:49:43 #18 store] 
Database 'D:\jsf work place\PurchaseSystem\build\web\WEB-INF\db\Users.odb' is closed by 4984@hello-PC

[2015-07-26 12:49:43 #19 store] 
Database 'D:\jsf work place\PurchaseSystem\build\web\WEB-INF\db\Users.odb' is opened by 4984@hello-PC

[2015-07-26 12:49:43 #20 store] 
Database 'D:\jsf work place\PurchaseSystem\build\web\WEB-INF\db\Users.odb' is closed by 4984@hello-PC

[2015-07-26 12:51:40 #21 store] 
Database 'D:\jsf work place\PurchaseSystem\build\web\WEB-INF\db\Order.odb' is opened by 4984@hello-PC

[2015-07-26 12:51:40 #22 store] 
Database 'D:\jsf work place\PurchaseSystem\build\web\WEB-INF\db\Order.odb' is closed by 4984@hello-PC

[2015-07-26 12:51:43 #23 store] 
Database 'D:\jsf work place\PurchaseSystem\build\web\WEB-INF\db\Users.odb' is opened by 4984@hello-PC

[2015-07-26 12:51:43 #24 store] 
Database 'D:\jsf work place\PurchaseSystem\build\web\WEB-INF\db\Users.odb' is closed by 4984@hello-PC

[2015-07-26 12:53:51 #25 store] 
Database 'D:\jsf work place\PurchaseSystem\build\web\WEB-INF\db\Users.odb' is opened by 4984@hello-PC

[2015-07-26 12:53:51 #26 store] 
Database 'D:\jsf work place\PurchaseSystem\build\web\WEB-INF\db\Users.odb' is closed by 4984@hello-PC

[2015-07-26 12:53:51 #27 store] 
Database 'D:\jsf work place\PurchaseSystem\build\web\WEB-INF\db\Users.odb' is opened by 4984@hello-PC

[2015-07-26 12:53:51 #28 store] 
Database 'D:\jsf work place\PurchaseSystem\build\web\WEB-INF\db\Users.odb' is closed by 4984@hello-PC

[2015-07-26 12:54:29 #29 store] 
Database 'D:\jsf work place\PurchaseSystem\build\web\WEB-INF\db\Users.odb' is opened by 4984@hello-PC

[2015-07-26 12:54:29 #30 store] 
Database 'D:\jsf work place\PurchaseSystem\build\web\WEB-INF\db\Users.odb' is closed by 4984@hello-PC

[2015-07-26 12:54:29 #31 store] 
Database 'D:\jsf work place\PurchaseSystem\build\web\WEB-INF\db\Users.odb' is opened by 4984@hello-PC

[2015-07-26 12:54:29 #32 store] 
Database 'D:\jsf work place\PurchaseSystem\build\web\WEB-INF\db\Users.odb' is closed by 4984@hello-PC

[2015-07-26 12:57:43 #33 store] 
Database 'D:\jsf work place\PurchaseSystem\build\web\WEB-INF\db\Users.odb' is opened by 4984@hello-PC

[2015-07-26 12:57:43 #34 store] 
Database 'D:\jsf work place\PurchaseSystem\build\web\WEB-INF\db\Users.odb' is closed by 4984@hello-PC

[2015-07-26 12:57:43 #35 store] 
Database 'D:\jsf work place\PurchaseSystem\build\web\WEB-INF\db\Users.odb' is opened by 4984@hello-PC

[2015-07-26 12:57:43 #36 store] 
Database 'D:\jsf work place\PurchaseSystem\build\web\WEB-INF\db\Users.odb' is closed by 4984@hello-PC

[2015-07-26 12:58:41 #37 store] 
Database 'D:\jsf work place\PurchaseSystem\build\web\WEB-INF\db\Users.odb' is opened by 4984@hello-PC

[2015-07-26 12:58:41 #38 store] 
Database 'D:\jsf work place\PurchaseSystem\build\web\WEB-INF\db\Users.odb' is closed by 4984@hello-PC

[2015-07-26 12:58:41 #39 store] 
Database 'D:\jsf work place\PurchaseSystem\build\web\WEB-INF\db\Users.odb' is opened by 4984@hello-PC

[2015-07-26 12:58:41 #40 store] 
Database 'D:\jsf work place\PurchaseSystem\build\web\WEB-INF\db\Users.odb' is closed by 4984@hello-PC

[2015-07-26 12:59:51 #41 store] 
Database 'D:\jsf work place\PurchaseSystem\build\web\WEB-INF\db\Users.odb' is opened by 4984@hello-PC

[2015-07-26 12:59:51 #42 store] 
Database 'D:\jsf work place\PurchaseSystem\build\web\WEB-INF\db\Users.odb' is closed by 4984@hello-PC

[2015-07-26 12:59:51 #43 store] 
Database 'D:\jsf work place\PurchaseSystem\build\web\WEB-INF\db\Users.odb' is opened by 4984@hello-PC

[2015-07-26 12:59:52 #44 store] 
Database 'D:\jsf work place\PurchaseSystem\build\web\WEB-INF\db\Users.odb' is closed by 4984@hello-PC

[2015-07-26 13:00:40 #45 store] 
Database 'D:\jsf work place\PurchaseSystem\build\web\WEB-INF\db\Users.odb' is opened by 4984@hello-PC

[2015-07-26 13:00:40 #46 store] 
Database 'D:\jsf work place\PurchaseSystem\build\web\WEB-INF\db\Users.odb' is closed by 4984@hello-PC

[2015-07-26 13:00:40 #47 store] 
Database 'D:\jsf work place\PurchaseSystem\build\web\WEB-INF\db\Users.odb' is opened by 4984@hello-PC

[2015-07-26 13:00:40 #48 store] 
Database 'D:\jsf work place\PurchaseSystem\build\web\WEB-INF\db\Users.odb' is closed by 4984@hello-PC

[2015-07-26 13:01:04 #49 store] 
Database 'D:\jsf work place\PurchaseSystem\build\web\WEB-INF\db\Users.odb' is opened by 4984@hello-PC

[2015-07-26 13:01:04 #50 store] 
Database 'D:\jsf work place\PurchaseSystem\build\web\WEB-INF\db\Users.odb' is closed by 4984@hello-PC

[2015-07-26 13:01:04 #51 store] 
Database 'D:\jsf work place\PurchaseSystem\build\web\WEB-INF\db\Users.odb' is opened by 4984@hello-PC

[2015-07-26 13:01:05 #52 store] 
Database 'D:\jsf work place\PurchaseSystem\build\web\WEB-INF\db\Users.odb' is closed by 4984@hello-PC

[2015-07-26 13:04:06 #53 store] 
Database 'D:\jsf work place\PurchaseSystem\build\web\WEB-INF\db\Users.odb' is opened by 4984@hello-PC

[2015-07-26 13:04:06 #54 store] 
Database 'D:\jsf work place\PurchaseSystem\build\web\WEB-INF\db\Users.odb' is closed by 4984@hello-PC

[2015-07-26 13:04:06 #55 store] 
Database 'D:\jsf work place\PurchaseSystem\build\web\WEB-INF\db\Users.odb' is opened by 4984@hello-PC

[2015-07-26 13:04:06 #56 store] 
Database 'D:\jsf work place\PurchaseSystem\build\web\WEB-INF\db\Users.odb' is closed by 4984@hello-PC

[2015-07-26 13:04:53 #57 store] 
Database 'D:\jsf work place\PurchaseSystem\build\web\WEB-INF\db\Users.odb' is opened by 4984@hello-PC

[2015-07-26 13:04:53 #58 store] 
Database 'D:\jsf work place\PurchaseSystem\build\web\WEB-INF\db\Users.odb' is closed by 4984@hello-PC

[2015-07-26 13:04:53 #59 store] 
Database 'D:\jsf work place\PurchaseSystem\build\web\WEB-INF\db\Users.odb' is opened by 4984@hello-PC

[2015-07-26 13:04:53 #60 store] 
Database 'D:\jsf work place\PurchaseSystem\build\web\WEB-INF\db\Users.odb' is closed by 4984@hello-PC

[2015-07-26 13:08:20 #61 store] 
Database 'D:\jsf work place\PurchaseSystem\build\web\WEB-INF\db\Users.odb' is opened by 4984@hello-PC

[2015-07-26 13:08:20 #62 store] 
Database 'D:\jsf work place\PurchaseSystem\build\web\WEB-INF\db\Users.odb' is closed by 4984@hello-PC

[2015-07-26 13:08:20 #63 store] 
Database 'D:\jsf work place\PurchaseSystem\build\web\WEB-INF\db\Users.odb' is opened by 4984@hello-PC

[2015-07-26 13:08:20 #64 store] 
Database 'D:\jsf work place\PurchaseSystem\build\web\WEB-INF\db\Users.odb' is closed by 4984@hello-PC

[2015-07-26 13:08:36 #65 store] 
Database 'D:\jsf work place\PurchaseSystem\build\web\WEB-INF\db\Users.odb' is opened by 4984@hello-PC

[2015-07-26 13:08:36 #66 store] 
Database 'D:\jsf work place\PurchaseSystem\build\web\WEB-INF\db\Users.odb' is closed by 4984@hello-PC

[2015-07-26 13:08:36 #67 store] 
Database 'D:\jsf work place\PurchaseSystem\build\web\WEB-INF\db\Users.odb' is opened by 4984@hello-PC

[2015-07-26 13:08:36 #68 store] 
Database 'D:\jsf work place\PurchaseSystem\build\web\WEB-INF\db\Users.odb' is closed by 4984@hello-PC

[2015-07-26 13:09:17 #69 store] 
Database 'D:\jsf work place\PurchaseSystem\build\web\WEB-INF\db\Users.odb' is opened by 4984@hello-PC

[2015-07-26 13:09:17 #70 store] 
Database 'D:\jsf work place\PurchaseSystem\build\web\WEB-INF\db\Users.odb' is closed by 4984@hello-PC

[2015-07-26 13:09:17 #71 store] 
Database 'D:\jsf work place\PurchaseSystem\build\web\WEB-INF\db\Users.odb' is opened by 4984@hello-PC

[2015-07-26 13:09:17 #72 store] 
Database 'D:\jsf work place\PurchaseSystem\build\web\WEB-INF\db\Users.odb' is closed by 4984@hello-PC

[2015-07-26 13:09:36 #73 store] 
Database 'D:\jsf work place\PurchaseSystem\build\web\WEB-INF\db\Users.odb' is opened by 4984@hello-PC

[2015-07-26 13:09:36 #74 store] 
Database 'D:\jsf work place\PurchaseSystem\build\web\WEB-INF\db\Users.odb' is closed by 4984@hello-PC

[2015-07-26 13:09:36 #75 store] 
Database 'D:\jsf work place\PurchaseSystem\build\web\WEB-INF\db\Users.odb' is opened by 4984@hello-PC

[2015-07-26 13:09:36 #76 store] 
Database 'D:\jsf work place\PurchaseSystem\build\web\WEB-INF\db\Users.odb' is closed by 4984@hello-PC

------------------------------------------------------------------------------------------------------------------------

[2015-07-26 13:13:00 #1 store] 
Database 'D:\jsf work place\PurchaseSystem\build\web\WEB-INF\db\Users.odb' is opened by 4984@hello-PC

[2015-07-26 13:13:00 #2 type] 
Type entity.Users is not enhanced.

[2015-07-26 13:13:00 #3 type] 
Type entity.Order is not enhanced.

[2015-07-26 13:13:00 #4 type] 
Type entity.ItemEntity is not enhanced.

[2015-07-26 13:13:00 #5 store] 
Database 'D:\jsf work place\PurchaseSystem\build\web\WEB-INF\db\Users.odb' is closed by 4984@hello-PC

[2015-07-26 13:13:00 #6 store] 
Database 'D:\jsf work place\PurchaseSystem\build\web\WEB-INF\db\Users.odb' is opened by 4984@hello-PC

[2015-07-26 13:13:01 #7 store] 
Database 'D:\jsf work place\PurchaseSystem\build\web\WEB-INF\db\Users.odb' is closed by 4984@hello-PC

[2015-07-26 13:13:04 #8 store] 
Database 'D:\jsf work place\PurchaseSystem\build\web\WEB-INF\db\Order.odb' is opened by 4984@hello-PC

------------------------------------------------------------------------------------------------------------------------

[2015-07-26 13:13:45 #1 store] 
Database 'D:\jsf work place\PurchaseSystem\build\web\WEB-INF\db\Users.odb' is opened by 4984@hello-PC

[2015-07-26 13:13:46 #2 type] 
Type entity.Users is not enhanced.

[2015-07-26 13:13:46 #3 type] 
Type entity.Order is not enhanced.

[2015-07-26 13:13:46 #4 type] 
Type entity.ItemEntity is not enhanced.

[2015-07-26 13:13:46 #5 store] 
Database 'D:\jsf work place\PurchaseSystem\build\web\WEB-INF\db\Users.odb' is closed by 4984@hello-PC

[2015-07-26 13:13:46 #6 store] 
Database 'D:\jsf work place\PurchaseSystem\build\web\WEB-INF\db\Users.odb' is opened by 4984@hello-PC

[2015-07-26 13:13:46 #7 store] 
Database 'D:\jsf work place\PurchaseSystem\build\web\WEB-INF\db\Users.odb' is closed by 4984@hello-PC

[2015-07-26 13:13:51 #8 store] 
Database 'D:\jsf work place\PurchaseSystem\build\web\WEB-INF\db\Users.odb' is opened by 4984@hello-PC

[2015-07-26 13:13:51 #9 store] 
Database 'D:\jsf work place\PurchaseSystem\build\web\WEB-INF\db\Users.odb' is closed by 4984@hello-PC

[2015-07-26 13:13:51 #10 store] 
Database 'D:\jsf work place\PurchaseSystem\build\web\WEB-INF\db\Users.odb' is opened by 4984@hello-PC

[2015-07-26 13:13:51 #11 store] 
Database 'D:\jsf work place\PurchaseSystem\build\web\WEB-INF\db\Users.odb' is closed by 4984@hello-PC

[2015-07-26 13:14:07 #12 store] 
Database 'D:\jsf work place\PurchaseSystem\build\web\WEB-INF\db\Users.odb' is opened by 4984@hello-PC

[2015-07-26 13:14:08 #13 store] 
Database 'D:\jsf work place\PurchaseSystem\build\web\WEB-INF\db\Users.odb' is closed by 4984@hello-PC

[2015-07-26 13:14:08 #14 store] 
Database 'D:\jsf work place\PurchaseSystem\build\web\WEB-INF\db\Users.odb' is opened by 4984@hello-PC

[2015-07-26 13:14:08 #15 store] 
Database 'D:\jsf work place\PurchaseSystem\build\web\WEB-INF\db\Users.odb' is closed by 4984@hello-PC

[2015-07-26 13:14:34 #16 store] 
Database 'D:\jsf work place\PurchaseSystem\build\web\WEB-INF\db\Users.odb' is opened by 4984@hello-PC

[2015-07-26 13:14:34 #17 store] 
Database 'D:\jsf work place\PurchaseSystem\build\web\WEB-INF\db\Users.odb' is closed by 4984@hello-PC

[2015-07-26 13:14:34 #18 store] 
Database 'D:\jsf work place\PurchaseSystem\build\web\WEB-INF\db\Users.odb' is opened by 4984@hello-PC

[2015-07-26 13:14:34 #19 store] 
Database 'D:\jsf work place\PurchaseSystem\build\web\WEB-INF\db\Users.odb' is closed by 4984@hello-PC

[2015-07-26 13:14:40 #20 store] 
Database 'D:\jsf work place\PurchaseSystem\build\web\WEB-INF\db\Supplier.odb' is opened by 4984@hello-PC

[2015-07-26 13:14:41 #21 type] 
Type entity.Supplier is not enhanced.

[2015-07-26 13:14:41 #22 store] 
Database 'D:\jsf work place\PurchaseSystem\build\web\WEB-INF\db\Supplier.odb' is closed by 4984@hello-PC

[2015-07-26 13:14:41 #23 store] 
Database 'D:\jsf work place\PurchaseSystem\build\web\WEB-INF\db\Supplier.odb' is opened by 4984@hello-PC

[2015-07-26 13:14:41 #24 store] 
Database 'D:\jsf work place\PurchaseSystem\build\web\WEB-INF\db\Supplier.odb' is closed by 4984@hello-PC

------------------------------------------------------------------------------------------------------------------------

[2015-07-26 13:16:15 #1 store] 
Database 'D:\jsf work place\PurchaseSystem\build\web\WEB-INF\db\Users.odb' is opened by 1580@hello-PC

[2015-07-26 13:16:15 #2 type] 
Type entity.Users is not enhanced.

[2015-07-26 13:16:15 #3 type] 
Type entity.Order is not enhanced.

[2015-07-26 13:16:15 #4 type] 
Type entity.ItemEntity is not enhanced.

[2015-07-26 13:16:16 #5 store] 
Database 'D:\jsf work place\PurchaseSystem\build\web\WEB-INF\db\Users.odb' is closed by 1580@hello-PC

[2015-07-26 13:16:16 #6 store] 
Database 'D:\jsf work place\PurchaseSystem\build\web\WEB-INF\db\Users.odb' is opened by 1580@hello-PC

[2015-07-26 13:16:16 #7 store] 
Database 'D:\jsf work place\PurchaseSystem\build\web\WEB-INF\db\Users.odb' is closed by 1580@hello-PC

[2015-07-26 13:16:28 #8 store] 
Database 'D:\jsf work place\PurchaseSystem\build\web\WEB-INF\db\Supplier.odb' is opened by 1580@hello-PC

[2015-07-26 13:16:28 #9 type] 
Type entity.Supplier is not enhanced.

[2015-07-26 13:16:28 #10 store] 
Database 'D:\jsf work place\PurchaseSystem\build\web\WEB-INF\db\Supplier.odb' is closed by 1580@hello-PC

[2015-07-26 13:16:28 #11 store] 
Database 'D:\jsf work place\PurchaseSystem\build\web\WEB-INF\db\Supplier.odb' is opened by 1580@hello-PC

[2015-07-26 13:16:28 #12 store] 
Database 'D:\jsf work place\PurchaseSystem\build\web\WEB-INF\db\Supplier.odb' is closed by 1580@hello-PC

[2015-07-26 13:16:34 #13 store] 
Database 'D:\jsf work place\PurchaseSystem\build\web\WEB-INF\db\Order.odb' is opened by 1580@hello-PC

[2015-07-26 13:16:34 #14 store] 
Database 'D:\jsf work place\PurchaseSystem\build\web\WEB-INF\db\Order.odb' is closed by 1580@hello-PC

[2015-07-26 13:16:36 #15 store] 
Database 'D:\jsf work place\PurchaseSystem\build\web\WEB-INF\db\Order.odb' is opened by 1580@hello-PC

[2015-07-26 13:16:58 #16 store] 
Database 'D:\jsf work place\PurchaseSystem\build\web\WEB-INF\db\Users.odb' is opened by 1580@hello-PC

[2015-07-26 13:16:58 #17 store] 
Database 'D:\jsf work place\PurchaseSystem\build\web\WEB-INF\db\Users.odb' is closed by 1580@hello-PC

[2015-07-26 13:16:58 #18 store] 
Database 'D:\jsf work place\PurchaseSystem\build\web\WEB-INF\db\Users.odb' is opened by 1580@hello-PC

[2015-07-26 13:16:58 #19 store] 
Database 'D:\jsf work place\PurchaseSystem\build\web\WEB-INF\db\Users.odb' is closed by 1580@hello-PC

------------------------------------------------------------------------------------------------------------------------

[2015-07-26 13:17:45 #1 store] 
Database 'D:\jsf work place\PurchaseSystem\build\web\WEB-INF\db\Users.odb' is opened by 1580@hello-PC

[2015-07-26 13:17:45 #2 type] 
Type entity.Users is not enhanced.

[2015-07-26 13:17:45 #3 type] 
Type entity.Order is not enhanced.

[2015-07-26 13:17:45 #4 type] 
Type entity.ItemEntity is not enhanced.

[2015-07-26 13:17:45 #5 store] 
Database 'D:\jsf work place\PurchaseSystem\build\web\WEB-INF\db\Users.odb' is closed by 1580@hello-PC

[2015-07-26 13:17:45 #6 store] 
Database 'D:\jsf work place\PurchaseSystem\build\web\WEB-INF\db\Users.odb' is opened by 1580@hello-PC

[2015-07-26 13:17:46 #7 store] 
Database 'D:\jsf work place\PurchaseSystem\build\web\WEB-INF\db\Users.odb' is closed by 1580@hello-PC

[2015-07-26 13:18:04 #8 store] 
Database 'D:\jsf work place\PurchaseSystem\build\web\WEB-INF\db\Supplier.odb' is opened by 1580@hello-PC

[2015-07-26 13:18:05 #9 type] 
Type entity.Supplier is not enhanced.

[2015-07-26 13:18:05 #10 store] 
Database 'D:\jsf work place\PurchaseSystem\build\web\WEB-INF\db\Supplier.odb' is closed by 1580@hello-PC

[2015-07-26 13:18:05 #11 store] 
Database 'D:\jsf work place\PurchaseSystem\build\web\WEB-INF\db\Supplier.odb' is opened by 1580@hello-PC

[2015-07-26 13:18:05 #12 store] 
Database 'D:\jsf work place\PurchaseSystem\build\web\WEB-INF\db\Supplier.odb' is closed by 1580@hello-PC

------------------------------------------------------------------------------------------------------------------------

[2015-07-26 13:22:11 #1 store] 
Database 'D:\jsf work place\PurchaseSystem\build\web\WEB-INF\db\Users.odb' is opened by 1060@hello-PC

[2015-07-26 13:22:12 #2 type] 
Type entity.Users is not enhanced.

[2015-07-26 13:22:12 #3 type] 
Type entity.Order is not enhanced.

[2015-07-26 13:22:12 #4 type] 
Type entity.ItemEntity is not enhanced.

[2015-07-26 13:22:12 #5 store] 
Database 'D:\jsf work place\PurchaseSystem\build\web\WEB-INF\db\Users.odb' is closed by 1060@hello-PC

[2015-07-26 13:22:12 #6 store] 
Database 'D:\jsf work place\PurchaseSystem\build\web\WEB-INF\db\Users.odb' is opened by 1060@hello-PC

[2015-07-26 13:22:13 #7 store] 
Database 'D:\jsf work place\PurchaseSystem\build\web\WEB-INF\db\Users.odb' is closed by 1060@hello-PC

[2015-07-26 13:22:22 #8 store] 
Database 'D:\jsf work place\PurchaseSystem\build\web\WEB-INF\db\Supplier.odb' is opened by 1060@hello-PC

[2015-07-26 13:22:22 #9 type] 
Type entity.Supplier is not enhanced.

[2015-07-26 13:22:22 #10 store] 
Database 'D:\jsf work place\PurchaseSystem\build\web\WEB-INF\db\Supplier.odb' is closed by 1060@hello-PC

[2015-07-26 13:22:22 #11 store] 
Database 'D:\jsf work place\PurchaseSystem\build\web\WEB-INF\db\Supplier.odb' is opened by 1060@hello-PC

[2015-07-26 13:22:22 #12 store] 
Database 'D:\jsf work place\PurchaseSystem\build\web\WEB-INF\db\Supplier.odb' is closed by 1060@hello-PC

[2015-07-26 13:22:28 #13 store] 
Database 'D:\jsf work place\PurchaseSystem\build\web\WEB-INF\db\Order.odb' is opened by 1060@hello-PC

[2015-07-26 13:22:28 #14 store] 
Database 'D:\jsf work place\PurchaseSystem\build\web\WEB-INF\db\Order.odb' is closed by 1060@hello-PC

[2015-07-26 13:22:29 #15 store] 
Database 'D:\jsf work place\PurchaseSystem\build\web\WEB-INF\db\Order.odb' is opened by 1060@hello-PC

------------------------------------------------------------------------------------------------------------------------

[2015-07-26 13:22:50 #1 store] 
Database 'D:\jsf work place\PurchaseSystem\build\web\WEB-INF\db\Users.odb' is opened by 1060@hello-PC

[2015-07-26 13:22:50 #2 type] 
Type entity.Users is not enhanced.

[2015-07-26 13:22:50 #3 type] 
Type entity.Order is not enhanced.

[2015-07-26 13:22:50 #4 type] 
Type entity.ItemEntity is not enhanced.

[2015-07-26 13:22:51 #5 store] 
Database 'D:\jsf work place\PurchaseSystem\build\web\WEB-INF\db\Users.odb' is closed by 1060@hello-PC

[2015-07-26 13:22:51 #6 store] 
Database 'D:\jsf work place\PurchaseSystem\build\web\WEB-INF\db\Users.odb' is opened by 1060@hello-PC

[2015-07-26 13:22:51 #7 store] 
Database 'D:\jsf work place\PurchaseSystem\build\web\WEB-INF\db\Users.odb' is closed by 1060@hello-PC

------------------------------------------------------------------------------------------------------------------------

[2015-07-26 13:26:53 #1 store] 
Database 'D:\jsf work place\PurchaseSystem\build\web\WEB-INF\db\Users.odb' is opened by 4272@hello-PC

[2015-07-26 13:26:54 #2 type] 
Type entity.Users is not enhanced.

[2015-07-26 13:26:54 #3 type] 
Type entity.Order is not enhanced.

[2015-07-26 13:26:54 #4 type] 
Type entity.ItemEntity is not enhanced.

[2015-07-26 13:26:54 #5 store] 
Database 'D:\jsf work place\PurchaseSystem\build\web\WEB-INF\db\Users.odb' is closed by 4272@hello-PC

[2015-07-26 13:26:54 #6 store] 
Database 'D:\jsf work place\PurchaseSystem\build\web\WEB-INF\db\Users.odb' is opened by 4272@hello-PC

[2015-07-26 13:26:54 #7 store] 
Database 'D:\jsf work place\PurchaseSystem\build\web\WEB-INF\db\Users.odb' is closed by 4272@hello-PC

[2015-07-26 13:26:59 #8 store] 
Database 'D:\jsf work place\PurchaseSystem\build\web\WEB-INF\db\Order.odb' is opened by 4272@hello-PC

------------------------------------------------------------------------------------------------------------------------

[2015-07-26 13:33:48 #1 store] 
Database 'D:\jsf work place\PurchaseSystem\build\web\WEB-INF\db\Users.odb' is opened by 4272@hello-PC

[2015-07-26 13:33:49 #2 type] 
Type entity.Users is not enhanced.

[2015-07-26 13:33:49 #3 type] 
Type entity.Order is not enhanced.

[2015-07-26 13:33:49 #4 type] 
Type entity.ItemEntity is not enhanced.

[2015-07-26 13:33:49 #5 store] 
Database 'D:\jsf work place\PurchaseSystem\build\web\WEB-INF\db\Users.odb' is closed by 4272@hello-PC

[2015-07-26 13:33:49 #6 store] 
Database 'D:\jsf work place\PurchaseSystem\build\web\WEB-INF\db\Users.odb' is opened by 4272@hello-PC

[2015-07-26 13:33:49 #7 store] 
Database 'D:\jsf work place\PurchaseSystem\build\web\WEB-INF\db\Users.odb' is closed by 4272@hello-PC

------------------------------------------------------------------------------------------------------------------------

[2015-07-26 13:35:13 #1 store] 
Database 'D:\jsf work place\PurchaseSystem\build\web\WEB-INF\db\Users.odb' is opened by 4272@hello-PC

[2015-07-26 13:35:13 #2 type] 
Type entity.Users is not enhanced.

[2015-07-26 13:35:13 #3 type] 
Type entity.Order is not enhanced.

[2015-07-26 13:35:13 #4 type] 
Type entity.ItemEntity is not enhanced.

[2015-07-26 13:35:13 #5 store] 
Database 'D:\jsf work place\PurchaseSystem\build\web\WEB-INF\db\Users.odb' is closed by 4272@hello-PC

[2015-07-26 13:35:13 #6 store] 
Database 'D:\jsf work place\PurchaseSystem\build\web\WEB-INF\db\Users.odb' is opened by 4272@hello-PC

[2015-07-26 13:35:14 #7 store] 
Database 'D:\jsf work place\PurchaseSystem\build\web\WEB-INF\db\Users.odb' is closed by 4272@hello-PC

[2015-07-26 13:35:25 #8 store] 
Database 'D:\jsf work place\PurchaseSystem\build\web\WEB-INF\db\Supplier.odb' is opened by 4272@hello-PC

[2015-07-26 13:35:25 #9 type] 
Type entity.Supplier is not enhanced.

[2015-07-26 13:35:25 #10 store] 
Database 'D:\jsf work place\PurchaseSystem\build\web\WEB-INF\db\Supplier.odb' is closed by 4272@hello-PC

[2015-07-26 13:35:25 #11 store] 
Database 'D:\jsf work place\PurchaseSystem\build\web\WEB-INF\db\Supplier.odb' is opened by 4272@hello-PC

[2015-07-26 13:35:25 #12 store] 
Database 'D:\jsf work place\PurchaseSystem\build\web\WEB-INF\db\Supplier.odb' is closed by 4272@hello-PC

------------------------------------------------------------------------------------------------------------------------

[2015-07-26 13:35:48 #1 store] 
Database 'D:\jsf work place\PurchaseSystem\build\web\WEB-INF\db\Users.odb' is opened by 4272@hello-PC

[2015-07-26 13:35:48 #2 type] 
Type entity.Users is not enhanced.

[2015-07-26 13:35:48 #3 type] 
Type entity.Order is not enhanced.

[2015-07-26 13:35:48 #4 type] 
Type entity.ItemEntity is not enhanced.

[2015-07-26 13:35:48 #5 store] 
Database 'D:\jsf work place\PurchaseSystem\build\web\WEB-INF\db\Users.odb' is closed by 4272@hello-PC

[2015-07-26 13:35:49 #6 store] 
Database 'D:\jsf work place\PurchaseSystem\build\web\WEB-INF\db\Users.odb' is opened by 4272@hello-PC

[2015-07-26 13:35:49 #7 store] 
Database 'D:\jsf work place\PurchaseSystem\build\web\WEB-INF\db\Users.odb' is closed by 4272@hello-PC

------------------------------------------------------------------------------------------------------------------------

[2015-07-26 13:36:56 #1 store] 
Database 'D:\jsf work place\PurchaseSystem\build\web\WEB-INF\db\Users.odb' is opened by 3256@hello-PC

[2015-07-26 13:36:56 #2 type] 
Type entity.Users is not enhanced.

[2015-07-26 13:36:56 #3 type] 
Type entity.Order is not enhanced.

[2015-07-26 13:36:56 #4 type] 
Type entity.ItemEntity is not enhanced.

[2015-07-26 13:36:57 #5 store] 
Database 'D:\jsf work place\PurchaseSystem\build\web\WEB-INF\db\Users.odb' is closed by 3256@hello-PC

[2015-07-26 13:36:57 #6 store] 
Database 'D:\jsf work place\PurchaseSystem\build\web\WEB-INF\db\Users.odb' is opened by 3256@hello-PC

[2015-07-26 13:36:57 #7 store] 
Database 'D:\jsf work place\PurchaseSystem\build\web\WEB-INF\db\Users.odb' is closed by 3256@hello-PC

[2015-07-26 13:36:59 #8 store] 
Database 'D:\jsf work place\PurchaseSystem\build\web\WEB-INF\db\Order.odb' is opened by 3256@hello-PC

[2015-07-26 13:40:38 #9 store] 
Database 'D:\jsf work place\PurchaseSystem\build\web\WEB-INF\db\Users.odb' is opened by 3256@hello-PC

[2015-07-26 13:40:38 #10 store] 
Database 'D:\jsf work place\PurchaseSystem\build\web\WEB-INF\db\Users.odb' is closed by 3256@hello-PC

[2015-07-26 13:40:39 #11 store] 
Database 'D:\jsf work place\PurchaseSystem\build\web\WEB-INF\db\Users.odb' is opened by 3256@hello-PC

[2015-07-26 13:40:39 #12 store] 
Database 'D:\jsf work place\PurchaseSystem\build\web\WEB-INF\db\Users.odb' is closed by 3256@hello-PC

[2015-07-26 13:40:50 #13 store] 
Database 'D:\jsf work place\PurchaseSystem\build\web\WEB-INF\db\Supplier.odb' is opened by 3256@hello-PC

[2015-07-26 13:40:50 #14 type] 
Type entity.Supplier is not enhanced.

[2015-07-26 13:40:50 #15 store] 
Database 'D:\jsf work place\PurchaseSystem\build\web\WEB-INF\db\Supplier.odb' is closed by 3256@hello-PC

[2015-07-26 13:40:50 #16 store] 
Database 'D:\jsf work place\PurchaseSystem\build\web\WEB-INF\db\Supplier.odb' is opened by 3256@hello-PC

[2015-07-26 13:40:50 #17 store] 
Database 'D:\jsf work place\PurchaseSystem\build\web\WEB-INF\db\Supplier.odb' is closed by 3256@hello-PC

------------------------------------------------------------------------------------------------------------------------

[2015-07-26 13:45:05 #1 store] 
Database 'D:\jsf work place\PurchaseSystem\build\web\WEB-INF\db\Users.odb' is opened by 4584@hello-PC

[2015-07-26 13:45:05 #2 type] 
Type entity.Users is not enhanced.

[2015-07-26 13:45:05 #3 type] 
Type entity.Order is not enhanced.

[2015-07-26 13:45:05 #4 type] 
Type entity.ItemEntity is not enhanced.

[2015-07-26 13:45:06 #5 store] 
Database 'D:\jsf work place\PurchaseSystem\build\web\WEB-INF\db\Users.odb' is closed by 4584@hello-PC

[2015-07-26 13:45:06 #6 store] 
Database 'D:\jsf work place\PurchaseSystem\build\web\WEB-INF\db\Users.odb' is opened by 4584@hello-PC

[2015-07-26 13:45:06 #7 store] 
Database 'D:\jsf work place\PurchaseSystem\build\web\WEB-INF\db\Users.odb' is closed by 4584@hello-PC

[2015-07-26 13:45:28 #8 store] 
Database 'D:\jsf work place\PurchaseSystem\build\web\WEB-INF\db\Supplier.odb' is opened by 4584@hello-PC

[2015-07-26 13:45:28 #9 type] 
Type entity.Supplier is not enhanced.

[2015-07-26 13:45:28 #10 store] 
Database 'D:\jsf work place\PurchaseSystem\build\web\WEB-INF\db\Supplier.odb' is closed by 4584@hello-PC

[2015-07-26 13:45:28 #11 store] 
Database 'D:\jsf work place\PurchaseSystem\build\web\WEB-INF\db\Supplier.odb' is opened by 4584@hello-PC

[2015-07-26 13:45:28 #12 store] 
Database 'D:\jsf work place\PurchaseSystem\build\web\WEB-INF\db\Supplier.odb' is closed by 4584@hello-PC

[2015-07-26 13:45:50 #13 store] 
Database 'D:\jsf work place\PurchaseSystem\build\web\WEB-INF\db\Order.odb' has been recovered (tr. 50-51)

[2015-07-26 13:45:50 #14 store] 
Database 'D:\jsf work place\PurchaseSystem\build\web\WEB-INF\db\Order.odb' is opened by 4584@hello-PC

[2015-07-26 13:45:51 #15 store] 
Database 'D:\jsf work place\PurchaseSystem\build\web\WEB-INF\db\Order.odb' is closed by 4584@hello-PC

[2015-07-26 13:45:52 #16 store] 
Database 'D:\jsf work place\PurchaseSystem\build\web\WEB-INF\db\Order.odb' is opened by 4584@hello-PC

[2015-07-26 13:52:53 #17 store] 
Database 'D:\jsf work place\PurchaseSystem\build\web\WEB-INF\db\Users.odb' is opened by 4584@hello-PC

[2015-07-26 13:52:53 #18 store] 
Database 'D:\jsf work place\PurchaseSystem\build\web\WEB-INF\db\Users.odb' is closed by 4584@hello-PC

[2015-07-26 13:52:53 #19 store] 
Database 'D:\jsf work place\PurchaseSystem\build\web\WEB-INF\db\Users.odb' is opened by 4584@hello-PC

[2015-07-26 13:52:53 #20 store] 
Database 'D:\jsf work place\PurchaseSystem\build\web\WEB-INF\db\Users.odb' is closed by 4584@hello-PC

[2015-07-26 13:54:17 #21 store] 
Database 'D:\jsf work place\PurchaseSystem\build\web\WEB-INF\db\Users.odb' is opened by 4584@hello-PC

[2015-07-26 13:54:17 #22 store] 
Database 'D:\jsf work place\PurchaseSystem\build\web\WEB-INF\db\Users.odb' is closed by 4584@hello-PC

[2015-07-26 13:54:17 #23 store] 
Database 'D:\jsf work place\PurchaseSystem\build\web\WEB-INF\db\Users.odb' is opened by 4584@hello-PC

[2015-07-26 13:54:17 #24 store] 
Database 'D:\jsf work place\PurchaseSystem\build\web\WEB-INF\db\Users.odb' is closed by 4584@hello-PC

[2015-07-26 13:55:22 #25 store] 
Database 'D:\jsf work place\PurchaseSystem\build\web\WEB-INF\db\Users.odb' is opened by 4584@hello-PC

[2015-07-26 13:55:22 #26 store] 
Database 'D:\jsf work place\PurchaseSystem\build\web\WEB-INF\db\Users.odb' is closed by 4584@hello-PC

[2015-07-26 13:55:22 #27 store] 
Database 'D:\jsf work place\PurchaseSystem\build\web\WEB-INF\db\Users.odb' is opened by 4584@hello-PC

[2015-07-26 13:55:23 #28 store] 
Database 'D:\jsf work place\PurchaseSystem\build\web\WEB-INF\db\Users.odb' is closed by 4584@hello-PC

[2015-07-26 14:05:51 #29 store] 
Database 'D:\jsf work place\PurchaseSystem\build\web\WEB-INF\db\Users.odb' is opened by 4584@hello-PC

[2015-07-26 14:05:51 #30 store] 
Database 'D:\jsf work place\PurchaseSystem\build\web\WEB-INF\db\Users.odb' is closed by 4584@hello-PC

[2015-07-26 14:05:51 #31 store] 
Database 'D:\jsf work place\PurchaseSystem\build\web\WEB-INF\db\Users.odb' is opened by 4584@hello-PC

[2015-07-26 14:05:51 #32 store] 
Database 'D:\jsf work place\PurchaseSystem\build\web\WEB-INF\db\Users.odb' is closed by 4584@hello-PC

[2015-07-26 14:26:35 #33 store] 
Database 'D:\jsf work place\PurchaseSystem\build\web\WEB-INF\db\Users.odb' is opened by 4584@hello-PC

[2015-07-26 14:26:35 #34 store] 
Database 'D:\jsf work place\PurchaseSystem\build\web\WEB-INF\db\Users.odb' is closed by 4584@hello-PC

[2015-07-26 14:26:35 #35 store] 
Database 'D:\jsf work place\PurchaseSystem\build\web\WEB-INF\db\Users.odb' is opened by 4584@hello-PC

[2015-07-26 14:26:35 #36 store] 
Database 'D:\jsf work place\PurchaseSystem\build\web\WEB-INF\db\Users.odb' is closed by 4584@hello-PC

[2015-07-26 14:27:30 #37 store] 
Database 'D:\jsf work place\PurchaseSystem\build\web\WEB-INF\db\Users.odb' is opened by 4584@hello-PC

[2015-07-26 14:27:30 #38 store] 
Database 'D:\jsf work place\PurchaseSystem\build\web\WEB-INF\db\Users.odb' is closed by 4584@hello-PC

[2015-07-26 14:27:30 #39 store] 
Database 'D:\jsf work place\PurchaseSystem\build\web\WEB-INF\db\Users.odb' is opened by 4584@hello-PC

[2015-07-26 14:27:30 #40 store] 
Database 'D:\jsf work place\PurchaseSystem\build\web\WEB-INF\db\Users.odb' is closed by 4584@hello-PC

[2015-07-26 14:27:40 #41 store] 
Database 'D:\jsf work place\PurchaseSystem\build\web\WEB-INF\db\Users.odb' is opened by 4584@hello-PC

[2015-07-26 14:27:40 #42 store] 
Database 'D:\jsf work place\PurchaseSystem\build\web\WEB-INF\db\Users.odb' is closed by 4584@hello-PC

[2015-07-26 14:27:40 #43 store] 
Database 'D:\jsf work place\PurchaseSystem\build\web\WEB-INF\db\Users.odb' is opened by 4584@hello-PC

[2015-07-26 14:27:40 #44 store] 
Database 'D:\jsf work place\PurchaseSystem\build\web\WEB-INF\db\Users.odb' is closed by 4584@hello-PC

------------------------------------------------------------------------------------------------------------------------

[2015-07-26 14:30:38 #1 store] 
Database 'D:\jsf work place\PurchaseSystem\build\web\WEB-INF\db\Users.odb' is opened by 2040@hello-PC

[2015-07-26 14:30:39 #2 type] 
Type entity.Users is not enhanced.

[2015-07-26 14:30:39 #3 type] 
Type entity.Order is not enhanced.

[2015-07-26 14:30:39 #4 type] 
Type entity.ItemEntity is not enhanced.

[2015-07-26 14:30:39 #5 store] 
Database 'D:\jsf work place\PurchaseSystem\build\web\WEB-INF\db\Users.odb' is closed by 2040@hello-PC

[2015-07-26 14:30:39 #6 store] 
Database 'D:\jsf work place\PurchaseSystem\build\web\WEB-INF\db\Users.odb' is opened by 2040@hello-PC

[2015-07-26 14:30:39 #7 store] 
Database 'D:\jsf work place\PurchaseSystem\build\web\WEB-INF\db\Users.odb' is closed by 2040@hello-PC

------------------------------------------------------------------------------------------------------------------------

[2015-07-26 14:34:52 #1 store] 
Database 'C:\Users\hello\Documents\NetBeansProjects\uniliver project\build\web\WEB-INF\db\Users.odb' is opened by 3888@Omar-Hashem

[2015-07-26 14:34:52 #2 type] 
Type entity.Users is not enhanced.

[2015-07-26 14:34:52 #3 type] 
Type entity.Order is not enhanced.

[2015-07-26 14:34:52 #4 type] 
Type entity.ItemEntity is not enhanced.

[2015-07-26 14:34:52 #5 store] 
Database 'C:\Users\hello\Documents\NetBeansProjects\uniliver project\build\web\WEB-INF\db\Users.odb' is closed by 3888@Omar-Hashem

[2015-07-26 14:34:52 #6 store] 
Database 'C:\Users\hello\Documents\NetBeansProjects\uniliver project\build\web\WEB-INF\db\Users.odb' is opened by 3888@Omar-Hashem

[2015-07-26 14:34:53 #7 store] 
Database 'C:\Users\hello\Documents\NetBeansProjects\uniliver project\build\web\WEB-INF\db\Users.odb' is closed by 3888@Omar-Hashem

[2015-07-26 14:35:05 #8 store] 
Database 'C:\Users\hello\Documents\NetBeansProjects\uniliver project\build\web\WEB-INF\db\Users.odb' is opened by 3888@Omar-Hashem

[2015-07-26 14:35:05 #9 store] 
Database 'C:\Users\hello\Documents\NetBeansProjects\uniliver project\build\web\WEB-INF\db\Users.odb' is closed by 3888@Omar-Hashem

[2015-07-26 14:35:05 #10 store] 
Database 'C:\Users\hello\Documents\NetBeansProjects\uniliver project\build\web\WEB-INF\db\Users.odb' is opened by 3888@Omar-Hashem

[2015-07-26 14:35:05 #11 store] 
Database 'C:\Users\hello\Documents\NetBeansProjects\uniliver project\build\web\WEB-INF\db\Users.odb' is closed by 3888@Omar-Hashem

[2015-07-26 14:35:12 #12 store] 
Database 'C:\Users\hello\Documents\NetBeansProjects\uniliver project\build\web\WEB-INF\db\Supplier.odb' is opened by 3888@Omar-Hashem

[2015-07-26 14:35:12 #13 type] 
Type entity.Supplier is not enhanced.

[2015-07-26 14:35:12 #14 store] 
Database 'C:\Users\hello\Documents\NetBeansProjects\uniliver project\build\web\WEB-INF\db\Supplier.odb' is closed by 3888@Omar-Hashem

[2015-07-26 14:35:12 #15 store] 
Database 'C:\Users\hello\Documents\NetBeansProjects\uniliver project\build\web\WEB-INF\db\Supplier.odb' is opened by 3888@Omar-Hashem

[2015-07-26 14:35:12 #16 store] 
Database 'C:\Users\hello\Documents\NetBeansProjects\uniliver project\build\web\WEB-INF\db\Supplier.odb' is closed by 3888@Omar-Hashem

[2015-07-26 14:35:21 #17 store] 
Database 'C:\Users\hello\Documents\NetBeansProjects\uniliver project\build\web\WEB-INF\db\Order.odb' has been recovered (tr. 54-55)

[2015-07-26 14:35:21 #18 store] 
Database 'C:\Users\hello\Documents\NetBeansProjects\uniliver project\build\web\WEB-INF\db\Order.odb' is opened by 3888@Omar-Hashem

[2015-07-26 14:35:21 #19 store] 
Database 'C:\Users\hello\Documents\NetBeansProjects\uniliver project\build\web\WEB-INF\db\Order.odb' is closed by 3888@Omar-Hashem

[2015-07-26 14:35:23 #20 store] 
Database 'C:\Users\hello\Documents\NetBeansProjects\uniliver project\build\web\WEB-INF\db\Order.odb' is opened by 3888@Omar-Hashem

[2015-07-26 14:35:59 #21 store] 
Database 'C:\Users\hello\Documents\NetBeansProjects\uniliver project\build\web\WEB-INF\db\Users.odb' is opened by 3888@Omar-Hashem

[2015-07-26 14:35:59 #22 store] 
Database 'C:\Users\hello\Documents\NetBeansProjects\uniliver project\build\web\WEB-INF\db\Users.odb' is closed by 3888@Omar-Hashem

[2015-07-26 14:36:00 #23 store] 
Database 'C:\Users\hello\Documents\NetBeansProjects\uniliver project\build\web\WEB-INF\db\Users.odb' is opened by 3888@Omar-Hashem

[2015-07-26 14:36:00 #24 store] 
Database 'C:\Users\hello\Documents\NetBeansProjects\uniliver project\build\web\WEB-INF\db\Users.odb' is closed by 3888@Omar-Hashem

------------------------------------------------------------------------------------------------------------------------

[2015-07-26 14:41:28 #1 store] 
Database 'C:\Users\hello\Documents\NetBeansProjects\uniliver project\build\web\WEB-INF\db\Users.odb' is opened by 2464@Omar-Hashem

[2015-07-26 14:41:28 #2 type] 
Type entity.Users is not enhanced.

[2015-07-26 14:41:29 #3 type] 
Type entity.Order is not enhanced.

[2015-07-26 14:41:29 #4 type] 
Type entity.ItemEntity is not enhanced.

[2015-07-26 14:41:29 #5 store] 
Database 'C:\Users\hello\Documents\NetBeansProjects\uniliver project\build\web\WEB-INF\db\Users.odb' is closed by 2464@Omar-Hashem

[2015-07-26 14:41:29 #6 store] 
Database 'C:\Users\hello\Documents\NetBeansProjects\uniliver project\build\web\WEB-INF\db\Users.odb' is opened by 2464@Omar-Hashem

[2015-07-26 14:41:29 #7 store] 
Database 'C:\Users\hello\Documents\NetBeansProjects\uniliver project\build\web\WEB-INF\db\Users.odb' is closed by 2464@Omar-Hashem

